{"/Users/sullof/Projects/tron/tron-web/dist/TronWeb.node.js":{"path":"/Users/sullof/Projects/tron/tron-web/dist/TronWeb.node.js","s":{"1":1,"2":1,"3":1,"4":91,"5":58,"6":33,"7":33,"8":33,"9":33,"10":1,"11":1,"12":1,"13":114,"14":114,"15":1,"16":16,"17":16,"18":16,"19":1,"20":0,"21":0,"22":0,"23":0,"24":0,"25":0,"26":0,"27":0,"28":0,"29":0,"30":0,"31":0,"32":0,"33":0,"34":1,"35":61,"36":0,"37":721,"38":61,"39":61,"40":1,"41":114,"42":1,"43":1,"44":1,"45":1,"46":71,"47":1,"48":1,"49":1,"50":1,"51":1,"52":1,"53":1,"54":1,"55":1,"56":1,"57":1,"58":1,"59":1,"60":1,"61":1,"62":1,"63":1,"64":1,"65":1,"66":1,"67":1,"68":1,"69":1,"70":1,"71":1,"72":1,"73":1,"74":1,"75":38,"76":38,"77":38,"78":38,"79":38,"80":34,"81":37,"82":34,"83":36,"84":36,"85":36,"86":35,"87":35,"88":35,"89":35,"90":35,"91":35,"92":525,"93":35,"94":30,"95":35,"96":35,"97":35,"98":35,"99":1,"100":8,"101":8,"102":4,"103":4,"104":2,"105":2,"106":33,"107":33,"108":1,"109":32,"110":37,"111":1,"112":36,"113":36,"114":36,"115":1,"116":36,"117":80,"118":80,"119":2,"120":0,"121":2,"122":2,"123":2,"124":0,"125":40,"126":2,"127":39,"128":1,"129":38,"130":38,"131":40,"132":2,"133":39,"134":1,"135":38,"136":38,"137":41,"138":41,"139":3,"140":38,"141":1,"142":0,"143":0,"144":0,"145":0,"146":0,"147":0,"148":0,"149":0,"150":0,"151":0,"152":0,"153":0,"154":0,"155":0,"156":0,"157":0,"158":0,"159":0,"160":0,"161":0,"162":0,"163":0,"164":0,"165":0,"166":0,"167":0,"168":0,"169":0,"170":0,"171":0,"172":0,"173":0,"174":0,"175":0,"176":0,"177":0,"178":0,"179":0,"180":0,"181":0,"182":0,"183":0,"184":0,"185":0,"186":0,"187":0,"188":0,"189":0,"190":0,"191":1,"192":0,"193":0,"194":0,"195":0,"196":0,"197":0,"198":0,"199":0,"200":0,"201":0,"202":0,"203":0,"204":0,"205":0,"206":0,"207":0,"208":0,"209":0,"210":0,"211":0,"212":0,"213":0,"214":1,"215":0,"216":0,"217":0,"218":0,"219":0,"220":0,"221":0,"222":0,"223":0,"224":0,"225":0,"226":0,"227":0,"228":0,"229":0,"230":0,"231":0,"232":0,"233":0,"234":0,"235":0,"236":0,"237":0,"238":0,"239":0,"240":0,"241":0,"242":0,"243":0,"244":0,"245":0,"246":0,"247":0,"248":0,"249":39,"250":39,"251":1,"252":38,"253":2,"254":36,"255":1,"256":0,"257":0,"258":0,"259":0,"260":0,"261":0,"262":0,"263":0,"264":0,"265":0,"266":1,"267":0,"268":35,"269":36,"270":34,"271":2,"272":36,"273":2,"274":34,"275":37,"276":37,"277":1,"278":1,"279":1,"280":1,"281":1,"282":1,"283":0,"284":1,"285":1,"286":1,"287":1,"288":1,"289":1,"290":1,"291":1,"292":1,"293":1,"294":1,"295":1,"296":1,"297":1,"298":1,"299":1,"300":1,"301":0,"302":0,"303":0,"304":0,"305":0,"306":0,"307":0,"308":0,"309":0,"310":0,"311":0,"312":0,"313":0,"314":0,"315":0,"316":0,"317":0,"318":0,"319":0,"320":0,"321":1,"322":1,"323":0,"324":0,"325":0,"326":0,"327":0,"328":0,"329":0,"330":0,"331":0,"332":0,"333":0,"334":0,"335":0,"336":0,"337":0,"338":0,"339":0,"340":0,"341":0,"342":0,"343":0,"344":0,"345":1,"346":0,"347":1,"348":0,"349":0,"350":0,"351":0,"352":0,"353":0,"354":0,"355":0,"356":0,"357":0,"358":0,"359":0,"360":0,"361":0,"362":0,"363":0,"364":0,"365":0,"366":0,"367":0,"368":0,"369":0,"370":0,"371":1,"372":0,"373":0,"374":0,"375":0,"376":0,"377":0,"378":0,"379":0,"380":0,"381":0,"382":0,"383":0,"384":0,"385":0,"386":0,"387":0,"388":0,"389":0,"390":0,"391":0,"392":0,"393":0,"394":0,"395":0,"396":0,"397":0,"398":0,"399":0,"400":1,"401":0,"402":0,"403":0,"404":0,"405":0,"406":0,"407":0,"408":0,"409":0,"410":0,"411":0,"412":0,"413":0,"414":0,"415":0,"416":0,"417":0,"418":0,"419":0,"420":0,"421":0,"422":0,"423":0,"424":0,"425":0,"426":0,"427":0,"428":0,"429":0,"430":0,"431":0,"432":0,"433":0,"434":1,"435":0,"436":1,"437":0,"438":0,"439":0,"440":0,"441":0,"442":0,"443":0,"444":0,"445":0,"446":0,"447":0,"448":0,"449":0,"450":0,"451":0,"452":0,"453":0,"454":0,"455":0,"456":0,"457":0,"458":0,"459":0,"460":0,"461":0,"462":0,"463":0,"464":0,"465":0,"466":0,"467":1,"468":0,"469":0,"470":0,"471":0,"472":0,"473":0,"474":0,"475":0,"476":0,"477":0,"478":0,"479":0,"480":0,"481":0,"482":0,"483":1,"484":1,"485":1,"486":0,"487":1,"488":1,"489":1,"490":1,"491":1,"492":1,"493":1,"494":1,"495":1,"496":1,"497":1,"498":1,"499":1,"500":1,"501":1,"502":1,"503":1,"504":1,"505":1,"506":0,"507":1,"508":0,"509":0,"510":0,"511":1,"512":0,"513":0,"514":0,"515":0,"516":0,"517":0,"518":0,"519":0,"520":0,"521":0,"522":0,"523":0,"524":0,"525":0,"526":1,"527":1,"528":0,"529":0,"530":0,"531":0,"532":0,"533":0,"534":0,"535":0,"536":0,"537":0,"538":0,"539":1,"540":0,"541":0,"542":0,"543":0,"544":0,"545":0,"546":0,"547":0,"548":0,"549":0,"550":0,"551":0,"552":0,"553":0,"554":0,"555":1,"556":0,"557":0,"558":0,"559":0,"560":0,"561":0,"562":0,"563":0,"564":0,"565":0,"566":0,"567":0,"568":0,"569":0,"570":0,"571":0,"572":0,"573":0,"574":0,"575":0,"576":0,"577":0,"578":0,"579":0,"580":0,"581":0,"582":0,"583":0,"584":0,"585":0,"586":0,"587":0,"588":0,"589":0,"590":0,"591":0,"592":0,"593":0,"594":0,"595":0,"596":0,"597":0,"598":0,"599":0,"600":0,"601":0,"602":1,"603":0,"604":1,"605":0,"606":0,"607":0,"608":0,"609":0,"610":0,"611":0,"612":0,"613":0,"614":0,"615":0,"616":0,"617":0,"618":0,"619":0,"620":0,"621":0,"622":0,"623":0,"624":0,"625":0,"626":0,"627":0,"628":0,"629":0,"630":0,"631":0,"632":0,"633":0,"634":0,"635":0,"636":0,"637":0,"638":0,"639":0,"640":0,"641":0,"642":0,"643":0,"644":0,"645":0,"646":0,"647":0,"648":0,"649":0,"650":0,"651":0,"652":0,"653":0,"654":0,"655":0,"656":0,"657":0,"658":0,"659":0,"660":0,"661":0,"662":0,"663":0,"664":0,"665":0,"666":0,"667":0,"668":0,"669":0,"670":0,"671":0,"672":0,"673":0,"674":0,"675":0,"676":0,"677":0,"678":0,"679":0,"680":0,"681":0,"682":0,"683":0,"684":0,"685":0,"686":0,"687":0,"688":0,"689":0,"690":0,"691":0,"692":0,"693":0,"694":0,"695":0,"696":0,"697":0,"698":0,"699":0,"700":0,"701":0,"702":0,"703":0,"704":0,"705":0,"706":0,"707":0,"708":0,"709":0,"710":0,"711":1,"712":0,"713":1,"714":0,"715":0,"716":0,"717":0,"718":0,"719":0,"720":0,"721":0,"722":0,"723":0,"724":0,"725":0,"726":0,"727":0,"728":0,"729":0,"730":0,"731":0,"732":0,"733":0,"734":0,"735":0,"736":0,"737":0,"738":0,"739":0,"740":0,"741":0,"742":0,"743":0,"744":0,"745":0,"746":0,"747":0,"748":0,"749":0,"750":0,"751":0,"752":0,"753":0,"754":0,"755":0,"756":0,"757":0,"758":0,"759":0,"760":0,"761":0,"762":0,"763":0,"764":0,"765":0,"766":0,"767":0,"768":0,"769":0,"770":0,"771":0,"772":0,"773":0,"774":0,"775":0,"776":0,"777":0,"778":0,"779":0,"780":0,"781":0,"782":0,"783":0,"784":1,"785":0,"786":1,"787":1,"788":1,"789":1,"790":1,"791":1,"792":1,"793":1,"794":1,"795":1,"796":1,"797":1,"798":1,"799":1,"800":1,"801":1,"802":1,"803":1,"804":1,"805":83,"806":83,"807":83,"808":83,"809":83,"810":83,"811":83,"812":4,"813":79,"814":0,"815":79,"816":0,"817":79,"818":0,"819":79,"820":79,"821":79,"822":79,"823":79,"824":79,"825":79,"826":1,"827":76,"828":76,"829":1,"830":0,"831":0,"832":0,"833":0,"834":0,"835":0,"836":0,"837":0,"838":0,"839":1,"840":0,"841":0,"842":0,"843":0,"844":0,"845":0,"846":0,"847":1,"848":1,"849":1,"850":1,"851":1,"852":1,"853":1,"854":1,"855":35,"856":1,"857":1,"858":1,"859":1,"860":1,"861":1,"862":1,"863":1,"864":1,"865":1,"866":1,"867":1,"868":1,"869":1,"870":35,"871":35,"872":35,"873":0,"874":35,"875":35,"876":1,"877":0,"878":0,"879":0,"880":0,"881":0,"882":0,"883":0,"884":0,"885":0,"886":0,"887":0,"888":0,"889":0,"890":0,"891":0,"892":0,"893":0,"894":0,"895":0,"896":0,"897":0,"898":0,"899":0,"900":0,"901":0,"902":0,"903":0,"904":0,"905":0,"906":0,"907":0,"908":0,"909":0,"910":0,"911":0,"912":0,"913":0,"914":0,"915":0,"916":0,"917":0,"918":0,"919":0,"920":0,"921":0,"922":0,"923":0,"924":0,"925":0,"926":0,"927":0,"928":0,"929":0,"930":0,"931":0,"932":0,"933":0,"934":0,"935":0,"936":0,"937":0,"938":0,"939":0,"940":0,"941":0,"942":0,"943":0,"944":0,"945":0,"946":0,"947":0,"948":0,"949":0,"950":0,"951":0,"952":0,"953":0,"954":0,"955":0,"956":0,"957":0,"958":0,"959":0,"960":0,"961":0,"962":0,"963":0,"964":0,"965":0,"966":0,"967":0,"968":0,"969":0,"970":0,"971":0,"972":0,"973":0,"974":0,"975":0,"976":0,"977":0,"978":0,"979":0,"980":0,"981":0,"982":0,"983":0,"984":0,"985":0,"986":0,"987":0,"988":0,"989":0,"990":0,"991":0,"992":0,"993":0,"994":0,"995":0,"996":0,"997":0,"998":0,"999":0,"1000":0,"1001":0,"1002":0,"1003":0,"1004":0,"1005":0,"1006":0,"1007":0,"1008":0,"1009":0,"1010":0,"1011":0,"1012":0,"1013":0,"1014":0,"1015":0,"1016":0,"1017":0,"1018":0,"1019":0,"1020":0,"1021":0,"1022":0,"1023":0,"1024":0,"1025":0,"1026":0,"1027":0,"1028":0,"1029":0,"1030":0,"1031":0,"1032":0,"1033":0,"1034":0,"1035":0,"1036":0,"1037":0,"1038":0,"1039":0,"1040":0,"1041":0,"1042":0,"1043":0,"1044":0,"1045":0,"1046":0,"1047":0,"1048":0,"1049":0,"1050":0,"1051":0,"1052":0,"1053":0,"1054":0,"1055":0,"1056":0,"1057":0,"1058":0,"1059":0,"1060":0,"1061":0,"1062":0,"1063":0,"1064":0,"1065":0,"1066":0,"1067":0,"1068":0,"1069":0,"1070":0,"1071":0,"1072":0,"1073":0,"1074":0,"1075":0,"1076":0,"1077":0,"1078":0,"1079":0,"1080":0,"1081":0,"1082":0,"1083":0,"1084":0,"1085":0,"1086":0,"1087":0,"1088":0,"1089":0,"1090":0,"1091":0,"1092":0,"1093":0,"1094":0,"1095":0,"1096":0,"1097":0,"1098":0,"1099":0,"1100":0,"1101":0,"1102":0,"1103":0,"1104":0,"1105":0,"1106":0,"1107":0,"1108":0,"1109":0,"1110":0,"1111":0,"1112":0,"1113":0,"1114":0,"1115":0,"1116":0,"1117":0,"1118":0,"1119":0,"1120":0,"1121":0,"1122":0,"1123":0,"1124":0,"1125":0,"1126":0,"1127":0,"1128":0,"1129":0,"1130":0,"1131":0,"1132":0,"1133":0,"1134":0,"1135":0,"1136":0,"1137":0,"1138":0,"1139":0,"1140":0,"1141":0,"1142":0,"1143":0,"1144":0,"1145":0,"1146":0,"1147":0,"1148":0,"1149":0,"1150":0,"1151":0,"1152":0,"1153":0,"1154":0,"1155":0,"1156":0,"1157":0,"1158":0,"1159":0,"1160":0,"1161":0,"1162":0,"1163":0,"1164":0,"1165":0,"1166":0,"1167":0,"1168":0,"1169":0,"1170":0,"1171":0,"1172":0,"1173":0,"1174":0,"1175":0,"1176":0,"1177":0,"1178":0,"1179":0,"1180":0,"1181":0,"1182":0,"1183":0,"1184":0,"1185":0,"1186":0,"1187":0,"1188":0,"1189":0,"1190":0,"1191":0,"1192":0,"1193":0,"1194":0,"1195":0,"1196":0,"1197":0,"1198":0,"1199":0,"1200":0,"1201":0,"1202":0,"1203":0,"1204":0,"1205":0,"1206":0,"1207":0,"1208":0,"1209":0,"1210":0,"1211":0,"1212":0,"1213":0,"1214":0,"1215":0,"1216":0,"1217":0,"1218":0,"1219":0,"1220":0,"1221":0,"1222":0,"1223":0,"1224":0,"1225":0,"1226":0,"1227":0,"1228":0,"1229":0,"1230":0,"1231":0,"1232":0,"1233":0,"1234":1,"1235":1,"1236":1,"1237":35,"1238":1,"1239":1,"1240":1,"1241":1,"1242":1,"1243":1,"1244":1,"1245":1,"1246":1,"1247":1,"1248":1,"1249":1,"1250":1,"1251":1,"1252":1,"1253":1,"1254":1,"1255":1,"1256":35,"1257":35,"1258":35,"1259":0,"1260":35,"1261":35,"1262":1,"1263":0,"1264":0,"1265":0,"1266":0,"1267":0,"1268":0,"1269":0,"1270":0,"1271":0,"1272":0,"1273":0,"1274":0,"1275":0,"1276":0,"1277":0,"1278":0,"1279":0,"1280":0,"1281":0,"1282":0,"1283":0,"1284":0,"1285":0,"1286":0,"1287":0,"1288":0,"1289":0,"1290":0,"1291":0,"1292":0,"1293":0,"1294":0,"1295":0,"1296":0,"1297":0,"1298":0,"1299":0,"1300":0,"1301":0,"1302":0,"1303":0,"1304":0,"1305":0,"1306":0,"1307":0,"1308":0,"1309":0,"1310":0,"1311":0,"1312":0,"1313":0,"1314":0,"1315":0,"1316":0,"1317":0,"1318":0,"1319":0,"1320":0,"1321":0,"1322":0,"1323":0,"1324":0,"1325":0,"1326":0,"1327":0,"1328":0,"1329":0,"1330":0,"1331":0,"1332":0,"1333":0,"1334":0,"1335":0,"1336":0,"1337":0,"1338":0,"1339":0,"1340":0,"1341":0,"1342":0,"1343":0,"1344":0,"1345":0,"1346":0,"1347":0,"1348":0,"1349":0,"1350":0,"1351":0,"1352":0,"1353":0,"1354":0,"1355":0,"1356":0,"1357":0,"1358":0,"1359":0,"1360":0,"1361":0,"1362":0,"1363":0,"1364":0,"1365":0,"1366":0,"1367":0,"1368":0,"1369":0,"1370":0,"1371":0,"1372":0,"1373":0,"1374":1,"1375":0,"1376":0,"1377":0,"1378":0,"1379":0,"1380":0,"1381":0,"1382":0,"1383":0,"1384":0,"1385":0,"1386":0,"1387":0,"1388":0,"1389":0,"1390":0,"1391":0,"1392":0,"1393":0,"1394":0,"1395":0,"1396":0,"1397":0,"1398":0,"1399":0,"1400":0,"1401":0,"1402":0,"1403":0,"1404":0,"1405":0,"1406":0,"1407":0,"1408":0,"1409":0,"1410":0,"1411":0,"1412":0,"1413":0,"1414":0,"1415":0,"1416":0,"1417":0,"1418":0,"1419":0,"1420":0,"1421":0,"1422":0,"1423":0,"1424":0,"1425":0,"1426":0,"1427":0,"1428":0,"1429":0,"1430":0,"1431":0,"1432":0,"1433":0,"1434":0,"1435":0,"1436":0,"1437":0,"1438":0,"1439":1,"1440":0,"1441":0,"1442":0,"1443":0,"1444":0,"1445":0,"1446":0,"1447":0,"1448":0,"1449":0,"1450":0,"1451":0,"1452":0,"1453":0,"1454":0,"1455":0,"1456":0,"1457":0,"1458":0,"1459":0,"1460":0,"1461":0,"1462":0,"1463":0,"1464":0,"1465":0,"1466":0,"1467":0,"1468":0,"1469":0,"1470":0,"1471":0,"1472":0,"1473":0,"1474":0,"1475":0,"1476":0,"1477":0,"1478":0,"1479":0,"1480":0,"1481":0,"1482":0,"1483":0,"1484":0,"1485":0,"1486":0,"1487":0,"1488":0,"1489":0,"1490":0,"1491":0,"1492":0,"1493":0,"1494":0,"1495":0,"1496":0,"1497":0,"1498":0,"1499":0,"1500":0,"1501":0,"1502":0,"1503":0,"1504":0,"1505":0,"1506":0,"1507":0,"1508":0,"1509":0,"1510":0,"1511":0,"1512":0,"1513":0,"1514":0,"1515":0,"1516":0,"1517":0,"1518":0,"1519":0,"1520":0,"1521":0,"1522":0,"1523":0,"1524":0,"1525":0,"1526":0,"1527":0,"1528":0,"1529":0,"1530":0,"1531":0,"1532":0,"1533":0,"1534":0,"1535":0,"1536":0,"1537":0,"1538":0,"1539":0,"1540":0,"1541":0,"1542":0,"1543":0,"1544":0,"1545":0,"1546":0,"1547":0,"1548":0,"1549":0,"1550":0,"1551":0,"1552":0,"1553":0,"1554":0,"1555":0,"1556":0,"1557":0,"1558":0,"1559":0,"1560":0,"1561":0,"1562":0,"1563":0,"1564":0,"1565":0,"1566":0,"1567":0,"1568":0,"1569":0,"1570":0,"1571":0,"1572":0,"1573":0,"1574":0,"1575":0,"1576":0,"1577":0,"1578":0,"1579":0,"1580":0,"1581":0,"1582":0,"1583":0,"1584":0,"1585":0,"1586":0,"1587":0,"1588":0,"1589":0,"1590":0,"1591":0,"1592":0,"1593":0,"1594":0,"1595":0,"1596":0,"1597":0,"1598":0,"1599":0,"1600":0,"1601":0,"1602":0,"1603":0,"1604":0,"1605":0,"1606":0,"1607":0,"1608":0,"1609":0,"1610":0,"1611":0,"1612":0,"1613":0,"1614":0,"1615":0,"1616":0,"1617":0,"1618":0,"1619":0,"1620":0,"1621":0,"1622":0,"1623":1,"1624":0,"1625":0,"1626":0,"1627":0,"1628":0,"1629":0,"1630":0,"1631":0,"1632":0,"1633":0,"1634":0,"1635":0,"1636":0,"1637":0,"1638":0,"1639":0,"1640":0,"1641":0,"1642":0,"1643":0,"1644":0,"1645":0,"1646":0,"1647":0,"1648":0,"1649":0,"1650":0,"1651":0,"1652":0,"1653":0,"1654":0,"1655":0,"1656":0,"1657":0,"1658":0,"1659":0,"1660":0,"1661":0,"1662":0,"1663":1,"1664":0,"1665":1,"1666":0,"1667":0,"1668":0,"1669":0,"1670":0,"1671":0,"1672":0,"1673":0,"1674":0,"1675":0,"1676":0,"1677":0,"1678":0,"1679":0,"1680":0,"1681":0,"1682":0,"1683":0,"1684":0,"1685":0,"1686":0,"1687":0,"1688":0,"1689":0,"1690":0,"1691":0,"1692":0,"1693":0,"1694":0,"1695":0,"1696":0,"1697":0,"1698":0,"1699":0,"1700":0,"1701":0,"1702":0,"1703":0,"1704":0,"1705":0,"1706":0,"1707":0,"1708":0,"1709":0,"1710":1,"1711":0,"1712":0,"1713":0,"1714":0,"1715":0,"1716":0,"1717":1,"1718":1,"1719":1,"1720":35,"1721":1,"1722":1,"1723":1,"1724":1,"1725":1,"1726":35,"1727":1,"1728":1,"1729":0,"1730":1,"1731":1,"1732":1,"1733":1,"1734":1,"1735":0,"1736":0,"1737":0,"1738":0,"1739":0,"1740":0,"1741":1,"1742":1,"1743":36,"1744":1,"1745":36,"1746":1,"1747":36,"1748":1,"1749":1,"1750":1,"1751":1,"1752":1,"1753":1,"1754":1,"1755":1,"1756":40,"1757":1,"1758":70,"1759":1,"1760":1,"1761":1,"1762":1,"1763":1,"1764":58,"1765":1,"1766":1,"1767":40,"1768":0,"1769":40,"1770":40,"1771":40,"1772":40,"1773":1000,"1774":16600,"1775":1000,"1776":1000,"1777":1000,"1778":16600,"1779":16600,"1780":16600,"1781":1000,"1782":1320,"1783":1320,"1784":40,"1785":0,"1786":40,"1787":1360,"1788":1,"1789":70,"1790":0,"1791":70,"1792":70,"1793":70,"1794":70,"1795":2380,"1796":2380,"1797":0,"1798":2380,"1799":29680,"1800":2380,"1801":2380,"1802":2380,"1803":29680,"1804":29680,"1805":29680,"1806":2380,"1807":1680,"1808":1680,"1809":70,"1810":0,"1811":70,"1812":1,"1813":1,"1814":0,"1815":1,"1816":1,"1817":1,"1818":0,"1819":0,"1820":0,"1821":0,"1822":0,"1823":0,"1824":0,"1825":0,"1826":0,"1827":0,"1828":0,"1829":0,"1830":0,"1831":0,"1832":0,"1833":0,"1834":0,"1835":0,"1836":0,"1837":0,"1838":0,"1839":0,"1840":0,"1841":0,"1842":0,"1843":0,"1844":0,"1845":0,"1846":0,"1847":0,"1848":0,"1849":0,"1850":0,"1851":0,"1852":0,"1853":0,"1854":0,"1855":0,"1856":0,"1857":0,"1858":0,"1859":0,"1860":0,"1861":0,"1862":0,"1863":0,"1864":0,"1865":0,"1866":0,"1867":0,"1868":0,"1869":0,"1870":0,"1871":0,"1872":0,"1873":0,"1874":0,"1875":0,"1876":0,"1877":0,"1878":0,"1879":0,"1880":0,"1881":0,"1882":0,"1883":0,"1884":0,"1885":0,"1886":0,"1887":0,"1888":0,"1889":0,"1890":0,"1891":0,"1892":0,"1893":0,"1894":0,"1895":0,"1896":0,"1897":0,"1898":0,"1899":0,"1900":0,"1901":0,"1902":0,"1903":0,"1904":0,"1905":0,"1906":0,"1907":0,"1908":0,"1909":0,"1910":0,"1911":0,"1912":0,"1913":0,"1914":0,"1915":0,"1916":0,"1917":0,"1918":0,"1919":0,"1920":0,"1921":0,"1922":0,"1923":0,"1924":0,"1925":0,"1926":0,"1927":0,"1928":0,"1929":0,"1930":0,"1931":0,"1932":0,"1933":0,"1934":0,"1935":0,"1936":0,"1937":0,"1938":0,"1939":0,"1940":0,"1941":0,"1942":0,"1943":0,"1944":0,"1945":0,"1946":0,"1947":0,"1948":0,"1949":0,"1950":0,"1951":0,"1952":0,"1953":0,"1954":0,"1955":0,"1956":0,"1957":0,"1958":0,"1959":1,"1960":1,"1961":0,"1962":1,"1963":0,"1964":1,"1965":0,"1966":1,"1967":0,"1968":1,"1969":220,"1970":1,"1971":1,"1972":1,"1973":1,"1974":5830,"1975":5830,"1976":5830,"1977":5830,"1978":5830,"1979":1,"1980":0,"1981":0,"1982":0,"1983":0,"1984":0,"1985":0,"1986":0,"1987":0,"1988":0,"1989":0,"1990":0,"1991":0,"1992":0,"1993":0,"1994":0,"1995":1,"1996":0,"1997":0,"1998":0,"1999":0,"2000":0,"2001":0,"2002":1,"2003":0,"2004":1,"2005":220,"2006":220,"2007":5830,"2008":220,"2009":1,"2010":1,"2011":0,"2012":1,"2013":0,"2014":1,"2015":0,"2016":1,"2017":0,"2018":1,"2019":0,"2020":1,"2021":0,"2022":1,"2023":0,"2024":1,"2025":333,"2026":1,"2027":0,"2028":1,"2029":34,"2030":1,"2031":0,"2032":1,"2033":0,"2034":1,"2035":0,"2036":1,"2037":0,"2038":1,"2039":0,"2040":1,"2041":1,"2042":1,"2043":1,"2044":1,"2045":1,"2046":0,"2047":1,"2048":0,"2049":0,"2050":0,"2051":0,"2052":0,"2053":0,"2054":0,"2055":1,"2056":0,"2057":0,"2058":0,"2059":0,"2060":0,"2061":0,"2062":0,"2063":0,"2064":0,"2065":0,"2066":0,"2067":0,"2068":0,"2069":0,"2070":0,"2071":0,"2072":0,"2073":0,"2074":0,"2075":0,"2076":1,"2077":0,"2078":0,"2079":0,"2080":0,"2081":0,"2082":0,"2083":0,"2084":0,"2085":0,"2086":0,"2087":0,"2088":0,"2089":0,"2090":0,"2091":0,"2092":1,"2093":0,"2094":0,"2095":0,"2096":0,"2097":0,"2098":0,"2099":0,"2100":1,"2101":22745,"2102":22745,"2103":0,"2104":22745,"2105":9220,"2106":13525,"2107":13525,"2108":22745,"2109":1,"2110":22748,"2111":22745,"2112":3,"2113":1,"2114":333,"2115":333,"2116":333,"2117":333,"2118":333,"2119":22748,"2120":22748,"2121":22745,"2122":22745,"2123":22745,"2124":22745,"2125":11372,"2126":11372,"2127":333,"2128":1,"2129":714,"2130":714,"2131":714,"2132":714,"2133":714,"2134":1,"2135":34,"2136":714,"2137":1,"2138":0,"2139":0,"2140":0,"2141":1,"2142":0,"2143":0,"2144":0,"2145":1,"2146":0,"2147":0,"2148":0,"2149":0,"2150":0,"2151":0,"2152":0,"2153":0,"2154":0,"2155":0,"2156":0,"2157":0,"2158":1,"2159":0,"2160":0,"2161":0,"2162":1,"2163":0,"2164":0,"2165":0,"2166":0,"2167":0,"2168":0,"2169":0,"2170":0,"2171":0,"2172":0,"2173":0,"2174":0,"2175":0,"2176":0,"2177":0,"2178":0,"2179":0,"2180":0,"2181":0,"2182":0,"2183":0,"2184":0,"2185":0,"2186":0,"2187":0,"2188":1,"2189":1,"2190":4,"2191":1,"2192":34,"2193":1,"2194":0,"2195":1,"2196":0,"2197":1,"2198":0,"2199":1,"2200":0,"2201":1,"2202":0,"2203":1,"2204":0,"2205":1,"2206":0,"2207":1,"2208":0,"2209":1,"2210":36,"2211":1,"2212":0,"2213":1,"2214":0,"2215":1,"2216":0,"2217":1,"2218":0,"2219":1,"2220":0,"2221":1,"2222":0,"2223":1,"2224":0,"2225":1,"2226":37,"2227":1,"2228":1,"2229":1,"2230":1,"2231":1,"2232":1,"2233":1,"2234":1,"2235":1,"2236":1,"2237":1,"2238":1,"2239":1,"2240":1,"2241":1,"2242":40,"2243":40,"2244":40,"2245":40,"2246":40,"2247":1,"2248":34,"2249":0,"2250":34,"2251":0,"2252":34,"2253":34,"2254":0,"2255":34,"2256":34,"2257":34,"2258":34,"2259":34,"2260":34,"2261":34,"2262":34,"2263":34,"2264":0,"2265":1,"2266":0,"2267":0,"2268":0,"2269":0,"2270":0,"2271":0,"2272":1,"2273":0,"2274":1,"2275":0,"2276":0,"2277":0,"2278":0,"2279":0,"2280":1,"2281":0,"2282":0,"2283":0,"2284":0,"2285":1,"2286":0,"2287":0,"2288":0,"2289":0,"2290":0,"2291":0,"2292":0,"2293":1,"2294":36,"2295":36,"2296":36,"2297":36,"2298":36,"2299":1,"2300":37,"2301":36,"2302":1,"2303":0,"2304":0,"2305":0,"2306":0,"2307":0,"2308":0,"2309":0,"2310":0,"2311":0,"2312":1,"2313":36,"2314":0,"2315":36,"2316":0,"2317":36,"2318":36,"2319":0,"2320":36,"2321":0,"2322":36,"2323":36,"2324":36,"2325":36,"2326":36,"2327":36,"2328":36,"2329":0,"2330":1,"2331":0,"2332":0,"2333":0,"2334":0,"2335":1,"2336":0,"2337":0,"2338":0,"2339":0,"2340":0,"2341":1,"2342":0,"2343":0,"2344":0,"2345":0,"2346":0,"2347":1,"2348":37,"2349":37,"2350":37,"2351":37,"2352":37,"2353":37,"2354":36,"2355":0,"2356":36,"2357":36,"2358":0,"2359":36,"2360":36,"2361":36,"2362":1,"2363":0,"2364":0,"2365":0,"2366":0,"2367":0,"2368":0,"2369":0,"2370":0,"2371":0,"2372":0,"2373":0,"2374":0,"2375":0,"2376":0,"2377":0,"2378":1,"2379":220,"2380":220,"2381":220,"2382":220,"2383":220,"2384":1,"2385":0,"2386":0,"2387":0,"2388":1,"2389":37,"2390":37,"2391":36,"2392":1,"2393":1,"2394":1,"2395":1,"2396":1,"2397":1,"2398":1,"2399":1,"2400":1,"2401":1,"2402":1,"2403":1,"2404":1,"2405":1,"2406":1,"2407":122,"2408":79,"2409":0,"2410":0,"2411":0,"2412":0,"2413":0,"2414":0,"2415":194,"2416":0,"2417":72,"2418":4,"2419":2,"2420":0,"2421":0,"2422":0,"2423":0,"2424":0,"2425":0,"2426":0,"2427":0,"2428":0,"2429":0,"2430":0,"2431":0,"2432":105,"2433":105,"2434":0,"2435":0,"2436":0,"2437":0,"2438":0,"2439":0,"2440":0,"2441":0,"2442":0,"2443":0,"2444":0,"2445":0,"2446":0,"2447":0,"2448":1,"2449":1,"2450":1,"2451":1,"2452":1,"2453":1,"2454":1,"2455":1,"2456":1,"2457":1,"2458":1,"2459":1,"2460":1,"2461":1,"2462":1,"2463":1,"2464":1,"2465":1},"b":{"1":[58,33],"2":[114,0],"3":[16,0],"4":[16,16],"5":[0,0],"6":[0,0],"7":[0,0],"8":[0,0,0,0],"9":[0,0],"10":[0,0],"11":[0,61],"12":[61,61],"13":[35,3],"14":[38,35],"15":[30,8],"16":[38,30],"17":[34,4],"18":[34,3],"19":[30,5],"20":[7,1],"21":[8,7],"22":[4,4],"23":[8,7,6,5],"24":[2,2],"25":[4,2],"26":[1,36],"27":[1,35],"28":[36,4],"29":[0,2],"30":[2,38],"31":[1,38],"32":[2,38],"33":[1,38],"34":[41,0],"35":[41,41],"36":[3,38],"37":[41,39],"38":[0,0],"39":[0,0],"40":[0,0],"41":[0,0],"42":[0,0],"43":[0,0],"44":[0,0],"45":[0,0],"46":[0,0],"47":[0,0],"48":[0,0],"49":[0,0],"50":[0,0],"51":[0,0],"52":[0,0],"53":[0,0],"54":[0,0],"55":[0,0],"56":[0,0],"57":[0,0],"58":[0,0],"59":[0,0,0],"60":[0,0],"61":[0,0],"62":[0,0],"63":[0,0],"64":[0,0],"65":[0,0],"66":[0,0],"67":[0,0],"68":[0,0],"69":[0,0,0],"70":[0,0],"71":[0,0],"72":[0,0],"73":[0,0],"74":[0,0,0,0,0,0,0],"75":[0,0],"76":[0,0],"77":[0,0],"78":[0,0],"79":[0,0],"80":[0,0],"81":[0,0],"82":[0,0],"83":[0,0],"84":[0,0],"85":[0,0],"86":[0,0],"87":[0,0],"88":[0,0],"89":[0,0],"90":[0,0],"91":[0,0],"92":[0,0,0],"93":[39,0],"94":[39,39],"95":[1,38],"96":[2,36],"97":[0,0,0],"98":[0,0],"99":[0,0],"100":[0,0],"101":[34,2],"102":[2,34],"103":[0,0],"104":[0,0],"105":[0,0],"106":[0,0],"107":[0,0],"108":[0,0],"109":[0,0],"110":[0,0],"111":[0,0],"112":[0,0,0,0],"113":[0,0],"114":[0,0],"115":[0,0],"116":[0,0,0,0,0,0],"117":[0,0],"118":[0,0],"119":[0,0],"120":[0,0],"121":[0,0],"122":[0,0],"123":[0,0],"124":[0,0],"125":[0,0],"126":[0,0,0,0,0,0,0,0,0],"127":[0,0],"128":[0,0],"129":[0,0],"130":[0,0],"131":[0,0],"132":[0,0],"133":[0,0],"134":[0,0,0,0,0,0,0],"135":[0,0],"136":[0,0],"137":[0,0],"138":[0,0],"139":[0,0],"140":[0,0],"141":[0,0],"142":[0,0],"143":[0,0],"144":[0,0],"145":[0,0],"146":[0,0],"147":[0,0],"148":[0,0],"149":[0,0],"150":[0,0],"151":[0,0],"152":[0,0],"153":[0,0,0,0,0,0,0,0],"154":[0,0],"155":[0,0],"156":[0,0],"157":[0,0],"158":[0,0],"159":[0,0],"160":[0,0],"161":[0,0],"162":[0,0],"163":[0,0],"164":[0,0],"165":[0,0],"166":[0,0],"167":[0,0,0,0,0,0,0,0,0,0,0,0,0,0,0,0],"168":[0,0],"169":[0,0],"170":[0,0],"171":[0,0],"172":[0,0],"173":[0,0],"174":[0,0],"175":[0,0],"176":[0,0],"177":[0,0],"178":[0,0],"179":[0,0],"180":[0,0],"181":[0,0],"182":[0,0],"183":[0,0],"184":[0,0],"185":[0,0],"186":[0,0],"187":[0,0,0,0,0,0,0,0],"188":[0,0],"189":[0,0],"190":[0,0],"191":[0,0],"192":[0,0],"193":[0,0],"194":[0,0],"195":[0,0],"196":[0,0,0,0,0,0,0,0],"197":[0,0],"198":[0,0],"199":[0,0],"200":[0,0],"201":[0,0],"202":[0,0],"203":[0,0,0,0,0],"204":[0,0],"205":[0,0],"206":[0,0],"207":[0,0],"208":[0,0],"209":[0,83],"210":[83,0],"211":[0,83],"212":[83,0],"213":[0,83],"214":[83,0],"215":[0,83],"216":[83,0],"217":[0,83],"218":[83,0],"219":[4,79],"220":[0,79],"221":[79,79],"222":[0,79],"223":[0,79],"224":[79,0],"225":[76,0],"226":[76,76],"227":[0,0,0],"228":[0,0],"229":[0,0],"230":[0,0],"231":[0,0],"232":[0,0],"233":[0,0],"234":[0,0],"235":[0,0],"236":[35,0],"237":[35,35],"238":[0,35],"239":[35,35],"240":[0,0],"241":[0,0],"242":[0,0],"243":[0,0],"244":[0,0],"245":[0,0],"246":[0,0],"247":[0,0],"248":[0,0],"249":[0,0],"250":[0,0],"251":[0,0],"252":[0,0],"253":[0,0],"254":[0,0],"255":[0,0],"256":[0,0],"257":[0,0],"258":[0,0],"259":[0,0],"260":[0,0],"261":[0,0],"262":[0,0],"263":[0,0],"264":[0,0],"265":[0,0],"266":[0,0],"267":[0,0],"268":[0,0],"269":[0,0],"270":[0,0],"271":[0,0],"272":[0,0],"273":[0,0],"274":[0,0],"275":[0,0],"276":[0,0],"277":[0,0],"278":[0,0],"279":[0,0],"280":[0,0],"281":[0,0],"282":[0,0],"283":[0,0],"284":[0,0],"285":[0,0],"286":[0,0],"287":[0,0],"288":[0,0],"289":[0,0],"290":[0,0],"291":[0,0],"292":[0,0],"293":[0,0],"294":[0,0],"295":[0,0],"296":[0,0],"297":[0,0],"298":[0,0],"299":[0,0],"300":[0,0],"301":[0,0],"302":[0,0],"303":[0,0],"304":[0,0],"305":[0,0],"306":[0,0],"307":[0,0],"308":[0,0],"309":[0,0],"310":[0,0],"311":[0,0],"312":[0,0],"313":[0,0],"314":[0,0],"315":[0,0],"316":[0,0],"317":[0,0],"318":[0,0],"319":[0,0],"320":[0,0],"321":[0,0],"322":[0,0],"323":[0,0],"324":[0,0],"325":[0,0],"326":[0,0],"327":[0,0],"328":[0,0],"329":[0,0],"330":[0,0],"331":[0,0],"332":[0,0],"333":[0,0],"334":[0,0],"335":[0,0],"336":[0,0],"337":[0,0],"338":[0,0],"339":[0,0],"340":[0,0],"341":[0,0],"342":[0,0],"343":[0,0],"344":[0,0],"345":[0,0],"346":[0,0],"347":[0,0],"348":[0,0],"349":[0,0],"350":[0,0],"351":[0,0],"352":[0,0],"353":[0,0],"354":[0,0],"355":[0,0],"356":[0,0],"357":[0,0],"358":[0,0],"359":[0,0],"360":[0,0],"361":[0,0],"362":[0,0],"363":[0,0],"364":[0,0],"365":[0,0],"366":[0,0],"367":[0,0],"368":[0,0],"369":[0,0],"370":[0,0],"371":[0,0],"372":[0,0],"373":[0,0],"374":[0,0],"375":[0,0],"376":[0,0,0],"377":[0,0],"378":[0,0],"379":[0,0],"380":[0,0],"381":[0,0],"382":[0,0],"383":[0,0],"384":[0,0,0],"385":[0,0],"386":[0,0],"387":[0,0],"388":[0,0],"389":[0,0,0],"390":[0,0],"391":[0,0],"392":[0,0],"393":[0,0],"394":[0,0],"395":[0,0],"396":[0,0],"397":[0,0],"398":[0,0],"399":[0,0],"400":[0,0],"401":[0,0],"402":[0,0],"403":[0,0],"404":[0,0],"405":[0,0],"406":[0,0],"407":[0,0],"408":[0,0],"409":[0,0],"410":[0,0],"411":[0,0],"412":[0,0],"413":[0,0,0],"414":[0,0],"415":[0,0],"416":[0,0],"417":[0,0],"418":[0,0,0],"419":[0,0],"420":[0,0],"421":[0,0],"422":[0,0],"423":[0,0],"424":[0,0],"425":[0,0],"426":[0,0],"427":[0,0],"428":[0,0],"429":[0,0],"430":[0,0],"431":[0,0],"432":[0,0],"433":[0,0],"434":[0,0],"435":[0,0],"436":[0,0],"437":[0,0],"438":[0,0],"439":[0,0],"440":[0,0],"441":[0,0],"442":[0,0],"443":[0,0],"444":[0,0],"445":[0,0],"446":[0,0],"447":[0,0],"448":[0,0],"449":[0,0],"450":[0,0],"451":[0,0],"452":[0,0],"453":[0,0],"454":[0,0],"455":[0,0],"456":[0,0],"457":[0,0],"458":[0,0],"459":[0,0],"460":[0,0],"461":[0,0],"462":[0,0,0],"463":[0,0],"464":[0,0],"465":[0,0],"466":[0,0,0,0],"467":[0,0],"468":[0,0,0,0],"469":[0,0],"470":[0,0,0,0],"471":[0,0],"472":[0,0],"473":[0,0],"474":[0,0],"475":[0,0],"476":[0,0],"477":[0,0],"478":[0,0],"479":[0,0],"480":[0,0],"481":[0,0],"482":[0,0],"483":[0,0],"484":[0,0],"485":[0,0],"486":[0,0],"487":[0,0],"488":[0,0],"489":[0,0],"490":[0,0,0,0],"491":[0,0],"492":[0,0],"493":[0,0],"494":[0,0],"495":[35,0],"496":[35,35],"497":[0,35],"498":[35,35],"499":[0,0],"500":[0,0],"501":[0,0],"502":[0,0],"503":[0,0],"504":[0,0],"505":[0,0],"506":[0,0],"507":[0,0],"508":[0,0],"509":[0,0],"510":[0,0],"511":[0,0],"512":[0,0],"513":[0,0],"514":[0,0],"515":[0,0],"516":[0,0],"517":[0,0],"518":[0,0],"519":[0,0],"520":[0,0],"521":[0,0],"522":[0,0],"523":[0,0],"524":[0,0],"525":[0,0],"526":[0,0],"527":[0,0],"528":[0,0],"529":[0,0],"530":[0,0],"531":[0,0],"532":[0,0],"533":[0,0],"534":[0,0],"535":[0,0],"536":[0,0],"537":[0,0],"538":[0,0],"539":[0,0],"540":[0,0],"541":[0,0],"542":[0,0],"543":[0,0],"544":[0,0],"545":[0,0],"546":[0,0],"547":[0,0],"548":[0,0],"549":[0,0],"550":[0,0],"551":[0,0],"552":[0,0],"553":[0,0],"554":[0,0],"555":[0,0],"556":[0,0],"557":[0,0],"558":[0,0],"559":[0,0],"560":[0,0],"561":[0,0],"562":[0,0],"563":[0,0],"564":[0,0],"565":[0,0],"566":[0,0],"567":[0,0],"568":[0,0],"569":[0,0],"570":[0,0],"571":[0,0],"572":[0,0],"573":[0,0],"574":[0,0],"575":[0,0],"576":[0,0,0,0,0,0,0,0,0,0,0,0],"577":[0,0],"578":[0,0],"579":[0,0],"580":[0,0],"581":[0,0],"582":[0,0],"583":[0,0],"584":[0,0],"585":[0,0],"586":[0,0],"587":[0,0],"588":[0,0],"589":[0,0],"590":[0,0],"591":[0,0],"592":[0,0],"593":[0,0],"594":[0,0],"595":[0,0],"596":[0,0,0,0],"597":[0,0],"598":[0,0],"599":[0,0],"600":[0,0],"601":[0,0],"602":[0,0],"603":[0,0],"604":[0,0],"605":[0,0],"606":[0,0],"607":[0,0],"608":[0,0],"609":[0,0],"610":[0,0],"611":[0,0],"612":[0,0],"613":[0,0],"614":[0,0],"615":[0,0],"616":[0,0],"617":[0,0],"618":[0,0],"619":[0,0],"620":[0,0],"621":[0,0],"622":[0,0],"623":[0,0],"624":[0,0],"625":[0,0],"626":[0,0],"627":[0,0],"628":[0,0],"629":[0,0],"630":[0,0],"631":[0,0],"632":[0,0],"633":[0,0],"634":[0,0],"635":[0,0],"636":[0,0],"637":[0,0],"638":[0,0],"639":[0,0],"640":[0,0],"641":[0,0],"642":[0,0],"643":[0,0],"644":[0,0],"645":[0,0],"646":[0,0],"647":[0,0],"648":[0,0],"649":[0,0],"650":[0,0],"651":[0,0],"652":[0,0],"653":[0,0],"654":[0,0],"655":[0,0],"656":[0,0],"657":[0,0],"658":[0,0],"659":[0,0],"660":[0,0],"661":[0,0],"662":[0,0],"663":[0,0],"664":[0,0],"665":[0,0],"666":[0,0],"667":[0,0],"668":[0,0],"669":[0,0],"670":[0,0],"671":[0,0],"672":[0,0],"673":[0,0,0,0],"674":[0,0],"675":[0,0],"676":[0,0],"677":[0,0],"678":[0,0],"679":[0,0],"680":[0,0],"681":[0,0],"682":[0,0],"683":[0,0],"684":[0,0],"685":[0,0],"686":[0,0],"687":[0,0],"688":[0,0],"689":[0,0],"690":[0,0],"691":[0,0],"692":[0,0],"693":[0,0],"694":[0,0],"695":[0,0],"696":[0,0],"697":[0,0],"698":[0,0],"699":[0,0],"700":[0,0],"701":[0,0],"702":[0,0],"703":[0,0],"704":[0,0],"705":[0,0],"706":[0,0],"707":[0,0],"708":[0,0,0,0,0,0,0,0,0,0],"709":[0,0],"710":[0,0],"711":[0,0],"712":[0,0],"713":[0,0],"714":[0,0],"715":[0,0],"716":[0,0],"717":[0,0],"718":[0,0],"719":[0,0],"720":[0,0],"721":[0,0],"722":[0,0,0,0,0,0,0,0,0,0,0],"723":[0,0],"724":[0,0],"725":[0,0],"726":[0,0],"727":[0,0],"728":[0,0],"729":[0,0],"730":[0,0],"731":[0,0],"732":[0,0],"733":[0,0],"734":[0,0],"735":[0,0],"736":[0,0],"737":[0,0],"738":[0,0],"739":[0,1],"740":[0,1],"741":[0,1],"742":[0,40],"743":[40,0],"744":[0,70],"745":[0,2380],"746":[70,0],"747":[0,0],"748":[0,0],"749":[0,0],"750":[0,0],"751":[0,0],"752":[0,0],"753":[0,0],"754":[0,0],"755":[0,0],"756":[0,0],"757":[0,0],"758":[0,0],"759":[0,0],"760":[0,0],"761":[0,0],"762":[0,0],"763":[0,0],"764":[0,0],"765":[0,0],"766":[0,0],"767":[0,0],"768":[0,0],"769":[0,0],"770":[0,0],"771":[0,0],"772":[0,0],"773":[0,0],"774":[0,0],"775":[0,22745],"776":[22745,9220],"777":[9220,13525],"778":[22745,9220],"779":[13525,0],"780":[13525,13525],"781":[22745,3],"782":[22748,9223,22748,9223,13528,13528],"783":[22745,3],"784":[11372,11373],"785":[0,0],"786":[0,0],"787":[0,0],"788":[0,0],"789":[0,0],"790":[0,0],"791":[0,0],"792":[0,0],"793":[0,0],"794":[0,0],"795":[0,0],"796":[0,0],"797":[0,0],"798":[0,34],"799":[0,34],"800":[0,34],"801":[34,0],"802":[34,34,34,34],"803":[0,0],"804":[0,0],"805":[36,0],"806":[0,0],"807":[0,0],"808":[0,0,0,0],"809":[0,36],"810":[0,36],"811":[0,36],"812":[0,36],"813":[36,0],"814":[36,36,36,36],"815":[79,79],"816":[0,0,0,0],"817":[194,84,83,83],"818":[72,72],"819":[0,0],"820":[0,0],"821":[0,0],"822":[0,0]},"f":{"1":1,"2":91,"3":114,"4":16,"5":0,"6":0,"7":61,"8":0,"9":721,"10":114,"11":1,"12":71,"13":1,"14":38,"15":525,"16":8,"17":33,"18":37,"19":80,"20":80,"21":2,"22":2,"23":0,"24":40,"25":40,"26":41,"27":1,"28":0,"29":0,"30":0,"31":0,"32":0,"33":0,"34":0,"35":0,"36":0,"37":0,"38":1,"39":0,"40":0,"41":0,"42":0,"43":0,"44":0,"45":0,"46":0,"47":0,"48":0,"49":0,"50":0,"51":0,"52":0,"53":39,"54":0,"55":1,"56":0,"57":0,"58":0,"59":35,"60":36,"61":36,"62":37,"63":1,"64":0,"65":1,"66":0,"67":1,"68":0,"69":0,"70":0,"71":0,"72":0,"73":0,"74":1,"75":0,"76":0,"77":0,"78":0,"79":0,"80":0,"81":0,"82":0,"83":0,"84":0,"85":0,"86":0,"87":1,"88":0,"89":0,"90":0,"91":1,"92":0,"93":0,"94":0,"95":0,"96":0,"97":0,"98":0,"99":0,"100":1,"101":0,"102":0,"103":0,"104":0,"105":0,"106":0,"107":0,"108":0,"109":0,"110":1,"111":0,"112":0,"113":0,"114":0,"115":0,"116":0,"117":1,"118":0,"119":0,"120":0,"121":0,"122":0,"123":1,"124":0,"125":0,"126":0,"127":0,"128":0,"129":0,"130":0,"131":0,"132":0,"133":1,"134":0,"135":0,"136":0,"137":0,"138":0,"139":0,"140":0,"141":0,"142":0,"143":0,"144":0,"145":0,"146":0,"147":0,"148":0,"149":0,"150":1,"151":1,"152":1,"153":83,"154":76,"155":1,"156":0,"157":0,"158":0,"159":0,"160":0,"161":0,"162":0,"163":1,"164":1,"165":35,"166":1,"167":35,"168":0,"169":0,"170":0,"171":0,"172":0,"173":0,"174":0,"175":0,"176":0,"177":0,"178":0,"179":0,"180":0,"181":0,"182":0,"183":0,"184":0,"185":0,"186":0,"187":0,"188":0,"189":0,"190":0,"191":0,"192":0,"193":0,"194":0,"195":0,"196":0,"197":0,"198":0,"199":0,"200":0,"201":0,"202":0,"203":0,"204":0,"205":0,"206":0,"207":0,"208":0,"209":0,"210":1,"211":35,"212":1,"213":35,"214":0,"215":0,"216":0,"217":0,"218":0,"219":0,"220":0,"221":0,"222":0,"223":0,"224":0,"225":0,"226":0,"227":0,"228":0,"229":0,"230":0,"231":0,"232":0,"233":0,"234":0,"235":0,"236":0,"237":0,"238":0,"239":1,"240":0,"241":0,"242":0,"243":0,"244":0,"245":0,"246":0,"247":0,"248":0,"249":0,"250":0,"251":0,"252":0,"253":0,"254":0,"255":0,"256":0,"257":0,"258":0,"259":0,"260":0,"261":0,"262":0,"263":0,"264":0,"265":0,"266":0,"267":0,"268":0,"269":0,"270":0,"271":0,"272":0,"273":0,"274":0,"275":0,"276":0,"277":0,"278":0,"279":0,"280":0,"281":0,"282":0,"283":0,"284":0,"285":0,"286":0,"287":0,"288":0,"289":0,"290":0,"291":0,"292":1,"293":0,"294":0,"295":0,"296":1,"297":0,"298":0,"299":0,"300":0,"301":0,"302":0,"303":0,"304":0,"305":1,"306":35,"307":35,"308":1,"309":0,"310":0,"311":1,"312":36,"313":36,"314":36,"315":1,"316":40,"317":70,"318":40,"319":1360,"320":70,"321":1,"322":0,"323":0,"324":0,"325":0,"326":0,"327":0,"328":0,"329":0,"330":0,"331":1,"332":0,"333":0,"334":0,"335":0,"336":220,"337":5830,"338":0,"339":0,"340":0,"341":220,"342":1,"343":0,"344":0,"345":0,"346":0,"347":0,"348":0,"349":0,"350":333,"351":0,"352":34,"353":0,"354":0,"355":0,"356":0,"357":0,"358":0,"359":0,"360":0,"361":0,"362":0,"363":22745,"364":22748,"365":333,"366":714,"367":34,"368":714,"369":0,"370":0,"371":0,"372":0,"373":0,"374":1,"375":4,"376":34,"377":0,"378":0,"379":0,"380":0,"381":0,"382":0,"383":0,"384":0,"385":36,"386":0,"387":0,"388":0,"389":0,"390":0,"391":0,"392":0,"393":37,"394":40,"395":34,"396":0,"397":0,"398":0,"399":0,"400":0,"401":36,"402":37,"403":0,"404":36,"405":0,"406":0,"407":0,"408":37,"409":0,"410":220,"411":0,"412":37,"413":1,"414":122,"415":79,"416":0,"417":0,"418":0,"419":0,"420":194,"421":0,"422":72,"423":4,"424":2,"425":0,"426":0,"427":0,"428":0,"429":0,"430":105,"431":0,"432":0,"433":0,"434":0,"435":1,"436":1,"437":1,"438":1,"439":1,"440":1,"441":1,"442":1,"443":1,"444":1,"445":1,"446":1,"447":1,"448":1,"449":1,"450":1,"451":1},"fnMap":{"1":{"name":"(anonymous_1)","line":2,"loc":{"start":{"line":2,"column":10},"end":{"line":2,"column":28}}},"2":{"name":"__webpack_require__","line":7,"loc":{"start":{"line":7,"column":10},"end":{"line":7,"column":49}}},"3":{"name":"(anonymous_3)","line":38,"loc":{"start":{"line":38,"column":34},"end":{"line":38,"column":66}}},"4":{"name":"(anonymous_4)","line":45,"loc":{"start":{"line":45,"column":34},"end":{"line":45,"column":52}}},"5":{"name":"(anonymous_5)","line":57,"loc":{"start":{"line":57,"column":34},"end":{"line":57,"column":56}}},"6":{"name":"(anonymous_6)","line":64,"loc":{"start":{"line":64,"column":105},"end":{"line":64,"column":119}}},"7":{"name":"(anonymous_7)","line":69,"loc":{"start":{"line":69,"column":34},"end":{"line":69,"column":51}}},"8":{"name":"getDefault","line":71,"loc":{"start":{"line":71,"column":12},"end":{"line":71,"column":34}}},"9":{"name":"getModuleExports","line":72,"loc":{"start":{"line":72,"column":12},"end":{"line":72,"column":40}}},"10":{"name":"(anonymous_10)","line":78,"loc":{"start":{"line":78,"column":34},"end":{"line":78,"column":61}}},"11":{"name":"(anonymous_11)","line":95,"loc":{"start":{"line":95,"column":7},"end":{"line":95,"column":66}}},"12":{"name":"(anonymous_12)","line":99,"loc":{"start":{"line":99,"column":85},"end":{"line":99,"column":96}}},"13":{"name":"(anonymous_13)","line":145,"loc":{"start":{"line":145,"column":0},"end":{"line":145,"column":12}}},"14":{"name":"TronWeb","line":146,"loc":{"start":{"line":146,"column":2},"end":{"line":146,"column":43}}},"15":{"name":"(anonymous_15)","line":167,"loc":{"start":{"line":167,"column":191},"end":{"line":167,"column":206}}},"16":{"name":"setDefaultBlock","line":179,"loc":{"start":{"line":179,"column":11},"end":{"line":179,"column":38}}},"17":{"name":"setPrivateKey","line":187,"loc":{"start":{"line":187,"column":11},"end":{"line":187,"column":46}}},"18":{"name":"setAddress","line":200,"loc":{"start":{"line":200,"column":11},"end":{"line":200,"column":40}}},"19":{"name":"isValidProvider","line":212,"loc":{"start":{"line":212,"column":11},"end":{"line":212,"column":46}}},"20":{"name":"(anonymous_20)","line":213,"loc":{"start":{"line":213,"column":87},"end":{"line":213,"column":112}}},"21":{"name":"isEventServerConnected","line":219,"loc":{"start":{"line":219,"column":11},"end":{"line":219,"column":45}}},"22":{"name":"(anonymous_22)","line":221,"loc":{"start":{"line":221,"column":85},"end":{"line":221,"column":101}}},"23":{"name":"(anonymous_23)","line":224,"loc":{"start":{"line":224,"column":15},"end":{"line":224,"column":27}}},"24":{"name":"setFullNode","line":230,"loc":{"start":{"line":230,"column":11},"end":{"line":230,"column":42}}},"25":{"name":"setSolidityNode","line":238,"loc":{"start":{"line":238,"column":11},"end":{"line":238,"column":50}}},"26":{"name":"setEventServer","line":246,"loc":{"start":{"line":246,"column":11},"end":{"line":246,"column":37}}},"27":{"name":"currentProviders","line":253,"loc":{"start":{"line":253,"column":11},"end":{"line":253,"column":39}}},"28":{"name":"currentProvider","line":262,"loc":{"start":{"line":262,"column":11},"end":{"line":262,"column":38}}},"29":{"name":"getEventResult","line":267,"loc":{"start":{"line":267,"column":11},"end":{"line":267,"column":37}}},"30":{"name":"(anonymous_30)","line":281,"loc":{"start":{"line":281,"column":142},"end":{"line":281,"column":159}}},"31":{"name":"(anonymous_31)","line":286,"loc":{"start":{"line":286,"column":39},"end":{"line":286,"column":56}}},"32":{"name":"(anonymous_32)","line":289,"loc":{"start":{"line":289,"column":15},"end":{"line":289,"column":30}}},"33":{"name":"getEventByTransacionID","line":295,"loc":{"start":{"line":295,"column":11},"end":{"line":295,"column":45}}},"34":{"name":"(anonymous_34)","line":300,"loc":{"start":{"line":300,"column":137},"end":{"line":300,"column":154}}},"35":{"name":"(anonymous_35)","line":305,"loc":{"start":{"line":305,"column":39},"end":{"line":305,"column":56}}},"36":{"name":"(anonymous_36)","line":308,"loc":{"start":{"line":308,"column":15},"end":{"line":308,"column":30}}},"37":{"name":"contract","line":314,"loc":{"start":{"line":314,"column":11},"end":{"line":314,"column":31}}},"38":{"name":"(anonymous_38)","line":321,"loc":{"start":{"line":321,"column":11},"end":{"line":321,"column":23}}},"39":{"name":"_callee","line":324,"loc":{"start":{"line":324,"column":77},"end":{"line":324,"column":96}}},"40":{"name":"_callee$","line":327,"loc":{"start":{"line":327,"column":86},"end":{"line":327,"column":114}}},"41":{"name":"isConnected","line":372,"loc":{"start":{"line":372,"column":13},"end":{"line":372,"column":36}}},"42":{"name":"sha3","line":378,"loc":{"start":{"line":378,"column":11},"end":{"line":378,"column":33}}},"43":{"name":"toHex","line":383,"loc":{"start":{"line":383,"column":11},"end":{"line":383,"column":31}}},"44":{"name":"toUtf8","line":398,"loc":{"start":{"line":398,"column":11},"end":{"line":398,"column":32}}},"45":{"name":"fromUtf8","line":403,"loc":{"start":{"line":403,"column":11},"end":{"line":403,"column":37}}},"46":{"name":"toAscii","line":408,"loc":{"start":{"line":408,"column":11},"end":{"line":408,"column":33}}},"47":{"name":"fromAscii","line":413,"loc":{"start":{"line":413,"column":11},"end":{"line":413,"column":47}}},"48":{"name":"toDecimal","line":418,"loc":{"start":{"line":418,"column":11},"end":{"line":418,"column":37}}},"49":{"name":"fromDecimal","line":423,"loc":{"start":{"line":423,"column":11},"end":{"line":423,"column":39}}},"50":{"name":"fromSun","line":430,"loc":{"start":{"line":430,"column":11},"end":{"line":430,"column":33}}},"51":{"name":"toSun","line":436,"loc":{"start":{"line":436,"column":11},"end":{"line":436,"column":31}}},"52":{"name":"toBigNumber","line":442,"loc":{"start":{"line":442,"column":11},"end":{"line":442,"column":34}}},"53":{"name":"isAddress","line":450,"loc":{"start":{"line":450,"column":11},"end":{"line":450,"column":32}}},"54":{"name":"compile","line":463,"loc":{"start":{"line":463,"column":11},"end":{"line":463,"column":43}}},"55":{"name":"(anonymous_55)","line":466,"loc":{"start":{"line":466,"column":11},"end":{"line":466,"column":23}}},"56":{"name":"_callee2","line":469,"loc":{"start":{"line":469,"column":77},"end":{"line":469,"column":97}}},"57":{"name":"_callee2$","line":473,"loc":{"start":{"line":473,"column":86},"end":{"line":473,"column":116}}},"58":{"name":"createAccount","line":490,"loc":{"start":{"line":490,"column":13},"end":{"line":490,"column":38}}},"59":{"name":"get","line":496,"loc":{"start":{"line":496,"column":9},"end":{"line":496,"column":24}}},"60":{"name":"fromHex","line":498,"loc":{"start":{"line":498,"column":17},"end":{"line":498,"column":43}}},"61":{"name":"toHex","line":502,"loc":{"start":{"line":502,"column":15},"end":{"line":502,"column":39}}},"62":{"name":"fromPrivateKey","line":506,"loc":{"start":{"line":506,"column":24},"end":{"line":506,"column":60}}},"63":{"name":"(anonymous_63)","line":534,"loc":{"start":{"line":534,"column":7},"end":{"line":534,"column":66}}},"64":{"name":"(anonymous_64)","line":538,"loc":{"start":{"line":538,"column":85},"end":{"line":538,"column":96}}},"65":{"name":"(anonymous_65)","line":566,"loc":{"start":{"line":566,"column":0},"end":{"line":566,"column":12}}},"66":{"name":"Contract","line":567,"loc":{"start":{"line":567,"column":2},"end":{"line":567,"column":22}}},"67":{"name":"(anonymous_67)","line":591,"loc":{"start":{"line":591,"column":11},"end":{"line":591,"column":23}}},"68":{"name":"_callee","line":594,"loc":{"start":{"line":594,"column":77},"end":{"line":594,"column":96}}},"69":{"name":"_callee$","line":599,"loc":{"start":{"line":599,"column":86},"end":{"line":599,"column":114}}},"70":{"name":"(anonymous_70)","line":608,"loc":{"start":{"line":608,"column":43},"end":{"line":608,"column":59}}},"71":{"name":"(anonymous_71)","line":611,"loc":{"start":{"line":611,"column":42},"end":{"line":611,"column":66}}},"72":{"name":"(anonymous_72)","line":612,"loc":{"start":{"line":612,"column":62},"end":{"line":612,"column":84}}},"73":{"name":"_getEvents","line":630,"loc":{"start":{"line":630,"column":13},"end":{"line":630,"column":35}}},"74":{"name":"(anonymous_74)","line":636,"loc":{"start":{"line":636,"column":11},"end":{"line":636,"column":23}}},"75":{"name":"_callee2","line":639,"loc":{"start":{"line":639,"column":77},"end":{"line":639,"column":105}}},"76":{"name":"_callee2$","line":642,"loc":{"start":{"line":642,"column":86},"end":{"line":642,"column":116}}},"77":{"name":"(anonymous_77)","line":669,"loc":{"start":{"line":669,"column":49},"end":{"line":669,"column":61}}},"78":{"name":"(anonymous_78)","line":670,"loc":{"start":{"line":670,"column":43},"end":{"line":670,"column":64}}},"79":{"name":"(anonymous_79)","line":671,"loc":{"start":{"line":671,"column":45},"end":{"line":671,"column":62}}},"80":{"name":"(anonymous_80)","line":674,"loc":{"start":{"line":674,"column":27},"end":{"line":674,"column":42}}},"81":{"name":"_startEventListener","line":687,"loc":{"start":{"line":687,"column":13},"end":{"line":687,"column":46}}},"82":{"name":"_stopEventListener","line":693,"loc":{"start":{"line":693,"column":11},"end":{"line":693,"column":41}}},"83":{"name":"hasProperty","line":701,"loc":{"start":{"line":701,"column":11},"end":{"line":701,"column":42}}},"84":{"name":"loadAbi","line":706,"loc":{"start":{"line":706,"column":11},"end":{"line":706,"column":33}}},"85":{"name":"(anonymous_85)","line":711,"loc":{"start":{"line":711,"column":25},"end":{"line":711,"column":41}}},"86":{"name":"(anonymous_86)","line":714,"loc":{"start":{"line":714,"column":18},"end":{"line":714,"column":34}}},"87":{"name":"(anonymous_87)","line":745,"loc":{"start":{"line":745,"column":11},"end":{"line":745,"column":23}}},"88":{"name":"_callee3","line":748,"loc":{"start":{"line":748,"column":77},"end":{"line":748,"column":104}}},"89":{"name":"_callee3$","line":756,"loc":{"start":{"line":756,"column":86},"end":{"line":756,"column":116}}},"90":{"name":"_new","line":817,"loc":{"start":{"line":817,"column":13},"end":{"line":817,"column":32}}},"91":{"name":"(anonymous_91)","line":823,"loc":{"start":{"line":823,"column":11},"end":{"line":823,"column":23}}},"92":{"name":"_callee4","line":826,"loc":{"start":{"line":826,"column":77},"end":{"line":826,"column":112}}},"93":{"name":"_callee4$","line":830,"loc":{"start":{"line":830,"column":86},"end":{"line":830,"column":116}}},"94":{"name":"at","line":881,"loc":{"start":{"line":881,"column":13},"end":{"line":881,"column":30}}},"95":{"name":"events","line":887,"loc":{"start":{"line":887,"column":11},"end":{"line":887,"column":29}}},"96":{"name":"start","line":892,"loc":{"start":{"line":892,"column":15},"end":{"line":892,"column":32}}},"97":{"name":"(anonymous_97)","line":901,"loc":{"start":{"line":901,"column":50},"end":{"line":901,"column":62}}},"98":{"name":"(anonymous_98)","line":903,"loc":{"start":{"line":903,"column":19},"end":{"line":903,"column":34}}},"99":{"name":"stop","line":909,"loc":{"start":{"line":909,"column":14},"end":{"line":909,"column":30}}},"100":{"name":"(anonymous_100)","line":928,"loc":{"start":{"line":928,"column":7},"end":{"line":928,"column":66}}},"101":{"name":"(anonymous_101)","line":932,"loc":{"start":{"line":932,"column":85},"end":{"line":932,"column":96}}},"102":{"name":"getFunctionSelector","line":961,"loc":{"start":{"line":961,"column":26},"end":{"line":961,"column":60}}},"103":{"name":"getParamTypes","line":965,"loc":{"start":{"line":965,"column":20},"end":{"line":965,"column":51}}},"104":{"name":"(anonymous_104)","line":966,"loc":{"start":{"line":966,"column":20},"end":{"line":966,"column":36}}},"105":{"name":"decodeOutput","line":972,"loc":{"start":{"line":972,"column":19},"end":{"line":972,"column":54}}},"106":{"name":"(anonymous_106)","line":973,"loc":{"start":{"line":973,"column":22},"end":{"line":973,"column":39}}},"107":{"name":"(anonymous_107)","line":976,"loc":{"start":{"line":976,"column":12},"end":{"line":976,"column":28}}},"108":{"name":"(anonymous_108)","line":979,"loc":{"start":{"line":979,"column":22},"end":{"line":979,"column":39}}},"109":{"name":"(anonymous_109)","line":983,"loc":{"start":{"line":983,"column":47},"end":{"line":983,"column":74}}},"110":{"name":"(anonymous_110)","line":992,"loc":{"start":{"line":992,"column":0},"end":{"line":992,"column":12}}},"111":{"name":"Method","line":993,"loc":{"start":{"line":993,"column":2},"end":{"line":993,"column":33}}},"112":{"name":"onMethod","line":1017,"loc":{"start":{"line":1017,"column":11},"end":{"line":1017,"column":31}}},"113":{"name":"(anonymous_113)","line":1025,"loc":{"start":{"line":1025,"column":19},"end":{"line":1025,"column":41}}},"114":{"name":"call","line":1029,"loc":{"start":{"line":1029,"column":14},"end":{"line":1029,"column":30}}},"115":{"name":"send","line":1036,"loc":{"start":{"line":1036,"column":14},"end":{"line":1036,"column":30}}},"116":{"name":"watch","line":1043,"loc":{"start":{"line":1043,"column":15},"end":{"line":1043,"column":32}}},"117":{"name":"(anonymous_117)","line":1050,"loc":{"start":{"line":1050,"column":11},"end":{"line":1050,"column":23}}},"118":{"name":"_callee","line":1053,"loc":{"start":{"line":1053,"column":77},"end":{"line":1053,"column":107}}},"119":{"name":"_callee$","line":1061,"loc":{"start":{"line":1061,"column":86},"end":{"line":1061,"column":114}}},"120":{"name":"(anonymous_120)","line":1116,"loc":{"start":{"line":1116,"column":38},"end":{"line":1116,"column":62}}},"121":{"name":"(anonymous_121)","line":1122,"loc":{"start":{"line":1122,"column":206},"end":{"line":1122,"column":234}}},"122":{"name":"_call","line":1143,"loc":{"start":{"line":1143,"column":13},"end":{"line":1143,"column":37}}},"123":{"name":"(anonymous_123)","line":1149,"loc":{"start":{"line":1149,"column":11},"end":{"line":1149,"column":23}}},"124":{"name":"_callee3","line":1152,"loc":{"start":{"line":1152,"column":77},"end":{"line":1152,"column":108}}},"125":{"name":"_callee3$","line":1166,"loc":{"start":{"line":1166,"column":86},"end":{"line":1166,"column":116}}},"126":{"name":"(anonymous_126)","line":1235,"loc":{"start":{"line":1235,"column":38},"end":{"line":1235,"column":62}}},"127":{"name":"(anonymous_127)","line":1286,"loc":{"start":{"line":1286,"column":16},"end":{"line":1286,"column":28}}},"128":{"name":"_callee2","line":1289,"loc":{"start":{"line":1289,"column":89},"end":{"line":1289,"column":109}}},"129":{"name":"_callee2$","line":1294,"loc":{"start":{"line":1294,"column":98},"end":{"line":1294,"column":128}}},"130":{"name":"(anonymous_130)","line":1322,"loc":{"start":{"line":1322,"column":73},"end":{"line":1322,"column":85}}},"131":{"name":"checkResult","line":1363,"loc":{"start":{"line":1363,"column":25},"end":{"line":1363,"column":48}}},"132":{"name":"_send","line":1385,"loc":{"start":{"line":1385,"column":13},"end":{"line":1385,"column":38}}},"133":{"name":"(anonymous_133)","line":1391,"loc":{"start":{"line":1391,"column":11},"end":{"line":1391,"column":23}}},"134":{"name":"_callee5","line":1394,"loc":{"start":{"line":1394,"column":77},"end":{"line":1394,"column":97}}},"135":{"name":"_callee5$","line":1403,"loc":{"start":{"line":1403,"column":86},"end":{"line":1403,"column":116}}},"136":{"name":"(anonymous_136)","line":1446,"loc":{"start":{"line":1446,"column":16},"end":{"line":1446,"column":28}}},"137":{"name":"_callee4","line":1449,"loc":{"start":{"line":1449,"column":89},"end":{"line":1449,"column":109}}},"138":{"name":"_callee4$","line":1452,"loc":{"start":{"line":1452,"column":98},"end":{"line":1452,"column":128}}},"139":{"name":"(anonymous_139)","line":1462,"loc":{"start":{"line":1462,"column":55},"end":{"line":1462,"column":71}}},"140":{"name":"(anonymous_140)","line":1465,"loc":{"start":{"line":1465,"column":54},"end":{"line":1465,"column":78}}},"141":{"name":"(anonymous_141)","line":1466,"loc":{"start":{"line":1466,"column":74},"end":{"line":1466,"column":96}}},"142":{"name":"getEvents","line":1489,"loc":{"start":{"line":1489,"column":25},"end":{"line":1489,"column":46}}},"143":{"name":"bindListener","line":1494,"loc":{"start":{"line":1494,"column":31},"end":{"line":1494,"column":55}}},"144":{"name":"(anonymous_144)","line":1496,"loc":{"start":{"line":1496,"column":41},"end":{"line":1496,"column":53}}},"145":{"name":"(anonymous_145)","line":1497,"loc":{"start":{"line":1497,"column":37},"end":{"line":1497,"column":55}}},"146":{"name":"(anonymous_146)","line":1498,"loc":{"start":{"line":1498,"column":44},"end":{"line":1498,"column":61}}},"147":{"name":"(anonymous_147)","line":1501,"loc":{"start":{"line":1501,"column":29},"end":{"line":1501,"column":44}}},"148":{"name":"stop","line":1514,"loc":{"start":{"line":1514,"column":24},"end":{"line":1514,"column":40}}},"149":{"name":"_watch","line":1529,"loc":{"start":{"line":1529,"column":13},"end":{"line":1529,"column":31}}},"150":{"name":"(anonymous_150)","line":1547,"loc":{"start":{"line":1547,"column":7},"end":{"line":1547,"column":66}}},"151":{"name":"(anonymous_151)","line":1551,"loc":{"start":{"line":1551,"column":85},"end":{"line":1551,"column":96}}},"152":{"name":"(anonymous_152)","line":1575,"loc":{"start":{"line":1575,"column":0},"end":{"line":1575,"column":12}}},"153":{"name":"HttpProvider","line":1576,"loc":{"start":{"line":1576,"column":2},"end":{"line":1576,"column":30}}},"154":{"name":"setStatusPage","line":1608,"loc":{"start":{"line":1608,"column":11},"end":{"line":1608,"column":36}}},"155":{"name":"(anonymous_155)","line":1614,"loc":{"start":{"line":1614,"column":11},"end":{"line":1614,"column":23}}},"156":{"name":"_callee","line":1617,"loc":{"start":{"line":1617,"column":77},"end":{"line":1617,"column":96}}},"157":{"name":"_callee$","line":1620,"loc":{"start":{"line":1620,"column":86},"end":{"line":1620,"column":114}}},"158":{"name":"(anonymous_158)","line":1625,"loc":{"start":{"line":1625,"column":79},"end":{"line":1625,"column":95}}},"159":{"name":"(anonymous_159)","line":1627,"loc":{"start":{"line":1627,"column":25},"end":{"line":1627,"column":37}}},"160":{"name":"isConnected","line":1639,"loc":{"start":{"line":1639,"column":13},"end":{"line":1639,"column":36}}},"161":{"name":"request","line":1645,"loc":{"start":{"line":1645,"column":11},"end":{"line":1645,"column":33}}},"162":{"name":"(anonymous_162)","line":1654,"loc":{"start":{"line":1654,"column":14},"end":{"line":1654,"column":30}}},"163":{"name":"(anonymous_163)","line":1674,"loc":{"start":{"line":1674,"column":7},"end":{"line":1674,"column":66}}},"164":{"name":"(anonymous_164)","line":1694,"loc":{"start":{"line":1694,"column":7},"end":{"line":1694,"column":66}}},"165":{"name":"(anonymous_165)","line":1698,"loc":{"start":{"line":1698,"column":85},"end":{"line":1698,"column":96}}},"166":{"name":"(anonymous_166)","line":1721,"loc":{"start":{"line":1721,"column":0},"end":{"line":1721,"column":12}}},"167":{"name":"TransactionBuilder","line":1722,"loc":{"start":{"line":1722,"column":2},"end":{"line":1722,"column":32}}},"168":{"name":"sendTrx","line":1734,"loc":{"start":{"line":1734,"column":11},"end":{"line":1734,"column":30}}},"169":{"name":"(anonymous_169)","line":1756,"loc":{"start":{"line":1756,"column":22},"end":{"line":1756,"column":45}}},"170":{"name":"(anonymous_170)","line":1759,"loc":{"start":{"line":1759,"column":15},"end":{"line":1759,"column":30}}},"171":{"name":"sendToken","line":1765,"loc":{"start":{"line":1765,"column":11},"end":{"line":1765,"column":32}}},"172":{"name":"(anonymous_172)","line":1791,"loc":{"start":{"line":1791,"column":22},"end":{"line":1791,"column":45}}},"173":{"name":"(anonymous_173)","line":1794,"loc":{"start":{"line":1794,"column":15},"end":{"line":1794,"column":30}}},"174":{"name":"purchaseToken","line":1800,"loc":{"start":{"line":1800,"column":11},"end":{"line":1800,"column":36}}},"175":{"name":"(anonymous_175)","line":1822,"loc":{"start":{"line":1822,"column":22},"end":{"line":1822,"column":45}}},"176":{"name":"(anonymous_176)","line":1825,"loc":{"start":{"line":1825,"column":15},"end":{"line":1825,"column":30}}},"177":{"name":"freezeBalance","line":1831,"loc":{"start":{"line":1831,"column":11},"end":{"line":1831,"column":36}}},"178":{"name":"(anonymous_178)","line":1850,"loc":{"start":{"line":1850,"column":22},"end":{"line":1850,"column":45}}},"179":{"name":"(anonymous_179)","line":1853,"loc":{"start":{"line":1853,"column":15},"end":{"line":1853,"column":30}}},"180":{"name":"unfreezeBalance","line":1859,"loc":{"start":{"line":1859,"column":11},"end":{"line":1859,"column":38}}},"181":{"name":"(anonymous_181)","line":1872,"loc":{"start":{"line":1872,"column":22},"end":{"line":1872,"column":45}}},"182":{"name":"(anonymous_182)","line":1875,"loc":{"start":{"line":1875,"column":15},"end":{"line":1875,"column":30}}},"183":{"name":"withdrawBlockRewards","line":1881,"loc":{"start":{"line":1881,"column":11},"end":{"line":1881,"column":43}}},"184":{"name":"(anonymous_184)","line":1894,"loc":{"start":{"line":1894,"column":22},"end":{"line":1894,"column":45}}},"185":{"name":"(anonymous_185)","line":1897,"loc":{"start":{"line":1897,"column":15},"end":{"line":1897,"column":30}}},"186":{"name":"applyForSR","line":1903,"loc":{"start":{"line":1903,"column":11},"end":{"line":1903,"column":33}}},"187":{"name":"(anonymous_187)","line":1920,"loc":{"start":{"line":1920,"column":22},"end":{"line":1920,"column":45}}},"188":{"name":"(anonymous_188)","line":1923,"loc":{"start":{"line":1923,"column":15},"end":{"line":1923,"column":30}}},"189":{"name":"vote","line":1929,"loc":{"start":{"line":1929,"column":11},"end":{"line":1929,"column":27}}},"190":{"name":"(anonymous_190)","line":1945,"loc":{"start":{"line":1945,"column":40},"end":{"line":1945,"column":56}}},"191":{"name":"(anonymous_191)","line":1971,"loc":{"start":{"line":1971,"column":22},"end":{"line":1971,"column":45}}},"192":{"name":"(anonymous_192)","line":1974,"loc":{"start":{"line":1974,"column":15},"end":{"line":1974,"column":30}}},"193":{"name":"createSmartContract","line":1980,"loc":{"start":{"line":1980,"column":11},"end":{"line":1980,"column":42}}},"194":{"name":"(anonymous_194)","line":2013,"loc":{"start":{"line":2013,"column":29},"end":{"line":2013,"column":45}}},"195":{"name":"(anonymous_195)","line":2055,"loc":{"start":{"line":2055,"column":22},"end":{"line":2055,"column":45}}},"196":{"name":"(anonymous_196)","line":2058,"loc":{"start":{"line":2058,"column":15},"end":{"line":2058,"column":30}}},"197":{"name":"triggerSmartContract","line":2064,"loc":{"start":{"line":2064,"column":11},"end":{"line":2064,"column":76}}},"198":{"name":"(anonymous_198)","line":2134,"loc":{"start":{"line":2134,"column":22},"end":{"line":2134,"column":45}}},"199":{"name":"(anonymous_199)","line":2143,"loc":{"start":{"line":2143,"column":15},"end":{"line":2143,"column":30}}},"200":{"name":"createToken","line":2149,"loc":{"start":{"line":2149,"column":11},"end":{"line":2149,"column":34}}},"201":{"name":"(anonymous_201)","line":2219,"loc":{"start":{"line":2219,"column":22},"end":{"line":2219,"column":45}}},"202":{"name":"(anonymous_202)","line":2227,"loc":{"start":{"line":2227,"column":15},"end":{"line":2227,"column":30}}},"203":{"name":"updateToken","line":2233,"loc":{"start":{"line":2233,"column":11},"end":{"line":2233,"column":34}}},"204":{"name":"(anonymous_204)","line":2263,"loc":{"start":{"line":2263,"column":22},"end":{"line":2263,"column":45}}},"205":{"name":"(anonymous_205)","line":2271,"loc":{"start":{"line":2271,"column":15},"end":{"line":2271,"column":30}}},"206":{"name":"sendAsset","line":2277,"loc":{"start":{"line":2277,"column":11},"end":{"line":2277,"column":32}}},"207":{"name":"purchaseAsset","line":2282,"loc":{"start":{"line":2282,"column":11},"end":{"line":2282,"column":36}}},"208":{"name":"createAsset","line":2287,"loc":{"start":{"line":2287,"column":11},"end":{"line":2287,"column":34}}},"209":{"name":"updateAsset","line":2292,"loc":{"start":{"line":2292,"column":11},"end":{"line":2292,"column":34}}},"210":{"name":"(anonymous_210)","line":2309,"loc":{"start":{"line":2309,"column":7},"end":{"line":2309,"column":66}}},"211":{"name":"(anonymous_211)","line":2313,"loc":{"start":{"line":2313,"column":85},"end":{"line":2313,"column":96}}},"212":{"name":"(anonymous_212)","line":2342,"loc":{"start":{"line":2342,"column":0},"end":{"line":2342,"column":12}}},"213":{"name":"Trx","line":2343,"loc":{"start":{"line":2343,"column":2},"end":{"line":2343,"column":17}}},"214":{"name":"parseToken","line":2355,"loc":{"start":{"line":2355,"column":11},"end":{"line":2355,"column":38}}},"215":{"name":"getCurrentBlock","line":2365,"loc":{"start":{"line":2365,"column":11},"end":{"line":2365,"column":38}}},"216":{"name":"(anonymous_216)","line":2368,"loc":{"start":{"line":2368,"column":63},"end":{"line":2368,"column":80}}},"217":{"name":"(anonymous_217)","line":2370,"loc":{"start":{"line":2370,"column":15},"end":{"line":2370,"column":30}}},"218":{"name":"getBlock","line":2376,"loc":{"start":{"line":2376,"column":11},"end":{"line":2376,"column":31}}},"219":{"name":"getBlockByHash","line":2394,"loc":{"start":{"line":2394,"column":11},"end":{"line":2394,"column":46}}},"220":{"name":"(anonymous_220)","line":2399,"loc":{"start":{"line":2399,"column":22},"end":{"line":2399,"column":39}}},"221":{"name":"(anonymous_221)","line":2402,"loc":{"start":{"line":2402,"column":15},"end":{"line":2402,"column":30}}},"222":{"name":"getBlockByNumber","line":2408,"loc":{"start":{"line":2408,"column":11},"end":{"line":2408,"column":46}}},"223":{"name":"(anonymous_223)","line":2414,"loc":{"start":{"line":2414,"column":22},"end":{"line":2414,"column":39}}},"224":{"name":"(anonymous_224)","line":2417,"loc":{"start":{"line":2417,"column":15},"end":{"line":2417,"column":30}}},"225":{"name":"getBlockTransactionCount","line":2423,"loc":{"start":{"line":2423,"column":11},"end":{"line":2423,"column":47}}},"226":{"name":"(anonymous_226)","line":2433,"loc":{"start":{"line":2433,"column":32},"end":{"line":2433,"column":48}}},"227":{"name":"(anonymous_227)","line":2437,"loc":{"start":{"line":2437,"column":15},"end":{"line":2437,"column":30}}},"228":{"name":"getTransactionFromBlock","line":2443,"loc":{"start":{"line":2443,"column":11},"end":{"line":2443,"column":46}}},"229":{"name":"(anonymous_229)","line":2460,"loc":{"start":{"line":2460,"column":32},"end":{"line":2460,"column":49}}},"230":{"name":"(anonymous_230)","line":2465,"loc":{"start":{"line":2465,"column":15},"end":{"line":2465,"column":30}}},"231":{"name":"getTransaction","line":2471,"loc":{"start":{"line":2471,"column":11},"end":{"line":2471,"column":50}}},"232":{"name":"(anonymous_232)","line":2476,"loc":{"start":{"line":2476,"column":22},"end":{"line":2476,"column":45}}},"233":{"name":"(anonymous_233)","line":2479,"loc":{"start":{"line":2479,"column":15},"end":{"line":2479,"column":30}}},"234":{"name":"getTransactionInfo","line":2485,"loc":{"start":{"line":2485,"column":11},"end":{"line":2485,"column":54}}},"235":{"name":"(anonymous_235)","line":2490,"loc":{"start":{"line":2490,"column":22},"end":{"line":2490,"column":45}}},"236":{"name":"(anonymous_236)","line":2492,"loc":{"start":{"line":2492,"column":15},"end":{"line":2492,"column":30}}},"237":{"name":"getTransactionsToAddress","line":2498,"loc":{"start":{"line":2498,"column":11},"end":{"line":2498,"column":47}}},"238":{"name":"getTransactionsFromAddress","line":2519,"loc":{"start":{"line":2519,"column":11},"end":{"line":2519,"column":49}}},"239":{"name":"(anonymous_239)","line":2540,"loc":{"start":{"line":2540,"column":11},"end":{"line":2540,"column":23}}},"240":{"name":"_callee","line":2543,"loc":{"start":{"line":2543,"column":77},"end":{"line":2543,"column":96}}},"241":{"name":"_callee$","line":2552,"loc":{"start":{"line":2552,"column":86},"end":{"line":2552,"column":114}}},"242":{"name":"(anonymous_242)","line":2614,"loc":{"start":{"line":2614,"column":153},"end":{"line":2614,"column":167}}},"243":{"name":"(anonymous_243)","line":2616,"loc":{"start":{"line":2616,"column":114},"end":{"line":2616,"column":128}}},"244":{"name":"(anonymous_244)","line":2618,"loc":{"start":{"line":2618,"column":26},"end":{"line":2618,"column":42}}},"245":{"name":"(anonymous_245)","line":2659,"loc":{"start":{"line":2659,"column":32},"end":{"line":2659,"column":49}}},"246":{"name":"(anonymous_246)","line":2662,"loc":{"start":{"line":2662,"column":25},"end":{"line":2662,"column":40}}},"247":{"name":"getTransactionsRelated","line":2674,"loc":{"start":{"line":2674,"column":13},"end":{"line":2674,"column":47}}},"248":{"name":"getAccount","line":2680,"loc":{"start":{"line":2680,"column":11},"end":{"line":2680,"column":33}}},"249":{"name":"(anonymous_249)","line":2694,"loc":{"start":{"line":2694,"column":22},"end":{"line":2694,"column":41}}},"250":{"name":"(anonymous_250)","line":2696,"loc":{"start":{"line":2696,"column":15},"end":{"line":2696,"column":30}}},"251":{"name":"getBalance","line":2702,"loc":{"start":{"line":2702,"column":11},"end":{"line":2702,"column":33}}},"252":{"name":"(anonymous_252)","line":2712,"loc":{"start":{"line":2712,"column":36},"end":{"line":2712,"column":53}}},"253":{"name":"(anonymous_253)","line":2716,"loc":{"start":{"line":2716,"column":15},"end":{"line":2716,"column":30}}},"254":{"name":"getBandwidth","line":2722,"loc":{"start":{"line":2722,"column":11},"end":{"line":2722,"column":35}}},"255":{"name":"(anonymous_255)","line":2736,"loc":{"start":{"line":2736,"column":22},"end":{"line":2736,"column":39}}},"256":{"name":"(anonymous_256)","line":2746,"loc":{"start":{"line":2746,"column":15},"end":{"line":2746,"column":30}}},"257":{"name":"getTokensIssuedByAddress","line":2752,"loc":{"start":{"line":2752,"column":11},"end":{"line":2752,"column":47}}},"258":{"name":"(anonymous_258)","line":2768,"loc":{"start":{"line":2768,"column":22},"end":{"line":2768,"column":39}}},"259":{"name":"(anonymous_259)","line":2772,"loc":{"start":{"line":2772,"column":36},"end":{"line":2772,"column":53}}},"260":{"name":"(anonymous_260)","line":2774,"loc":{"start":{"line":2774,"column":18},"end":{"line":2774,"column":43}}},"261":{"name":"(anonymous_261)","line":2778,"loc":{"start":{"line":2778,"column":15},"end":{"line":2778,"column":30}}},"262":{"name":"getTokenFromID","line":2784,"loc":{"start":{"line":2784,"column":11},"end":{"line":2784,"column":37}}},"263":{"name":"(anonymous_263)","line":2793,"loc":{"start":{"line":2793,"column":22},"end":{"line":2793,"column":39}}},"264":{"name":"(anonymous_264)","line":2796,"loc":{"start":{"line":2796,"column":15},"end":{"line":2796,"column":30}}},"265":{"name":"listNodes","line":2802,"loc":{"start":{"line":2802,"column":11},"end":{"line":2802,"column":32}}},"266":{"name":"(anonymous_266)","line":2807,"loc":{"start":{"line":2807,"column":61},"end":{"line":2807,"column":78}}},"267":{"name":"(anonymous_267)","line":2810,"loc":{"start":{"line":2810,"column":33},"end":{"line":2810,"column":50}}},"268":{"name":"(anonymous_268)","line":2816,"loc":{"start":{"line":2816,"column":15},"end":{"line":2816,"column":30}}},"269":{"name":"getBlockRange","line":2822,"loc":{"start":{"line":2822,"column":11},"end":{"line":2822,"column":36}}},"270":{"name":"(anonymous_270)","line":2843,"loc":{"start":{"line":2843,"column":22},"end":{"line":2843,"column":39}}},"271":{"name":"(anonymous_271)","line":2847,"loc":{"start":{"line":2847,"column":15},"end":{"line":2847,"column":30}}},"272":{"name":"listSuperRepresentatives","line":2853,"loc":{"start":{"line":2853,"column":11},"end":{"line":2853,"column":47}}},"273":{"name":"(anonymous_273)","line":2856,"loc":{"start":{"line":2856,"column":65},"end":{"line":2856,"column":83}}},"274":{"name":"(anonymous_274)","line":2860,"loc":{"start":{"line":2860,"column":15},"end":{"line":2860,"column":30}}},"275":{"name":"listTokens","line":2866,"loc":{"start":{"line":2866,"column":11},"end":{"line":2866,"column":33}}},"276":{"name":"(anonymous_276)","line":2888,"loc":{"start":{"line":2888,"column":78},"end":{"line":2888,"column":96}}},"277":{"name":"(anonymous_277)","line":2891,"loc":{"start":{"line":2891,"column":40},"end":{"line":2891,"column":57}}},"278":{"name":"(anonymous_278)","line":2894,"loc":{"start":{"line":2894,"column":17},"end":{"line":2894,"column":32}}},"279":{"name":"(anonymous_279)","line":2902,"loc":{"start":{"line":2902,"column":22},"end":{"line":2902,"column":40}}},"280":{"name":"(anonymous_280)","line":2905,"loc":{"start":{"line":2905,"column":38},"end":{"line":2905,"column":55}}},"281":{"name":"(anonymous_281)","line":2908,"loc":{"start":{"line":2908,"column":15},"end":{"line":2908,"column":30}}},"282":{"name":"timeUntilNextVoteCycle","line":2914,"loc":{"start":{"line":2914,"column":11},"end":{"line":2914,"column":45}}},"283":{"name":"(anonymous_283)","line":2917,"loc":{"start":{"line":2917,"column":74},"end":{"line":2917,"column":92}}},"284":{"name":"(anonymous_284)","line":2922,"loc":{"start":{"line":2922,"column":15},"end":{"line":2922,"column":30}}},"285":{"name":"getContract","line":2928,"loc":{"start":{"line":2928,"column":11},"end":{"line":2928,"column":49}}},"286":{"name":"(anonymous_286)","line":2935,"loc":{"start":{"line":2935,"column":14},"end":{"line":2935,"column":34}}},"287":{"name":"(anonymous_287)","line":2938,"loc":{"start":{"line":2938,"column":15},"end":{"line":2938,"column":30}}},"288":{"name":"sign","line":2944,"loc":{"start":{"line":2944,"column":11},"end":{"line":2944,"column":27}}},"289":{"name":"sendRawTransaction","line":2968,"loc":{"start":{"line":2968,"column":11},"end":{"line":2968,"column":41}}},"290":{"name":"(anonymous_290)","line":2974,"loc":{"start":{"line":2974,"column":99},"end":{"line":2974,"column":117}}},"291":{"name":"(anonymous_291)","line":2976,"loc":{"start":{"line":2976,"column":15},"end":{"line":2976,"column":30}}},"292":{"name":"(anonymous_292)","line":2982,"loc":{"start":{"line":2982,"column":11},"end":{"line":2982,"column":23}}},"293":{"name":"_callee2","line":2985,"loc":{"start":{"line":2985,"column":77},"end":{"line":2985,"column":97}}},"294":{"name":"_callee2$","line":2995,"loc":{"start":{"line":2995,"column":86},"end":{"line":2995,"column":116}}},"295":{"name":"sendTransaction","line":3065,"loc":{"start":{"line":3065,"column":13},"end":{"line":3065,"column":40}}},"296":{"name":"(anonymous_296)","line":3071,"loc":{"start":{"line":3071,"column":11},"end":{"line":3071,"column":23}}},"297":{"name":"_callee3","line":3074,"loc":{"start":{"line":3074,"column":77},"end":{"line":3074,"column":97}}},"298":{"name":"_callee3$","line":3085,"loc":{"start":{"line":3085,"column":86},"end":{"line":3085,"column":116}}},"299":{"name":"sendToken","line":3164,"loc":{"start":{"line":3164,"column":13},"end":{"line":3164,"column":34}}},"300":{"name":"sendAsset","line":3170,"loc":{"start":{"line":3170,"column":11},"end":{"line":3170,"column":32}}},"301":{"name":"send","line":3175,"loc":{"start":{"line":3175,"column":11},"end":{"line":3175,"column":27}}},"302":{"name":"sendTrx","line":3180,"loc":{"start":{"line":3180,"column":11},"end":{"line":3180,"column":30}}},"303":{"name":"broadcast","line":3185,"loc":{"start":{"line":3185,"column":11},"end":{"line":3185,"column":32}}},"304":{"name":"signTransaction","line":3190,"loc":{"start":{"line":3190,"column":11},"end":{"line":3190,"column":38}}},"305":{"name":"(anonymous_305)","line":3208,"loc":{"start":{"line":3208,"column":7},"end":{"line":3208,"column":66}}},"306":{"name":"(anonymous_306)","line":3212,"loc":{"start":{"line":3212,"column":85},"end":{"line":3212,"column":96}}},"307":{"name":"Witness","line":3220,"loc":{"start":{"line":3220,"column":14},"end":{"line":3220,"column":33}}},"308":{"name":"(anonymous_308)","line":3233,"loc":{"start":{"line":3233,"column":7},"end":{"line":3233,"column":66}}},"309":{"name":"(anonymous_309)","line":3237,"loc":{"start":{"line":3237,"column":93},"end":{"line":3237,"column":104}}},"310":{"name":"generateAccount","line":3245,"loc":{"start":{"line":3245,"column":0},"end":{"line":3245,"column":27}}},"311":{"name":"(anonymous_311)","line":3268,"loc":{"start":{"line":3268,"column":7},"end":{"line":3268,"column":66}}},"312":{"name":"(anonymous_312)","line":3272,"loc":{"start":{"line":3272,"column":90},"end":{"line":3272,"column":101}}},"313":{"name":"(anonymous_313)","line":3273,"loc":{"start":{"line":3273,"column":92},"end":{"line":3273,"column":103}}},"314":{"name":"(anonymous_314)","line":3274,"loc":{"start":{"line":3274,"column":97},"end":{"line":3274,"column":108}}},"315":{"name":"(anonymous_315)","line":3290,"loc":{"start":{"line":3290,"column":7},"end":{"line":3290,"column":66}}},"316":{"name":"(anonymous_316)","line":3294,"loc":{"start":{"line":3294,"column":86},"end":{"line":3294,"column":97}}},"317":{"name":"(anonymous_317)","line":3295,"loc":{"start":{"line":3295,"column":86},"end":{"line":3295,"column":97}}},"318":{"name":"encode58","line":3307,"loc":{"start":{"line":3307,"column":0},"end":{"line":3307,"column":26}}},"319":{"name":"(anonymous_319)","line":3337,"loc":{"start":{"line":3337,"column":30},"end":{"line":3337,"column":47}}},"320":{"name":"decode58","line":3341,"loc":{"start":{"line":3341,"column":0},"end":{"line":3341,"column":26}}},"321":{"name":"(anonymous_321)","line":3384,"loc":{"start":{"line":3384,"column":7},"end":{"line":3384,"column":66}}},"322":{"name":"(anonymous_322)","line":3388,"loc":{"start":{"line":3388,"column":84},"end":{"line":3388,"column":95}}},"323":{"name":"Base64","line":3392,"loc":{"start":{"line":3392,"column":0},"end":{"line":3392,"column":18}}},"324":{"name":"(anonymous_324)","line":3397,"loc":{"start":{"line":3397,"column":16},"end":{"line":3397,"column":33}}},"325":{"name":"(anonymous_325)","line":3423,"loc":{"start":{"line":3423,"column":26},"end":{"line":3423,"column":48}}},"326":{"name":"(anonymous_326)","line":3449,"loc":{"start":{"line":3449,"column":16},"end":{"line":3449,"column":33}}},"327":{"name":"(anonymous_327)","line":3477,"loc":{"start":{"line":3477,"column":27},"end":{"line":3477,"column":44}}},"328":{"name":"(anonymous_328)","line":3505,"loc":{"start":{"line":3505,"column":24},"end":{"line":3505,"column":43}}},"329":{"name":"(anonymous_329)","line":3519,"loc":{"start":{"line":3519,"column":22},"end":{"line":3519,"column":40}}},"330":{"name":"(anonymous_330)","line":3541,"loc":{"start":{"line":3541,"column":22},"end":{"line":3541,"column":41}}},"331":{"name":"(anonymous_331)","line":3575,"loc":{"start":{"line":3575,"column":7},"end":{"line":3575,"column":66}}},"332":{"name":"(anonymous_332)","line":3579,"loc":{"start":{"line":3579,"column":89},"end":{"line":3579,"column":100}}},"333":{"name":"(anonymous_333)","line":3580,"loc":{"start":{"line":3580,"column":91},"end":{"line":3580,"column":102}}},"334":{"name":"(anonymous_334)","line":3581,"loc":{"start":{"line":3581,"column":89},"end":{"line":3581,"column":100}}},"335":{"name":"(anonymous_335)","line":3582,"loc":{"start":{"line":3582,"column":100},"end":{"line":3582,"column":111}}},"336":{"name":"(anonymous_336)","line":3583,"loc":{"start":{"line":3583,"column":94},"end":{"line":3583,"column":105}}},"337":{"name":"byte2hexStr","line":3589,"loc":{"start":{"line":3589,"column":0},"end":{"line":3589,"column":27}}},"338":{"name":"bytesToString","line":3596,"loc":{"start":{"line":3596,"column":0},"end":{"line":3596,"column":28}}},"339":{"name":"hextoString","line":3621,"loc":{"start":{"line":3621,"column":0},"end":{"line":3621,"column":26}}},"340":{"name":"base64DecodeFromString","line":3632,"loc":{"start":{"line":3632,"column":0},"end":{"line":3632,"column":42}}},"341":{"name":"byteArray2hexStr","line":3635,"loc":{"start":{"line":3635,"column":0},"end":{"line":3635,"column":37}}},"342":{"name":"(anonymous_342)","line":3652,"loc":{"start":{"line":3652,"column":7},"end":{"line":3652,"column":66}}},"343":{"name":"(anonymous_343)","line":3656,"loc":{"start":{"line":3656,"column":88},"end":{"line":3656,"column":99}}},"344":{"name":"(anonymous_344)","line":3657,"loc":{"start":{"line":3657,"column":89},"end":{"line":3657,"column":100}}},"345":{"name":"(anonymous_345)","line":3658,"loc":{"start":{"line":3658,"column":91},"end":{"line":3658,"column":102}}},"346":{"name":"(anonymous_346)","line":3659,"loc":{"start":{"line":3659,"column":91},"end":{"line":3659,"column":102}}},"347":{"name":"(anonymous_347)","line":3660,"loc":{"start":{"line":3660,"column":89},"end":{"line":3660,"column":100}}},"348":{"name":"(anonymous_348)","line":3661,"loc":{"start":{"line":3661,"column":90},"end":{"line":3661,"column":101}}},"349":{"name":"(anonymous_349)","line":3662,"loc":{"start":{"line":3662,"column":87},"end":{"line":3662,"column":98}}},"350":{"name":"(anonymous_350)","line":3663,"loc":{"start":{"line":3663,"column":94},"end":{"line":3663,"column":105}}},"351":{"name":"(anonymous_351)","line":3664,"loc":{"start":{"line":3664,"column":89},"end":{"line":3664,"column":100}}},"352":{"name":"(anonymous_352)","line":3665,"loc":{"start":{"line":3665,"column":94},"end":{"line":3665,"column":105}}},"353":{"name":"(anonymous_353)","line":3666,"loc":{"start":{"line":3666,"column":100},"end":{"line":3666,"column":111}}},"354":{"name":"(anonymous_354)","line":3667,"loc":{"start":{"line":3667,"column":98},"end":{"line":3667,"column":109}}},"355":{"name":"(anonymous_355)","line":3668,"loc":{"start":{"line":3668,"column":87},"end":{"line":3668,"column":98}}},"356":{"name":"(anonymous_356)","line":3669,"loc":{"start":{"line":3669,"column":86},"end":{"line":3669,"column":97}}},"357":{"name":"(anonymous_357)","line":3670,"loc":{"start":{"line":3670,"column":91},"end":{"line":3670,"column":102}}},"358":{"name":"bin2String","line":3679,"loc":{"start":{"line":3679,"column":0},"end":{"line":3679,"column":27}}},"359":{"name":"arrayEquals","line":3682,"loc":{"start":{"line":3682,"column":0},"end":{"line":3682,"column":37}}},"360":{"name":"stringToBytes","line":3692,"loc":{"start":{"line":3692,"column":0},"end":{"line":3692,"column":28}}},"361":{"name":"bytesToString","line":3718,"loc":{"start":{"line":3718,"column":0},"end":{"line":3718,"column":28}}},"362":{"name":"hextoString","line":3741,"loc":{"start":{"line":3741,"column":0},"end":{"line":3741,"column":26}}},"363":{"name":"hexChar2byte","line":3753,"loc":{"start":{"line":3753,"column":0},"end":{"line":3753,"column":25}}},"364":{"name":"isHexChar","line":3758,"loc":{"start":{"line":3758,"column":0},"end":{"line":3758,"column":22}}},"365":{"name":"hexStr2byteArray","line":3765,"loc":{"start":{"line":3765,"column":0},"end":{"line":3765,"column":31}}},"366":{"name":"byte2hexStr","line":3788,"loc":{"start":{"line":3788,"column":0},"end":{"line":3788,"column":27}}},"367":{"name":"byteArray2hexStr","line":3795,"loc":{"start":{"line":3795,"column":0},"end":{"line":3795,"column":37}}},"368":{"name":"(anonymous_368)","line":3796,"loc":{"start":{"line":3796,"column":26},"end":{"line":3796,"column":50}}},"369":{"name":"base64DecodeFromString","line":3800,"loc":{"start":{"line":3800,"column":0},"end":{"line":3800,"column":42}}},"370":{"name":"base64EncodeToString","line":3805,"loc":{"start":{"line":3805,"column":0},"end":{"line":3805,"column":37}}},"371":{"name":"strToDate","line":3811,"loc":{"start":{"line":3811,"column":0},"end":{"line":3811,"column":24}}},"372":{"name":"isNumber","line":3828,"loc":{"start":{"line":3828,"column":0},"end":{"line":3828,"column":21}}},"373":{"name":"getStringType","line":3836,"loc":{"start":{"line":3836,"column":0},"end":{"line":3836,"column":28}}},"374":{"name":"(anonymous_374)","line":3873,"loc":{"start":{"line":3873,"column":7},"end":{"line":3873,"column":66}}},"375":{"name":"(anonymous_375)","line":3877,"loc":{"start":{"line":3877,"column":99},"end":{"line":3877,"column":110}}},"376":{"name":"(anonymous_376)","line":3878,"loc":{"start":{"line":3878,"column":97},"end":{"line":3878,"column":108}}},"377":{"name":"(anonymous_377)","line":3879,"loc":{"start":{"line":3879,"column":93},"end":{"line":3879,"column":104}}},"378":{"name":"(anonymous_378)","line":3880,"loc":{"start":{"line":3880,"column":97},"end":{"line":3880,"column":108}}},"379":{"name":"(anonymous_379)","line":3881,"loc":{"start":{"line":3881,"column":87},"end":{"line":3881,"column":98}}},"380":{"name":"(anonymous_380)","line":3882,"loc":{"start":{"line":3882,"column":110},"end":{"line":3882,"column":121}}},"381":{"name":"(anonymous_381)","line":3883,"loc":{"start":{"line":3883,"column":87},"end":{"line":3883,"column":98}}},"382":{"name":"(anonymous_382)","line":3884,"loc":{"start":{"line":3884,"column":92},"end":{"line":3884,"column":103}}},"383":{"name":"(anonymous_383)","line":3885,"loc":{"start":{"line":3885,"column":98},"end":{"line":3885,"column":109}}},"384":{"name":"(anonymous_384)","line":3886,"loc":{"start":{"line":3886,"column":91},"end":{"line":3886,"column":102}}},"385":{"name":"(anonymous_385)","line":3887,"loc":{"start":{"line":3887
[...]
4},"end":{"line":3105,"column":119}},{"start":{"line":3107,"column":14},"end":{"line":3113,"column":90}},{"start":{"line":3115,"column":14},"end":{"line":3121,"column":87}},{"start":{"line":3123,"column":14},"end":{"line":3129,"column":89}},{"start":{"line":3131,"column":14},"end":{"line":3135,"column":95}},{"start":{"line":3137,"column":14},"end":{"line":3140,"column":58}},{"start":{"line":3142,"column":14},"end":{"line":3145,"column":66}},{"start":{"line":3147,"column":14},"end":{"line":3149,"column":74}},{"start":{"line":3151,"column":14},"end":{"line":3154,"column":74}},{"start":{"line":3156,"column":14},"end":{"line":3156,"column":22}},{"start":{"line":3157,"column":14},"end":{"line":3158,"column":40}}]},"723":{"line":3089,"type":"cond-expr","locations":[{"start":{"line":3089,"column":68},"end":{"line":3089,"column":77}},{"start":{"line":3089,"column":80},"end":{"line":3089,"column":85}}]},"724":{"line":3089,"type":"binary-expr","locations":[{"start":{"line":3089,"column":21},"end":{"line":3089,"column":38}},{"start":{"line":3089,"column":42},"end":{"line":3089,"column":65}}]},"725":{"line":3090,"type":"cond-expr","locations":[{"start":{"line":3090,"column":72},"end":{"line":3090,"column":81}},{"start":{"line":3090,"column":84},"end":{"line":3090,"column":89}}]},"726":{"line":3090,"type":"binary-expr","locations":[{"start":{"line":3090,"column":25},"end":{"line":3090,"column":42}},{"start":{"line":3090,"column":46},"end":{"line":3090,"column":69}}]},"727":{"line":3091,"type":"cond-expr","locations":[{"start":{"line":3091,"column":73},"end":{"line":3091,"column":82}},{"start":{"line":3091,"column":85},"end":{"line":3091,"column":90}}]},"728":{"line":3091,"type":"binary-expr","locations":[{"start":{"line":3091,"column":26},"end":{"line":3091,"column":43}},{"start":{"line":3091,"column":47},"end":{"line":3091,"column":70}}]},"729":{"line":3092,"type":"cond-expr","locations":[{"start":{"line":3092,"column":76},"end":{"line":3092,"column":85}},{"start":{"line":3092,"column":88},"end":{"line":3092,"column":118}}]},"730":{"line":3092,"type":"binary-expr","locations":[{"start":{"line":3092,"column":29},"end":{"line":3092,"column":46}},{"start":{"line":3092,"column":50},"end":{"line":3092,"column":73}}]},"731":{"line":3093,"type":"cond-expr","locations":[{"start":{"line":3093,"column":74},"end":{"line":3093,"column":83}},{"start":{"line":3093,"column":86},"end":{"line":3093,"column":91}}]},"732":{"line":3093,"type":"binary-expr","locations":[{"start":{"line":3093,"column":27},"end":{"line":3093,"column":44}},{"start":{"line":3093,"column":48},"end":{"line":3093,"column":71}}]},"733":{"line":3095,"type":"if","locations":[{"start":{"line":3095,"column":16},"end":{"line":3095,"column":16}},{"start":{"line":3095,"column":16},"end":{"line":3095,"column":16}}]},"734":{"line":3100,"type":"if","locations":[{"start":{"line":3100,"column":16},"end":{"line":3100,"column":16}},{"start":{"line":3100,"column":16},"end":{"line":3100,"column":16}}]},"735":{"line":3108,"type":"if","locations":[{"start":{"line":3108,"column":16},"end":{"line":3108,"column":16}},{"start":{"line":3108,"column":16},"end":{"line":3108,"column":16}}]},"736":{"line":3116,"type":"if","locations":[{"start":{"line":3116,"column":16},"end":{"line":3116,"column":16}},{"start":{"line":3116,"column":16},"end":{"line":3116,"column":16}}]},"737":{"line":3116,"type":"binary-expr","locations":[{"start":{"line":3116,"column":22},"end":{"line":3116,"column":86}},{"start":{"line":3116,"column":90},"end":{"line":3116,"column":101}}]},"738":{"line":3124,"type":"if","locations":[{"start":{"line":3124,"column":16},"end":{"line":3124,"column":16}},{"start":{"line":3124,"column":16},"end":{"line":3124,"column":16}}]},"739":{"line":3279,"type":"cond-expr","locations":[{"start":{"line":3279,"column":31},"end":{"line":3279,"column":33}},{"start":{"line":3279,"column":36},"end":{"line":3279,"column":38}}]},"740":{"line":3280,"type":"cond-expr","locations":[{"start":{"line":3280,"column":33},"end":{"line":3280,"column":37}},{"start":{"line":3280,"column":40},"end":{"line":3280,"column":44}}]},"741":{"line":3281,"type":"cond-expr","locations":[{"start":{"line":3281,"column":38},"end":{"line":3281,"column":42}},{"start":{"line":3281,"column":45},"end":{"line":3281,"column":49}}]},"742":{"line":3308,"type":"if","locations":[{"start":{"line":3308,"column":2},"end":{"line":3308,"column":2}},{"start":{"line":3308,"column":2},"end":{"line":3308,"column":2}}]},"743":{"line":3333,"type":"binary-expr","locations":[{"start":{"line":3333,"column":14},"end":{"line":3333,"column":29}},{"start":{"line":3333,"column":33},"end":{"line":3333,"column":54}}]},"744":{"line":3342,"type":"if","locations":[{"start":{"line":3342,"column":2},"end":{"line":3342,"column":2}},{"start":{"line":3342,"column":2},"end":{"line":3342,"column":2}}]},"745":{"line":3349,"type":"if","locations":[{"start":{"line":3349,"column":4},"end":{"line":3349,"column":4}},{"start":{"line":3349,"column":4},"end":{"line":3349,"column":4}}]},"746":{"line":3370,"type":"binary-expr","locations":[{"start":{"line":3370,"column":14},"end":{"line":3370,"column":31}},{"start":{"line":3370,"column":35},"end":{"line":3370,"column":56}}]},"747":{"line":3416,"type":"if","locations":[{"start":{"line":3416,"column":6},"end":{"line":3416,"column":6}},{"start":{"line":3416,"column":6},"end":{"line":3416,"column":6}}]},"748":{"line":3416,"type":"if","locations":[{"start":{"line":3416,"column":45},"end":{"line":3416,"column":45}},{"start":{"line":3416,"column":45},"end":{"line":3416,"column":45}}]},"749":{"line":3442,"type":"if","locations":[{"start":{"line":3442,"column":6},"end":{"line":3442,"column":6}},{"start":{"line":3442,"column":6},"end":{"line":3442,"column":6}}]},"750":{"line":3442,"type":"if","locations":[{"start":{"line":3442,"column":45},"end":{"line":3442,"column":45}},{"start":{"line":3442,"column":45},"end":{"line":3442,"column":45}}]},"751":{"line":3470,"type":"if","locations":[{"start":{"line":3470,"column":6},"end":{"line":3470,"column":6}},{"start":{"line":3470,"column":6},"end":{"line":3470,"column":6}}]},"752":{"line":3471,"type":"if","locations":[{"start":{"line":3471,"column":6},"end":{"line":3471,"column":6}},{"start":{"line":3471,"column":6},"end":{"line":3471,"column":6}}]},"753":{"line":3498,"type":"if","locations":[{"start":{"line":3498,"column":6},"end":{"line":3498,"column":6}},{"start":{"line":3498,"column":6},"end":{"line":3498,"column":6}}]},"754":{"line":3499,"type":"if","locations":[{"start":{"line":3499,"column":6},"end":{"line":3499,"column":6}},{"start":{"line":3499,"column":6},"end":{"line":3499,"column":6}}]},"755":{"line":3526,"type":"if","locations":[{"start":{"line":3526,"column":6},"end":{"line":3526,"column":6}},{"start":{"line":3526,"column":6},"end":{"line":3526,"column":6}}]},"756":{"line":3528,"type":"if","locations":[{"start":{"line":3528,"column":13},"end":{"line":3528,"column":13}},{"start":{"line":3528,"column":13},"end":{"line":3528,"column":13}}]},"757":{"line":3528,"type":"binary-expr","locations":[{"start":{"line":3528,"column":17},"end":{"line":3528,"column":24}},{"start":{"line":3528,"column":28},"end":{"line":3528,"column":36}}]},"758":{"line":3549,"type":"if","locations":[{"start":{"line":3549,"column":6},"end":{"line":3549,"column":6}},{"start":{"line":3549,"column":6},"end":{"line":3549,"column":6}}]},"759":{"line":3552,"type":"if","locations":[{"start":{"line":3552,"column":13},"end":{"line":3552,"column":13}},{"start":{"line":3552,"column":13},"end":{"line":3552,"column":13}}]},"760":{"line":3552,"type":"binary-expr","locations":[{"start":{"line":3552,"column":17},"end":{"line":3552,"column":24}},{"start":{"line":3552,"column":28},"end":{"line":3552,"column":35}}]},"761":{"line":3597,"type":"if","locations":[{"start":{"line":3597,"column":2},"end":{"line":3597,"column":2}},{"start":{"line":3597,"column":2},"end":{"line":3597,"column":2}}]},"762":{"line":3604,"type":"if","locations":[{"start":{"line":3604,"column":4},"end":{"line":3604,"column":4}},{"start":{"line":3604,"column":4},"end":{"line":3604,"column":4}}]},"763":{"line":3604,"type":"binary-expr","locations":[{"start":{"line":3604,"column":8},"end":{"line":3604,"column":9}},{"start":{"line":3604,"column":13},"end":{"line":3604,"column":29}}]},"764":{"line":3683,"type":"if","locations":[{"start":{"line":3683,"column":2},"end":{"line":3683,"column":2}},{"start":{"line":3683,"column":2},"end":{"line":3683,"column":2}}]},"765":{"line":3687,"type":"if","locations":[{"start":{"line":3687,"column":4},"end":{"line":3687,"column":4}},{"start":{"line":3687,"column":4},"end":{"line":3687,"column":4}}]},"766":{"line":3701,"type":"if","locations":[{"start":{"line":3701,"column":4},"end":{"line":3701,"column":4}},{"start":{"line":3701,"column":4},"end":{"line":3701,"column":4}}]},"767":{"line":3701,"type":"binary-expr","locations":[{"start":{"line":3701,"column":8},"end":{"line":3701,"column":21}},{"start":{"line":3701,"column":25},"end":{"line":3701,"column":38}}]},"768":{"line":3706,"type":"if","locations":[{"start":{"line":3706,"column":11},"end":{"line":3706,"column":11}},{"start":{"line":3706,"column":11},"end":{"line":3706,"column":11}}]},"769":{"line":3706,"type":"binary-expr","locations":[{"start":{"line":3706,"column":15},"end":{"line":3706,"column":28}},{"start":{"line":3706,"column":32},"end":{"line":3706,"column":45}}]},"770":{"line":3710,"type":"if","locations":[{"start":{"line":3710,"column":11},"end":{"line":3710,"column":11}},{"start":{"line":3710,"column":11},"end":{"line":3710,"column":11}}]},"771":{"line":3710,"type":"binary-expr","locations":[{"start":{"line":3710,"column":15},"end":{"line":3710,"column":28}},{"start":{"line":3710,"column":32},"end":{"line":3710,"column":45}}]},"772":{"line":3719,"type":"if","locations":[{"start":{"line":3719,"column":2},"end":{"line":3719,"column":2}},{"start":{"line":3719,"column":2},"end":{"line":3719,"column":2}}]},"773":{"line":3726,"type":"if","locations":[{"start":{"line":3726,"column":4},"end":{"line":3726,"column":4}},{"start":{"line":3726,"column":4},"end":{"line":3726,"column":4}}]},"774":{"line":3726,"type":"binary-expr","locations":[{"start":{"line":3726,"column":8},"end":{"line":3726,"column":9}},{"start":{"line":3726,"column":13},"end":{"line":3726,"column":28}}]},"775":{"line":3755,"type":"if","locations":[{"start":{"line":3755,"column":2},"end":{"line":3755,"column":2}},{"start":{"line":3755,"column":2},"end":{"line":3755,"column":2}}]},"776":{"line":3755,"type":"binary-expr","locations":[{"start":{"line":3755,"column":6},"end":{"line":3755,"column":14}},{"start":{"line":3755,"column":18},"end":{"line":3755,"column":26}}]},"777":{"line":3755,"type":"if","locations":[{"start":{"line":3755,"column":78},"end":{"line":3755,"column":78}},{"start":{"line":3755,"column":78},"end":{"line":3755,"column":78}}]},"778":{"line":3755,"type":"binary-expr","locations":[{"start":{"line":3755,"column":82},"end":{"line":3755,"column":90}},{"start":{"line":3755,"column":94},"end":{"line":3755,"column":102}}]},"779":{"line":3755,"type":"if","locations":[{"start":{"line":3755,"column":154},"end":{"line":3755,"column":154}},{"start":{"line":3755,"column":154},"end":{"line":3755,"column":154}}]},"780":{"line":3755,"type":"binary-expr","locations":[{"start":{"line":3755,"column":158},"end":{"line":3755,"column":166}},{"start":{"line":3755,"column":170},"end":{"line":3755,"column":178}}]},"781":{"line":3759,"type":"if","locations":[{"start":{"line":3759,"column":2},"end":{"line":3759,"column":2}},{"start":{"line":3759,"column":2},"end":{"line":3759,"column":2}}]},"782":{"line":3759,"type":"binary-expr","locations":[{"start":{"line":3759,"column":6},"end":{"line":3759,"column":14}},{"start":{"line":3759,"column":18},"end":{"line":3759,"column":26}},{"start":{"line":3759,"column":30},"end":{"line":3759,"column":38}},{"start":{"line":3759,"column":42},"end":{"line":3759,"column":50}},{"start":{"line":3759,"column":54},"end":{"line":3759,"column":62}},{"start":{"line":3759,"column":66},"end":{"line":3759,"column":74}}]},"783":{"line":3774,"type":"if","locations":[{"start":{"line":3774,"column":4},"end":{"line":3774,"column":4}},{"start":{"line":3774,"column":4},"end":{"line":3774,"column":4}}]},"784":{"line":3779,"type":"if","locations":[{"start":{"line":3779,"column":6},"end":{"line":3779,"column":6}},{"start":{"line":3779,"column":6},"end":{"line":3779,"column":6}}]},"785":{"line":3818,"type":"if","locations":[{"start":{"line":3818,"column":2},"end":{"line":3818,"column":2}},{"start":{"line":3818,"column":2},"end":{"line":3818,"column":2}}]},"786":{"line":3829,"type":"if","locations":[{"start":{"line":3829,"column":2},"end":{"line":3829,"column":2}},{"start":{"line":3829,"column":2},"end":{"line":3829,"column":2}}]},"787":{"line":3829,"type":"binary-expr","locations":[{"start":{"line":3829,"column":6},"end":{"line":3829,"column":14}},{"start":{"line":3829,"column":18},"end":{"line":3829,"column":26}}]},"788":{"line":3837,"type":"if","locations":[{"start":{"line":3837,"column":2},"end":{"line":3837,"column":2}},{"start":{"line":3837,"column":2},"end":{"line":3837,"column":2}}]},"789":{"line":3838,"type":"if","locations":[{"start":{"line":3838,"column":2},"end":{"line":3838,"column":2}},{"start":{"line":3838,"column":2},"end":{"line":3838,"column":2}}]},"790":{"line":3839,"type":"if","locations":[{"start":{"line":3839,"column":2},"end":{"line":3839,"column":2}},{"start":{"line":3839,"column":2},"end":{"line":3839,"column":2}}]},"791":{"line":3839,"type":"binary-expr","locations":[{"start":{"line":3839,"column":6},"end":{"line":3839,"column":21}},{"start":{"line":3839,"column":25},"end":{"line":3839,"column":34}}]},"792":{"line":3842,"type":"if","locations":[{"start":{"line":3842,"column":2},"end":{"line":3842,"column":2}},{"start":{"line":3842,"column":2},"end":{"line":3842,"column":2}}]},"793":{"line":3845,"type":"if","locations":[{"start":{"line":3845,"column":6},"end":{"line":3845,"column":6}},{"start":{"line":3845,"column":6},"end":{"line":3845,"column":6}}]},"794":{"line":3849,"type":"if","locations":[{"start":{"line":3849,"column":2},"end":{"line":3849,"column":2}},{"start":{"line":3849,"column":2},"end":{"line":3849,"column":2}}]},"795":{"line":3853,"type":"if","locations":[{"start":{"line":3853,"column":4},"end":{"line":3853,"column":4}},{"start":{"line":3853,"column":4},"end":{"line":3853,"column":4}}]},"796":{"line":3856,"type":"if","locations":[{"start":{"line":3856,"column":2},"end":{"line":3856,"column":2}},{"start":{"line":3856,"column":2},"end":{"line":3856,"column":2}}]},"797":{"line":3860,"type":"if","locations":[{"start":{"line":3860,"column":4},"end":{"line":3860,"column":4}},{"start":{"line":3860,"column":4},"end":{"line":3860,"column":4}}]},"798":{"line":3929,"type":"if","locations":[{"start":{"line":3929,"column":2},"end":{"line":3929,"column":2}},{"start":{"line":3929,"column":2},"end":{"line":3929,"column":2}}]},"799":{"line":3930,"type":"if","locations":[{"start":{"line":3930,"column":2},"end":{"line":3930,"column":2}},{"start":{"line":3930,"column":2},"end":{"line":3930,"column":2}}]},"800":{"line":3932,"type":"if","locations":[{"start":{"line":3932,"column":2},"end":{"line":3932,"column":2}},{"start":{"line":3932,"column":2},"end":{"line":3932,"column":2}}]},"801":{"line":3941,"type":"if","locations":[{"start":{"line":3941,"column":2},"end":{"line":3941,"column":2}},{"start":{"line":3941,"column":2},"end":{"line":3941,"column":2}}]},"802":{"line":3941,"type":"binary-expr","locations":[{"start":{"line":3941,"column":6},"end":{"line":3941,"column":33}},{"start":{"line":3941,"column":37},"end":{"line":3941,"column":64}},{"start":{"line":3941,"column":68},"end":{"line":3941,"column":95}},{"start":{"line":3941,"column":99},"end":{"line":3941,"column":126}}]},"803":{"line":3948,"type":"if","locations":[{"start":{"line":3948,"column":2},"end":{"line":3948,"column":2}},{"start":{"line":3948,"column":2},"end":{"line":3948,"column":2}}]},"804":{"line":3958,"type":"if","locations":[{"start":{"line":3958,"column":2},"end":{"line":3958,"column":2}},{"start":{"line":3958,"column":2},"end":{"line":3958,"column":2}}]},"805":{"line":3982,"type":"if","locations":[{"start":{"line":3982,"column":2},"end":{"line":3982,"column":2}},{"start":{"line":3982,"column":2},"end":{"line":3982,"column":2}}]},"806":{"line":3993,"type":"if","locations":[{"start":{"line":3993,"column":2},"end":{"line":3993,"column":2}},{"start":{"line":3993,"column":2},"end":{"line":3993,"column":2}}]},"807":{"line":3998,"type":"if","locations":[{"start":{"line":3998,"column":2},"end":{"line":3998,"column":2}},{"start":{"line":3998,"column":2},"end":{"line":3998,"column":2}}]},"808":{"line":3998,"type":"binary-expr","locations":[{"start":{"line":3998,"column":6},"end":{"line":3998,"column":49}},{"start":{"line":3998,"column":53},"end":{"line":3998,"column":100}},{"start":{"line":3998,"column":104},"end":{"line":3998,"column":151}},{"start":{"line":3998,"column":155},"end":{"line":3998,"column":202}}]},"809":{"line":4005,"type":"if","locations":[{"start":{"line":4005,"column":2},"end":{"line":4005,"column":2}},{"start":{"line":4005,"column":2},"end":{"line":4005,"column":2}}]},"810":{"line":4006,"type":"if","locations":[{"start":{"line":4006,"column":2},"end":{"line":4006,"column":2}},{"start":{"line":4006,"column":2},"end":{"line":4006,"column":2}}]},"811":{"line":4008,"type":"if","locations":[{"start":{"line":4008,"column":2},"end":{"line":4008,"column":2}},{"start":{"line":4008,"column":2},"end":{"line":4008,"column":2}}]},"812":{"line":4009,"type":"if","locations":[{"start":{"line":4009,"column":2},"end":{"line":4009,"column":2}},{"start":{"line":4009,"column":2},"end":{"line":4009,"column":2}}]},"813":{"line":4016,"type":"if","locations":[{"start":{"line":4016,"column":2},"end":{"line":4016,"column":2}},{"start":{"line":4016,"column":2},"end":{"line":4016,"column":2}}]},"814":{"line":4016,"type":"binary-expr","locations":[{"start":{"line":4016,"column":6},"end":{"line":4016,"column":33}},{"start":{"line":4016,"column":37},"end":{"line":4016,"column":64}},{"start":{"line":4016,"column":68},"end":{"line":4016,"column":95}},{"start":{"line":4016,"column":99},"end":{"line":4016,"column":126}}]},"815":{"line":4145,"type":"binary-expr","locations":[{"start":{"line":4145,"column":11},"end":{"line":4145,"column":30}},{"start":{"line":4145,"column":34},"end":{"line":4145,"column":90}}]},"816":{"line":4161,"type":"binary-expr","locations":[{"start":{"line":4161,"column":11},"end":{"line":4161,"column":17}},{"start":{"line":4161,"column":22},"end":{"line":4161,"column":91}},{"start":{"line":4161,"column":95},"end":{"line":4161,"column":113}},{"start":{"line":4161,"column":117},"end":{"line":4161,"column":156}}]},"817":{"line":4164,"type":"binary-expr","locations":[{"start":{"line":4164,"column":11},"end":{"line":4164,"column":37}},{"start":{"line":4164,"column":41},"end":{"line":4164,"column":47}},{"start":{"line":4164,"column":51},"end":{"line":4164,"column":69}},{"start":{"line":4164,"column":73},"end":{"line":4164,"column":109}}]},"818":{"line":4170,"type":"binary-expr","locations":[{"start":{"line":4170,"column":11},"end":{"line":4170,"column":37}},{"start":{"line":4170,"column":41},"end":{"line":4170,"column":69}}]},"819":{"line":4185,"type":"binary-expr","locations":[{"start":{"line":4185,"column":11},"end":{"line":4185,"column":28}},{"start":{"line":4185,"column":32},"end":{"line":4187,"column":22}}]},"820":{"line":4196,"type":"if","locations":[{"start":{"line":4196,"column":8},"end":{"line":4196,"column":8}},{"start":{"line":4196,"column":8},"end":{"line":4196,"column":8}}]},"821":{"line":4223,"type":"if","locations":[{"start":{"line":4223,"column":4},"end":{"line":4223,"column":4}},{"start":{"line":4223,"column":4},"end":{"line":4223,"column":4}}]},"822":{"line":4228,"type":"if","locations":[{"start":{"line":4228,"column":6},"end":{"line":4228,"column":6}},{"start":{"line":4228,"column":6},"end":{"line":4228,"column":6}}]}}}}