TN:
SF:/Users/sullof/Projects/tron/tron-web/dist/TronWeb.node.js
FN:2,(anonymous_1)
FN:7,__webpack_require__
FN:38,(anonymous_3)
FN:45,(anonymous_4)
FN:57,(anonymous_5)
FN:64,(anonymous_6)
FN:69,(anonymous_7)
FN:71,getDefault
FN:72,getModuleExports
FN:78,(anonymous_10)
FN:95,(anonymous_11)
FN:99,(anonymous_12)
FN:145,(anonymous_13)
FN:146,TronWeb
FN:167,(anonymous_15)
FN:179,setDefaultBlock
FN:187,setPrivateKey
FN:200,setAddress
FN:212,isValidProvider
FN:213,(anonymous_20)
FN:219,isEventServerConnected
FN:221,(anonymous_22)
FN:224,(anonymous_23)
FN:230,setFullNode
FN:238,setSolidityNode
FN:246,setEventServer
FN:253,currentProviders
FN:262,currentProvider
FN:267,getEventResult
FN:281,(anonymous_30)
FN:286,(anonymous_31)
FN:289,(anonymous_32)
FN:295,getEventByTransacionID
FN:300,(anonymous_34)
FN:305,(anonymous_35)
FN:308,(anonymous_36)
FN:314,contract
FN:321,(anonymous_38)
FN:324,_callee
FN:327,_callee$
FN:372,isConnected
FN:378,sha3
FN:383,toHex
FN:398,toUtf8
FN:403,fromUtf8
FN:408,toAscii
FN:413,fromAscii
FN:418,toDecimal
FN:423,fromDecimal
FN:430,fromSun
FN:436,toSun
FN:442,toBigNumber
FN:450,isAddress
FN:463,compile
FN:466,(anonymous_55)
FN:469,_callee2
FN:473,_callee2$
FN:490,createAccount
FN:496,get
FN:498,fromHex
FN:502,toHex
FN:506,fromPrivateKey
FN:534,(anonymous_63)
FN:538,(anonymous_64)
FN:566,(anonymous_65)
FN:567,Contract
FN:591,(anonymous_67)
FN:594,_callee
FN:599,_callee$
FN:608,(anonymous_70)
FN:611,(anonymous_71)
FN:612,(anonymous_72)
FN:630,_getEvents
FN:636,(anonymous_74)
FN:639,_callee2
FN:642,_callee2$
FN:669,(anonymous_77)
FN:670,(anonymous_78)
FN:671,(anonymous_79)
FN:674,(anonymous_80)
FN:687,_startEventListener
FN:693,_stopEventListener
FN:701,hasProperty
FN:706,loadAbi
FN:711,(anonymous_85)
FN:714,(anonymous_86)
FN:745,(anonymous_87)
FN:748,_callee3
FN:756,_callee3$
FN:817,_new
FN:823,(anonymous_91)
FN:826,_callee4
FN:830,_callee4$
FN:881,at
FN:887,events
FN:892,start
FN:901,(anonymous_97)
FN:903,(anonymous_98)
FN:909,stop
FN:928,(anonymous_100)
FN:932,(anonymous_101)
FN:961,getFunctionSelector
FN:965,getParamTypes
FN:966,(anonymous_104)
FN:972,decodeOutput
FN:973,(anonymous_106)
FN:976,(anonymous_107)
FN:979,(anonymous_108)
FN:983,(anonymous_109)
FN:992,(anonymous_110)
FN:993,Method
FN:1017,onMethod
FN:1025,(anonymous_113)
FN:1029,call
FN:1036,send
FN:1043,watch
FN:1050,(anonymous_117)
FN:1053,_callee
FN:1061,_callee$
FN:1116,(anonymous_120)
FN:1122,(anonymous_121)
FN:1143,_call
FN:1149,(anonymous_123)
FN:1152,_callee3
FN:1166,_callee3$
FN:1235,(anonymous_126)
FN:1286,(anonymous_127)
FN:1289,_callee2
FN:1294,_callee2$
FN:1322,(anonymous_130)
FN:1363,checkResult
FN:1385,_send
FN:1391,(anonymous_133)
FN:1394,_callee5
FN:1403,_callee5$
FN:1446,(anonymous_136)
FN:1449,_callee4
FN:1452,_callee4$
FN:1462,(anonymous_139)
FN:1465,(anonymous_140)
FN:1466,(anonymous_141)
FN:1489,getEvents
FN:1494,bindListener
FN:1496,(anonymous_144)
FN:1497,(anonymous_145)
FN:1498,(anonymous_146)
FN:1501,(anonymous_147)
FN:1514,stop
FN:1529,_watch
FN:1547,(anonymous_150)
FN:1551,(anonymous_151)
FN:1575,(anonymous_152)
FN:1576,HttpProvider
FN:1608,setStatusPage
FN:1614,(anonymous_155)
FN:1617,_callee
FN:1620,_callee$
FN:1625,(anonymous_158)
FN:1627,(anonymous_159)
FN:1639,isConnected
FN:1645,request
FN:1654,(anonymous_162)
FN:1674,(anonymous_163)
FN:1694,(anonymous_164)
FN:1698,(anonymous_165)
FN:1721,(anonymous_166)
FN:1722,TransactionBuilder
FN:1734,sendTrx
FN:1756,(anonymous_169)
FN:1759,(anonymous_170)
FN:1765,sendToken
FN:1791,(anonymous_172)
FN:1794,(anonymous_173)
FN:1800,purchaseToken
FN:1822,(anonymous_175)
FN:1825,(anonymous_176)
FN:1831,freezeBalance
FN:1850,(anonymous_178)
FN:1853,(anonymous_179)
FN:1859,unfreezeBalance
FN:1872,(anonymous_181)
FN:1875,(anonymous_182)
FN:1881,withdrawBlockRewards
FN:1894,(anonymous_184)
FN:1897,(anonymous_185)
FN:1903,applyForSR
FN:1920,(anonymous_187)
FN:1923,(anonymous_188)
FN:1929,vote
FN:1945,(anonymous_190)
FN:1971,(anonymous_191)
FN:1974,(anonymous_192)
FN:1980,createSmartContract
FN:2013,(anonymous_194)
FN:2055,(anonymous_195)
FN:2058,(anonymous_196)
FN:2064,triggerSmartContract
FN:2134,(anonymous_198)
FN:2143,(anonymous_199)
FN:2149,createToken
FN:2219,(anonymous_201)
FN:2227,(anonymous_202)
FN:2233,updateToken
FN:2263,(anonymous_204)
FN:2271,(anonymous_205)
FN:2277,sendAsset
FN:2282,purchaseAsset
FN:2287,createAsset
FN:2292,updateAsset
FN:2309,(anonymous_210)
FN:2313,(anonymous_211)
FN:2342,(anonymous_212)
FN:2343,Trx
FN:2355,parseToken
FN:2365,getCurrentBlock
FN:2368,(anonymous_216)
FN:2370,(anonymous_217)
FN:2376,getBlock
FN:2394,getBlockByHash
FN:2399,(anonymous_220)
FN:2402,(anonymous_221)
FN:2408,getBlockByNumber
FN:2414,(anonymous_223)
FN:2417,(anonymous_224)
FN:2423,getBlockTransactionCount
FN:2433,(anonymous_226)
FN:2437,(anonymous_227)
FN:2443,getTransactionFromBlock
FN:2460,(anonymous_229)
FN:2465,(anonymous_230)
FN:2471,getTransaction
FN:2476,(anonymous_232)
FN:2479,(anonymous_233)
FN:2485,getTransactionInfo
FN:2490,(anonymous_235)
FN:2492,(anonymous_236)
FN:2498,getTransactionsToAddress
FN:2519,getTransactionsFromAddress
FN:2540,(anonymous_239)
FN:2543,_callee
FN:2552,_callee$
FN:2614,(anonymous_242)
FN:2616,(anonymous_243)
FN:2618,(anonymous_244)
FN:2659,(anonymous_245)
FN:2662,(anonymous_246)
FN:2674,getTransactionsRelated
FN:2680,getAccount
FN:2694,(anonymous_249)
FN:2696,(anonymous_250)
FN:2702,getBalance
FN:2712,(anonymous_252)
FN:2716,(anonymous_253)
FN:2722,getBandwidth
FN:2736,(anonymous_255)
FN:2746,(anonymous_256)
FN:2752,getTokensIssuedByAddress
FN:2768,(anonymous_258)
FN:2772,(anonymous_259)
FN:2774,(anonymous_260)
FN:2778,(anonymous_261)
FN:2784,getTokenFromID
FN:2793,(anonymous_263)
FN:2796,(anonymous_264)
FN:2802,listNodes
FN:2807,(anonymous_266)
FN:2810,(anonymous_267)
FN:2816,(anonymous_268)
FN:2822,getBlockRange
FN:2843,(anonymous_270)
FN:2847,(anonymous_271)
FN:2853,listSuperRepresentatives
FN:2856,(anonymous_273)
FN:2860,(anonymous_274)
FN:2866,listTokens
FN:2888,(anonymous_276)
FN:2891,(anonymous_277)
FN:2894,(anonymous_278)
FN:2902,(anonymous_279)
FN:2905,(anonymous_280)
FN:2908,(anonymous_281)
FN:2914,timeUntilNextVoteCycle
FN:2917,(anonymous_283)
FN:2922,(anonymous_284)
FN:2928,getContract
FN:2935,(anonymous_286)
FN:2938,(anonymous_287)
FN:2944,sign
FN:2968,sendRawTransaction
FN:2974,(anonymous_290)
FN:2976,(anonymous_291)
FN:2982,(anonymous_292)
FN:2985,_callee2
FN:2995,_callee2$
FN:3065,sendTransaction
FN:3071,(anonymous_296)
FN:3074,_callee3
FN:3085,_callee3$
FN:3164,sendToken
FN:3170,sendAsset
FN:3175,send
FN:3180,sendTrx
FN:3185,broadcast
FN:3190,signTransaction
FN:3208,(anonymous_305)
FN:3212,(anonymous_306)
FN:3220,Witness
FN:3233,(anonymous_308)
FN:3237,(anonymous_309)
FN:3245,generateAccount
FN:3268,(anonymous_311)
FN:3272,(anonymous_312)
FN:3273,(anonymous_313)
FN:3274,(anonymous_314)
FN:3290,(anonymous_315)
FN:3294,(anonymous_316)
FN:3295,(anonymous_317)
FN:3307,encode58
FN:3337,(anonymous_319)
FN:3341,decode58
FN:3384,(anonymous_321)
FN:3388,(anonymous_322)
FN:3392,Base64
FN:3397,(anonymous_324)
FN:3423,(anonymous_325)
FN:3449,(anonymous_326)
FN:3477,(anonymous_327)
FN:3505,(anonymous_328)
FN:3519,(anonymous_329)
FN:3541,(anonymous_330)
FN:3575,(anonymous_331)
FN:3579,(anonymous_332)
FN:3580,(anonymous_333)
FN:3581,(anonymous_334)
FN:3582,(anonymous_335)
FN:3583,(anonymous_336)
FN:3589,byte2hexStr
FN:3596,bytesToString
FN:3621,hextoString
FN:3632,base64DecodeFromString
FN:3635,byteArray2hexStr
FN:3652,(anonymous_342)
FN:3656,(anonymous_343)
FN:3657,(anonymous_344)
FN:3658,(anonymous_345)
FN:3659,(anonymous_346)
FN:3660,(anonymous_347)
FN:3661,(anonymous_348)
FN:3662,(anonymous_349)
FN:3663,(anonymous_350)
FN:3664,(anonymous_351)
FN:3665,(anonymous_352)
FN:3666,(anonymous_353)
FN:3667,(anonymous_354)
FN:3668,(anonymous_355)
FN:3669,(anonymous_356)
FN:3670,(anonymous_357)
FN:3679,bin2String
FN:3682,arrayEquals
FN:3692,stringToBytes
FN:3718,bytesToString
FN:3741,hextoString
FN:3753,hexChar2byte
FN:3758,isHexChar
FN:3765,hexStr2byteArray
FN:3788,byte2hexStr
FN:3795,byteArray2hexStr
FN:3796,(anonymous_368)
FN:3800,base64DecodeFromString
FN:3805,base64EncodeToString
FN:3811,strToDate
FN:3828,isNumber
FN:3836,getStringType
FN:3873,(anonymous_374)
FN:3877,(anonymous_375)
FN:3878,(anonymous_376)
FN:3879,(anonymous_377)
FN:3880,(anonymous_378)
FN:3881,(anonymous_379)
FN:3882,(anonymous_380)
FN:3883,(anonymous_381)
FN:3884,(anonymous_382)
FN:3885,(anonymous_383)
FN:3886,(anonymous_384)
FN:3887,(anonymous_385)
FN:3888,(anonymous_386)
FN:3889,(anonymous_387)
FN:3890,(anonymous_388)
FN:3891,(anonymous_389)
FN:3892,(anonymous_390)
FN:3893,(anonymous_391)
FN:3894,(anonymous_392)
FN:3895,(anonymous_393)
FN:3921,getBase58CheckAddress
FN:3928,decodeBase58Address
FN:3947,signTransaction
FN:3954,arrayToBase64String
FN:3957,signBytes
FN:3963,getRowBytesFromTransactionBase64
FN:3969,genPriKey
FN:3981,computeAddress
FN:3987,getAddressFromPriKey
FN:3991,decode58Check
FN:4004,isAddressValid
FN:4022,getBase58CheckAddressFromPriKeyBase64String
FN:4028,getHexStrAddressFromPriKeyBase64String
FN:4035,getAddressFromPriKeyBase64String
FN:4042,getPubKeyFromPriKey
FN:4064,ECKeySign
FN:4087,SHA256
FN:4094,passwordToAddress
FN:4099,pkToAddress
FN:4112,(anonymous_413)
FN:4139,isValidURL
FN:4144,isObject
FN:4147,isArray
FN:4150,isJson
FN:4157,isBoolean
FN:4160,isBigNumber
FN:4163,isString
FN:4166,isFunction
FN:4169,isHex
FN:4172,isInteger
FN:4175,hasProperty
FN:4178,hasProperties
FN:4185,(anonymous_426)
FN:4189,injectPromise
FN:4194,(anonymous_428)
FN:4195,(anonymous_429)
FN:4200,promiseInjector
FN:4203,(anonymous_431)
FN:4211,mapEvent
FN:4221,parseEvent
FN:4224,(anonymous_434)
FN:4250,(anonymous_435)
FN:4261,(anonymous_436)
FN:4272,(anonymous_437)
FN:4283,(anonymous_438)
FN:4294,(anonymous_439)
FN:4305,(anonymous_440)
FN:4316,(anonymous_441)
FN:4327,(anonymous_442)
FN:4338,(anonymous_443)
FN:4349,(anonymous_444)
FN:4360,(anonymous_445)
FN:4371,(anonymous_446)
FN:4382,(anonymous_447)
FN:4393,(anonymous_448)
FN:4404,(anonymous_449)
FN:4415,(anonymous_450)
FN:4426,(anonymous_451)
FNF:451
FNH:125
FNDA:1,(anonymous_1)
FNDA:91,__webpack_require__
FNDA:114,(anonymous_3)
FNDA:16,(anonymous_4)
FNDA:0,(anonymous_5)
FNDA:0,(anonymous_6)
FNDA:61,(anonymous_7)
FNDA:0,getDefault
FNDA:721,getModuleExports
FNDA:114,(anonymous_10)
FNDA:1,(anonymous_11)
FNDA:71,(anonymous_12)
FNDA:1,(anonymous_13)
FNDA:38,TronWeb
FNDA:525,(anonymous_15)
FNDA:8,setDefaultBlock
FNDA:33,setPrivateKey
FNDA:37,setAddress
FNDA:80,isValidProvider
FNDA:80,(anonymous_20)
FNDA:2,isEventServerConnected
FNDA:2,(anonymous_22)
FNDA:0,(anonymous_23)
FNDA:40,setFullNode
FNDA:40,setSolidityNode
FNDA:41,setEventServer
FNDA:1,currentProviders
FNDA:0,currentProvider
FNDA:0,getEventResult
FNDA:0,(anonymous_30)
FNDA:0,(anonymous_31)
FNDA:0,(anonymous_32)
FNDA:0,getEventByTransacionID
FNDA:0,(anonymous_34)
FNDA:0,(anonymous_35)
FNDA:0,(anonymous_36)
FNDA:0,contract
FNDA:1,(anonymous_38)
FNDA:0,_callee
FNDA:0,_callee$
FNDA:0,isConnected
FNDA:0,sha3
FNDA:0,toHex
FNDA:0,toUtf8
FNDA:0,fromUtf8
FNDA:0,toAscii
FNDA:0,fromAscii
FNDA:0,toDecimal
FNDA:0,fromDecimal
FNDA:0,fromSun
FNDA:0,toSun
FNDA:0,toBigNumber
FNDA:39,isAddress
FNDA:0,compile
FNDA:1,(anonymous_55)
FNDA:0,_callee2
FNDA:0,_callee2$
FNDA:0,createAccount
FNDA:35,get
FNDA:36,fromHex
FNDA:36,toHex
FNDA:37,fromPrivateKey
FNDA:1,(anonymous_63)
FNDA:0,(anonymous_64)
FNDA:1,(anonymous_65)
FNDA:0,Contract
FNDA:1,(anonymous_67)
FNDA:0,_callee
FNDA:0,_callee$
FNDA:0,(anonymous_70)
FNDA:0,(anonymous_71)
FNDA:0,(anonymous_72)
FNDA:0,_getEvents
FNDA:1,(anonymous_74)
FNDA:0,_callee2
FNDA:0,_callee2$
FNDA:0,(anonymous_77)
FNDA:0,(anonymous_78)
FNDA:0,(anonymous_79)
FNDA:0,(anonymous_80)
FNDA:0,_startEventListener
FNDA:0,_stopEventListener
FNDA:0,hasProperty
FNDA:0,loadAbi
FNDA:0,(anonymous_85)
FNDA:0,(anonymous_86)
FNDA:1,(anonymous_87)
FNDA:0,_callee3
FNDA:0,_callee3$
FNDA:0,_new
FNDA:1,(anonymous_91)
FNDA:0,_callee4
FNDA:0,_callee4$
FNDA:0,at
FNDA:0,events
FNDA:0,start
FNDA:0,(anonymous_97)
FNDA:0,(anonymous_98)
FNDA:0,stop
FNDA:1,(anonymous_100)
FNDA:0,(anonymous_101)
FNDA:0,getFunctionSelector
FNDA:0,getParamTypes
FNDA:0,(anonymous_104)
FNDA:0,decodeOutput
FNDA:0,(anonymous_106)
FNDA:0,(anonymous_107)
FNDA:0,(anonymous_108)
FNDA:0,(anonymous_109)
FNDA:1,(anonymous_110)
FNDA:0,Method
FNDA:0,onMethod
FNDA:0,(anonymous_113)
FNDA:0,call
FNDA:0,send
FNDA:0,watch
FNDA:1,(anonymous_117)
FNDA:0,_callee
FNDA:0,_callee$
FNDA:0,(anonymous_120)
FNDA:0,(anonymous_121)
FNDA:0,_call
FNDA:1,(anonymous_123)
FNDA:0,_callee3
FNDA:0,_callee3$
FNDA:0,(anonymous_126)
FNDA:0,(anonymous_127)
FNDA:0,_callee2
FNDA:0,_callee2$
FNDA:0,(anonymous_130)
FNDA:0,checkResult
FNDA:0,_send
FNDA:1,(anonymous_133)
FNDA:0,_callee5
FNDA:0,_callee5$
FNDA:0,(anonymous_136)
FNDA:0,_callee4
FNDA:0,_callee4$
FNDA:0,(anonymous_139)
FNDA:0,(anonymous_140)
FNDA:0,(anonymous_141)
FNDA:0,getEvents
FNDA:0,bindListener
FNDA:0,(anonymous_144)
FNDA:0,(anonymous_145)
FNDA:0,(anonymous_146)
FNDA:0,(anonymous_147)
FNDA:0,stop
FNDA:0,_watch
FNDA:1,(anonymous_150)
FNDA:1,(anonymous_151)
FNDA:1,(anonymous_152)
FNDA:83,HttpProvider
FNDA:76,setStatusPage
FNDA:1,(anonymous_155)
FNDA:0,_callee
FNDA:0,_callee$
FNDA:0,(anonymous_158)
FNDA:0,(anonymous_159)
FNDA:0,isConnected
FNDA:0,request
FNDA:0,(anonymous_162)
FNDA:1,(anonymous_163)
FNDA:1,(anonymous_164)
FNDA:35,(anonymous_165)
FNDA:1,(anonymous_166)
FNDA:35,TransactionBuilder
FNDA:0,sendTrx
FNDA:0,(anonymous_169)
FNDA:0,(anonymous_170)
FNDA:0,sendToken
FNDA:0,(anonymous_172)
FNDA:0,(anonymous_173)
FNDA:0,purchaseToken
FNDA:0,(anonymous_175)
FNDA:0,(anonymous_176)
FNDA:0,freezeBalance
FNDA:0,(anonymous_178)
FNDA:0,(anonymous_179)
FNDA:0,unfreezeBalance
FNDA:0,(anonymous_181)
FNDA:0,(anonymous_182)
FNDA:0,withdrawBlockRewards
FNDA:0,(anonymous_184)
FNDA:0,(anonymous_185)
FNDA:0,applyForSR
FNDA:0,(anonymous_187)
FNDA:0,(anonymous_188)
FNDA:0,vote
FNDA:0,(anonymous_190)
FNDA:0,(anonymous_191)
FNDA:0,(anonymous_192)
FNDA:0,createSmartContract
FNDA:0,(anonymous_194)
FNDA:0,(anonymous_195)
FNDA:0,(anonymous_196)
FNDA:0,triggerSmartContract
FNDA:0,(anonymous_198)
FNDA:0,(anonymous_199)
FNDA:0,createToken
FNDA:0,(anonymous_201)
FNDA:0,(anonymous_202)
FNDA:0,updateToken
FNDA:0,(anonymous_204)
FNDA:0,(anonymous_205)
FNDA:0,sendAsset
FNDA:0,purchaseAsset
FNDA:0,createAsset
FNDA:0,updateAsset
FNDA:1,(anonymous_210)
FNDA:35,(anonymous_211)
FNDA:1,(anonymous_212)
FNDA:35,Trx
FNDA:0,parseToken
FNDA:0,getCurrentBlock
FNDA:0,(anonymous_216)
FNDA:0,(anonymous_217)
FNDA:0,getBlock
FNDA:0,getBlockByHash
FNDA:0,(anonymous_220)
FNDA:0,(anonymous_221)
FNDA:0,getBlockByNumber
FNDA:0,(anonymous_223)
FNDA:0,(anonymous_224)
FNDA:0,getBlockTransactionCount
FNDA:0,(anonymous_226)
FNDA:0,(anonymous_227)
FNDA:0,getTransactionFromBlock
FNDA:0,(anonymous_229)
FNDA:0,(anonymous_230)
FNDA:0,getTransaction
FNDA:0,(anonymous_232)
FNDA:0,(anonymous_233)
FNDA:0,getTransactionInfo
FNDA:0,(anonymous_235)
FNDA:0,(anonymous_236)
FNDA:0,getTransactionsToAddress
FNDA:0,getTransactionsFromAddress
FNDA:1,(anonymous_239)
FNDA:0,_callee
FNDA:0,_callee$
FNDA:0,(anonymous_242)
FNDA:0,(anonymous_243)
FNDA:0,(anonymous_244)
FNDA:0,(anonymous_245)
FNDA:0,(anonymous_246)
FNDA:0,getTransactionsRelated
FNDA:0,getAccount
FNDA:0,(anonymous_249)
FNDA:0,(anonymous_250)
FNDA:0,getBalance
FNDA:0,(anonymous_252)
FNDA:0,(anonymous_253)
FNDA:0,getBandwidth
FNDA:0,(anonymous_255)
FNDA:0,(anonymous_256)
FNDA:0,getTokensIssuedByAddress
FNDA:0,(anonymous_258)
FNDA:0,(anonymous_259)
FNDA:0,(anonymous_260)
FNDA:0,(anonymous_261)
FNDA:0,getTokenFromID
FNDA:0,(anonymous_263)
FNDA:0,(anonymous_264)
FNDA:0,listNodes
FNDA:0,(anonymous_266)
FNDA:0,(anonymous_267)
FNDA:0,(anonymous_268)
FNDA:0,getBlockRange
FNDA:0,(anonymous_270)
FNDA:0,(anonymous_271)
FNDA:0,listSuperRepresentatives
FNDA:0,(anonymous_273)
FNDA:0,(anonymous_274)
FNDA:0,listTokens
FNDA:0,(anonymous_276)
FNDA:0,(anonymous_277)
FNDA:0,(anonymous_278)
FNDA:0,(anonymous_279)
FNDA:0,(anonymous_280)
FNDA:0,(anonymous_281)
FNDA:0,timeUntilNextVoteCycle
FNDA:0,(anonymous_283)
FNDA:0,(anonymous_284)
FNDA:0,getContract
FNDA:0,(anonymous_286)
FNDA:0,(anonymous_287)
FNDA:0,sign
FNDA:0,sendRawTransaction
FNDA:0,(anonymous_290)
FNDA:0,(anonymous_291)
FNDA:1,(anonymous_292)
FNDA:0,_callee2
FNDA:0,_callee2$
FNDA:0,sendTransaction
FNDA:1,(anonymous_296)
FNDA:0,_callee3
FNDA:0,_callee3$
FNDA:0,sendToken
FNDA:0,sendAsset
FNDA:0,send
FNDA:0,sendTrx
FNDA:0,broadcast
FNDA:0,signTransaction
FNDA:1,(anonymous_305)
FNDA:35,(anonymous_306)
FNDA:35,Witness
FNDA:1,(anonymous_308)
FNDA:0,(anonymous_309)
FNDA:0,generateAccount
FNDA:1,(anonymous_311)
FNDA:36,(anonymous_312)
FNDA:36,(anonymous_313)
FNDA:36,(anonymous_314)
FNDA:1,(anonymous_315)
FNDA:40,(anonymous_316)
FNDA:70,(anonymous_317)
FNDA:40,encode58
FNDA:1360,(anonymous_319)
FNDA:70,decode58
FNDA:1,(anonymous_321)
FNDA:0,(anonymous_322)
FNDA:0,Base64
FNDA:0,(anonymous_324)
FNDA:0,(anonymous_325)
FNDA:0,(anonymous_326)
FNDA:0,(anonymous_327)
FNDA:0,(anonymous_328)
FNDA:0,(anonymous_329)
FNDA:0,(anonymous_330)
FNDA:1,(anonymous_331)
FNDA:0,(anonymous_332)
FNDA:0,(anonymous_333)
FNDA:0,(anonymous_334)
FNDA:0,(anonymous_335)
FNDA:220,(anonymous_336)
FNDA:5830,byte2hexStr
FNDA:0,bytesToString
FNDA:0,hextoString
FNDA:0,base64DecodeFromString
FNDA:220,byteArray2hexStr
FNDA:1,(anonymous_342)
FNDA:0,(anonymous_343)
FNDA:0,(anonymous_344)
FNDA:0,(anonymous_345)
FNDA:0,(anonymous_346)
FNDA:0,(anonymous_347)
FNDA:0,(anonymous_348)
FNDA:0,(anonymous_349)
FNDA:333,(anonymous_350)
FNDA:0,(anonymous_351)
FNDA:34,(anonymous_352)
FNDA:0,(anonymous_353)
FNDA:0,(anonymous_354)
FNDA:0,(anonymous_355)
FNDA:0,(anonymous_356)
FNDA:0,(anonymous_357)
FNDA:0,bin2String
FNDA:0,arrayEquals
FNDA:0,stringToBytes
FNDA:0,bytesToString
FNDA:0,hextoString
FNDA:22745,hexChar2byte
FNDA:22748,isHexChar
FNDA:333,hexStr2byteArray
FNDA:714,byte2hexStr
FNDA:34,byteArray2hexStr
FNDA:714,(anonymous_368)
FNDA:0,base64DecodeFromString
FNDA:0,base64EncodeToString
FNDA:0,strToDate
FNDA:0,isNumber
FNDA:0,getStringType
FNDA:1,(anonymous_374)
FNDA:4,(anonymous_375)
FNDA:34,(anonymous_376)
FNDA:0,(anonymous_377)
FNDA:0,(anonymous_378)
FNDA:0,(anonymous_379)
FNDA:0,(anonymous_380)
FNDA:0,(anonymous_381)
FNDA:0,(anonymous_382)
FNDA:0,(anonymous_383)
FNDA:0,(anonymous_384)
FNDA:36,(anonymous_385)
FNDA:0,(anonymous_386)
FNDA:0,(anonymous_387)
FNDA:0,(anonymous_388)
FNDA:0,(anonymous_389)
FNDA:0,(anonymous_390)
FNDA:0,(anonymous_391)
FNDA:0,(anonymous_392)
FNDA:37,(anonymous_393)
FNDA:40,getBase58CheckAddress
FNDA:34,decodeBase58Address
FNDA:0,signTransaction
FNDA:0,arrayToBase64String
FNDA:0,signBytes
FNDA:0,getRowBytesFromTransactionBase64
FNDA:0,genPriKey
FNDA:36,computeAddress
FNDA:37,getAddressFromPriKey
FNDA:0,decode58Check
FNDA:36,isAddressValid
FNDA:0,getBase58CheckAddressFromPriKeyBase64String
FNDA:0,getHexStrAddressFromPriKeyBase64String
FNDA:0,getAddressFromPriKeyBase64String
FNDA:37,getPubKeyFromPriKey
FNDA:0,ECKeySign
FNDA:220,SHA256
FNDA:0,passwordToAddress
FNDA:37,pkToAddress
FNDA:1,(anonymous_413)
FNDA:122,isValidURL
FNDA:79,isObject
FNDA:0,isArray
FNDA:0,isJson
FNDA:0,isBoolean
FNDA:0,isBigNumber
FNDA:194,isString
FNDA:0,isFunction
FNDA:72,isHex
FNDA:4,isInteger
FNDA:2,hasProperty
FNDA:0,hasProperties
FNDA:0,(anonymous_426)
FNDA:0,injectPromise
FNDA:0,(anonymous_428)
FNDA:0,(anonymous_429)
FNDA:105,promiseInjector
FNDA:0,(anonymous_431)
FNDA:0,mapEvent
FNDA:0,parseEvent
FNDA:0,(anonymous_434)
FNDA:1,(anonymous_435)
FNDA:1,(anonymous_436)
FNDA:1,(anonymous_437)
FNDA:1,(anonymous_438)
FNDA:1,(anonymous_439)
FNDA:1,(anonymous_440)
FNDA:1,(anonymous_441)
FNDA:1,(anonymous_442)
FNDA:1,(anonymous_443)
FNDA:1,(anonymous_444)
FNDA:1,(anonymous_445)
FNDA:1,(anonymous_446)
FNDA:1,(anonymous_447)
FNDA:1,(anonymous_448)
FNDA:1,(anonymous_449)
FNDA:1,(anonymous_450)
FNDA:1,(anonymous_451)
DA:1,1
DA:4,1
DA:7,1
DA:10,91
DA:11,58
DA:14,33
DA:21,33
DA:24,33
DA:27,33
DA:32,1
DA:35,1
DA:38,1
DA:39,114
DA:40,114
DA:45,1
DA:46,16
DA:47,16
DA:49,16
DA:57,1
DA:58,0
DA:59,0
DA:60,0
DA:61,0
DA:62,0
DA:63,0
DA:64,0
DA:65,0
DA:69,1
DA:70,61
DA:71,0
DA:72,721
DA:73,61
DA:74,61
DA:78,114
DA:81,1
DA:85,1
DA:98,1
DA:99,71
DA:100,1
DA:101,1
DA:102,1
DA:103,1
DA:104,1
DA:105,1
DA:106,1
DA:107,1
DA:108,1
DA:109,1
DA:110,1
DA:111,1
DA:112,1
DA:113,1
DA:114,1
DA:115,1
DA:116,1
DA:117,1
DA:118,1
DA:119,1
DA:120,1
DA:121,1
DA:122,1
DA:123,1
DA:124,1
DA:125,1
DA:143,1
DA:146,1
DA:147,38
DA:149,38
DA:150,38
DA:152,38
DA:154,38
DA:155,37
DA:156,36
DA:157,36
DA:158,36
DA:159,35
DA:160,35
DA:161,35
DA:162,35
DA:163,35
DA:167,35
DA:168,525
DA:170,35
DA:171,35
DA:172,35
DA:173,35
DA:174,35
DA:177,1
DA:180,8
DA:181,8
DA:182,4
DA:183,2
DA:189,33
DA:190,33
DA:192,1
DA:196,32
DA:201,37
DA:202,36
DA:203,36
DA:204,36
DA:205,36
DA:213,80
DA:214,80
DA:220,2
DA:221,2
DA:222,2
DA:223,2
DA:225,0
DA:231,40
DA:232,39
DA:233,38
DA:234,38
DA:239,40
DA:240,39
DA:241,38
DA:242,38
DA:247,41
DA:248,41
DA:249,38
DA:254,1
DA:263,0
DA:268,0
DA:269,0
DA:270,0
DA:271,0
DA:272,0
DA:273,0
DA:274,0
DA:275,0
DA:276,0
DA:277,0
DA:278,0
DA:279,0
DA:280,0
DA:281,0
DA:282,0
DA:284,0
DA:285,0
DA:286,0
DA:287,0
DA:290,0
DA:296,0
DA:297,0
DA:298,0
DA:299,0
DA:300,0
DA:301,0
DA:303,0
DA:304,0
DA:305,0
DA:306,0
DA:309,0
DA:315,0
DA:316,0
DA:317,0
DA:322,1
DA:325,0
DA:327,0
DA:328,0
DA:329,0
DA:331,0
DA:333,0
DA:334,0
DA:335,0
DA:338,0
DA:341,0
DA:342,0
DA:343,0
DA:346,0
DA:347,0
DA:348,0
DA:351,0
DA:352,0
DA:353,0
DA:356,0
DA:357,0
DA:362,0
DA:366,0
DA:372,1
DA:373,0
DA:379,0
DA:384,0
DA:385,0
DA:386,0
DA:388,0
DA:389,0
DA:390,0
DA:391,0
DA:394,0
DA:399,0
DA:404,0
DA:409,0
DA:414,0
DA:419,0
DA:424,0
DA:425,0
DA:426,0
DA:431,0
DA:432,0
DA:437,0
DA:438,0
DA:443,0
DA:444,0
DA:445,0
DA:446,0
DA:451,39
DA:452,39
DA:454,38
DA:455,2
DA:458,36
DA:467,1
DA:470,0
DA:473,0
DA:474,0
DA:475,0
DA:477,0
DA:478,0
DA:479,0
DA:480,0
DA:484,0
DA:490,1
DA:491,0
DA:497,35
DA:499,36
DA:500,2
DA:503,36
DA:504,34
DA:507,37
DA:508,37
DA:510,1
DA:517,1
DA:520,1
DA:522,1
DA:537,1
DA:538,1
DA:539,1
DA:540,1
DA:541,1
DA:542,1
DA:543,1
DA:544,1
DA:545,1
DA:546,1
DA:547,1
DA:548,1
DA:549,1
DA:550,1
DA:551,1
DA:552,1
DA:553,1
DA:564,1
DA:567,1
DA:568,0
DA:569,0
DA:570,0
DA:572,0
DA:574,0
DA:575,0
DA:576,0
DA:577,0
DA:578,0
DA:579,0
DA:580,0
DA:581,0
DA:582,0
DA:583,0
DA:584,0
DA:585,0
DA:586,0
DA:589,1
DA:592,1
DA:595,0
DA:597,0
DA:599,0
DA:600,0
DA:601,0
DA:603,0
DA:604,0
DA:607,0
DA:608,0
DA:609,0
DA:611,0
DA:612,0
DA:613,0
DA:615,0
DA:616,0
DA:617,0
DA:619,0
DA:620,0
DA:624,0
DA:630,1
DA:631,0
DA:637,1
DA:640,0
DA:642,0
DA:643,0
DA:644,0
DA:646,0
DA:648,0
DA:649,0
DA:650,0
DA:653,0
DA:656,0
DA:657,0
DA:658,0
DA:661,0
DA:664,0
DA:665,0
DA:666,0
DA:669,0
DA:670,0
DA:671,0
DA:672,0
DA:675,0
DA:681,0
DA:687,1
DA:688,0
DA:694,0
DA:695,0
DA:696,0
DA:697,0
DA:702,0
DA:707,0
DA:709,0
DA:710,0
DA:711,0
DA:712,0
DA:714,0
DA:715,0
DA:716,0
DA:717,0
DA:720,0
DA:721,0
DA:722,0
DA:724,0
DA:725,0
DA:727,0
DA:730,0
DA:731,0
DA:733,0
DA:736,0
DA:737,0
DA:739,0
DA:746,1
DA:749,0
DA:756,0
DA:757,0
DA:758,0
DA:760,0
DA:761,0
DA:763,0
DA:764,0
DA:765,0
DA:768,0
DA:769,0
DA:770,0
DA:773,0
DA:776,0
DA:777,0
DA:778,0
DA:779,0
DA:782,0
DA:783,0
DA:784,0
DA:787,0
DA:788,0
DA:789,0
DA:792,0
DA:794,0
DA:795,0
DA:796,0
DA:799,0
DA:802,0
DA:805,0
DA:806,0
DA:807,0
DA:811,0
DA:817,1
DA:818,0
DA:824,1
DA:827,0
DA:830,0
DA:831,0
DA:832,0
DA:834,0
DA:836,0
DA:837,0
DA:838,0
DA:841,0
DA:844,0
DA:845,0
DA:846,0
DA:849,0
DA:850,0
DA:851,0
DA:852,0
DA:853,0
DA:854,0
DA:855,0
DA:856,0
DA:857,0
DA:860,0
DA:861,0
DA:863,0
DA:864,0
DA:865,0
DA:868,0
DA:871,0
DA:875,0
DA:881,1
DA:882,0
DA:888,0
DA:889,0
DA:890,0
DA:891,0
DA:893,0
DA:895,0
DA:896,0
DA:898,0
DA:901,0
DA:902,0
DA:904,0
DA:907,0
DA:910,0
DA:916,1
DA:931,1
DA:932,1
DA:933,1
DA:934,1
DA:935,1
DA:936,1
DA:937,1
DA:938,1
DA:939,1
DA:940,1
DA:941,1
DA:942,1
DA:943,1
DA:944,1
DA:945,1
DA:946,1
DA:947,1
DA:948,1
DA:949,1
DA:959,1
DA:961,1
DA:962,0
DA:965,1
DA:966,0
DA:967,0
DA:968,0
DA:972,1
DA:973,0
DA:974,0
DA:975,0
DA:977,0
DA:979,0
DA:980,0
DA:981,0
DA:983,0
DA:984,0
DA:985,0
DA:986,0
DA:990,1
DA:993,1
DA:994,0
DA:996,0
DA:997,0
DA:998,0
DA:999,0
DA:1000,0
DA:1001,0
DA:1002,0
DA:1003,0
DA:1004,0
DA:1005,0
DA:1015,1
DA:1018,0
DA:1020,0
DA:1021,0
DA:1024,0
DA:1025,0
DA:1026,0
DA:1028,0
DA:1030,0
DA:1031,0
DA:1034,0
DA:1037,0
DA:1038,0
DA:1041,0
DA:1044,0
DA:1051,1
DA:1054,0
DA:1056,0
DA:1061,0
DA:1062,0
DA:1063,0
DA:1065,0
DA:1066,0
DA:1068,0
DA:1069,0
DA:1070,0
DA:1073,0
DA:1074,0
DA:1075,0
DA:1078,0
DA:1081,0
DA:1082,0
DA:1083,0
DA:1086,0
DA:1089,0
DA:1090,0
DA:1091,0
DA:1094,0
DA:1097,0
DA:1098,0
DA:1099,0
DA:1102,0
DA:1105,0
DA:1107,0
DA:1108,0
DA:1109,0
DA:1112,0
DA:1115,0
DA:1116,0
DA:1117,0
DA:1122,0
DA:1123,0
DA:1124,0
DA:1126,0
DA:1127,0
DA:1128,0
DA:1129,0
DA:1131,0
DA:1137,0
DA:1143,1
DA:1144,0
DA:1150,1
DA:1153,0
DA:1155,0
DA:1166,0
DA:1167,0
DA:1168,0
DA:1170,0
DA:1171,0
DA:1172,0
DA:1174,0
DA:1175,0
DA:1176,0
DA:1179,0
DA:1180,0
DA:1181,0
DA:1184,0
DA:1185,0
DA:1186,0
DA:1189,0
DA:1192,0
DA:1193,0
DA:1194,0
DA:1197,0
DA:1200,0
DA:1201,0
DA:1202,0
DA:1205,0
DA:1208,0
DA:1209,0
DA:1210,0
DA:1213,0
DA:1216,0
DA:1217,0
DA:1218,0
DA:1221,0
DA:1224,0
DA:1226,0
DA:1227,0
DA:1228,0
DA:1231,0
DA:1234,0
DA:1235,0
DA:1236,0
DA:1241,0
DA:1242,0
DA:1243,0
DA:1244,0
DA:1247,0
DA:1249,0
DA:1250,0
DA:1251,0
DA:1254,0
DA:1257,0
DA:1258,0
DA:1261,0
DA:1262,0
DA:1263,0
DA:1266,0
DA:1268,0
DA:1269,0
DA:1270,0
DA:1273,0
DA:1276,0
DA:1277,0
DA:1278,0
DA:1281,0
DA:1284,0
DA:1287,0
DA:1290,0
DA:1294,0
DA:1295,0
DA:1296,0
DA:1298,0
DA:1300,0
DA:1301,0
DA:1302,0
DA:1305,0
DA:1311,0
DA:1312,0
DA:1315,0
DA:1317,0
DA:1318,0
DA:1319,0
DA:1322,0
DA:1323,0
DA:1327,0
DA:1328,0
DA:1329,0
DA:1332,0
DA:1339,0
DA:1340,0
DA:1341,0
DA:1344,0
DA:1351,0
DA:1352,0
DA:1353,0
DA:1357,0
DA:1363,0
DA:1364,0
DA:1368,0
DA:1369,0
DA:1370,0
DA:1373,0
DA:1374,0
DA:1375,0
DA:1379,0
DA:1385,1
DA:1386,0
DA:1392,1
DA:1395,0
DA:1397,0
DA:1403,0
DA:1404,0
DA:1405,0
DA:1407,0
DA:1409,0
DA:1410,0
DA:1411,0
DA:1414,0
DA:1417,0
DA:1418,0
DA:1419,0
DA:1422,0
DA:1425,0
DA:1426,0
DA:1427,0
DA:1430,0
DA:1433,0
DA:1434,0
DA:1435,0
DA:1438,0
DA:1441,0
DA:1442,0
DA:1444,0
DA:1447,0
DA:1450,0
DA:1452,0
DA:1453,0
DA:1454,0
DA:1456,0
DA:1457,0
DA:1458,0
DA:1461,0
DA:1462,0
DA:1463,0
DA:1465,0
DA:1466,0
DA:1467,0
DA:1469,0
DA:1470,0
DA:1471,0
DA:1473,0
DA:1474,0
DA:1477,0
DA:1478,0
DA:1479,0
DA:1483,0
DA:1489,0
DA:1490,0
DA:1494,0
DA:1495,0
DA:1496,0
DA:1497,0
DA:1498,0
DA:1499,0
DA:1502,0
DA:1507,0
DA:1508,0
DA:1511,0
DA:1512,0
DA:1515,0
DA:1516,0
DA:1517,0
DA:1523,0
DA:1529,1
DA:1530,0
DA:1535,1
DA:1550,1
DA:1551,1
DA:1552,1
DA:1553,1
DA:1554,1
DA:1555,1
DA:1556,1
DA:1557,1
DA:1558,1
DA:1559,1
DA:1560,1
DA:1561,1
DA:1562,1
DA:1563,1
DA:1564,1
DA:1573,1
DA:1576,1
DA:1577,83
DA:1578,83
DA:1579,83
DA:1580,83
DA:1581,83
DA:1583,83
DA:1585,83
DA:1586,79
DA:1587,79
DA:1588,79
DA:1589,79
DA:1590,79
DA:1591,79
DA:1592,79
DA:1593,79
DA:1594,79
DA:1595,79
DA:1606,1
DA:1609,76
DA:1610,76
DA:1615,1
DA:1618,0
DA:1620,0
DA:1621,0
DA:1622,0
DA:1624,0
DA:1625,0
DA:1626,0
DA:1628,0
DA:1633,0
DA:1639,1
DA:1640,0
DA:1646,0
DA:1647,0
DA:1648,0
DA:1649,0
DA:1655,0
DA:1656,0
DA:1661,1
DA:1677,1
DA:1678,1
DA:1679,1
DA:1680,1
DA:1683,1
DA:1697,1
DA:1698,35
DA:1699,1
DA:1700,1
DA:1701,1
DA:1702,1
DA:1703,1
DA:1704,1
DA:1705,1
DA:1706,1
DA:1707,1
DA:1708,1
DA:1709,1
DA:1710,1
DA:1719,1
DA:1722,1
DA:1723,35
DA:1725,35
DA:1727,35
DA:1728,35
DA:1729,35
DA:1732,1
DA:1735,0
DA:1736,0
DA:1737,0
DA:1738,0
DA:1740,0
DA:1741,0
DA:1742,0
DA:1745,0
DA:1746,0
DA:1747,0
DA:1748,0
DA:1749,0
DA:1750,0
DA:1751,0
DA:1752,0
DA:1757,0
DA:1758,0
DA:1760,0
DA:1766,0
DA:1767,0
DA:1768,0
DA:1769,0
DA:1770,0
DA:1772,0
DA:1773,0
DA:1774,0
DA:1777,0
DA:1778,0
DA:1779,0
DA:1780,0
DA:1781,0
DA:1782,0
DA:1783,0
DA:1784,0
DA:1785,0
DA:1786,0
DA:1792,0
DA:1793,0
DA:1795,0
DA:1801,0
DA:1802,0
DA:1803,0
DA:1804,0
DA:1805,0
DA:1807,0
DA:1808,0
DA:1809,0
DA:1812,0
DA:1813,0
DA:1814,0
DA:1815,0
DA:1816,0
DA:1817,0
DA:1823,0
DA:1824,0
DA:1826,0
DA:1832,0
DA:1833,0
DA:1834,0
DA:1835,0
DA:1837,0
DA:1838,0
DA:1839,0
DA:1842,0
DA:1843,0
DA:1844,0
DA:1845,0
DA:1846,0
DA:1851,0
DA:1852,0
DA:1854,0
DA:1860,0
DA:1861,0
DA:1863,0
DA:1864,0
DA:1865,0
DA:1868,0
DA:1869,0
DA:1870,0
DA:1873,0
DA:1874,0
DA:1876,0
DA:1882,0
DA:1883,0
DA:1885,0
DA:1886,0
DA:1887,0
DA:1890,0
DA:1891,0
DA:1892,0
DA:1895,0
DA:1896,0
DA:1898,0
DA:1904,0
DA:1905,0
DA:1906,0
DA:1908,0
DA:1909,0
DA:1910,0
DA:1911,0
DA:1914,0
DA:1915,0
DA:1916,0
DA:1917,0
DA:1921,0
DA:1922,0
DA:1924,0
DA:1930,0
DA:1932,0
DA:1933,0
DA:1934,0
DA:1936,0
DA:1937,0
DA:1938,0
DA:1941,0
DA:1942,0
DA:1943,0
DA:1944,0
DA:1945,0
DA:1946,0
DA:1950,0
DA:1952,0
DA:1953,0
DA:1954,0
DA:1957,0
DA:1958,0
DA:1959,0
DA:1962,0
DA:1967,0
DA:1968,0
DA:1972,0
DA:1973,0
DA:1975,0
DA:1981,0
DA:1982,0
DA:1983,0
DA:1985,0
DA:1986,0
DA:1987,0
DA:1990,0
DA:1991,0
DA:2004,0
DA:2005,0
DA:2006,0
DA:2008,0
DA:2012,0
DA:2013,0
DA:2014,0
DA:2016,0
DA:2017,0
DA:2018,0
DA:2019,0
DA:2020,0
DA:2021,0
DA:2022,0
DA:2023,0
DA:2025,0
DA:2026,0
DA:2027,0
DA:2028,0
DA:2030,0
DA:2031,0
DA:2034,0
DA:2035,0
DA:2036,0
DA:2037,0
DA:2040,0
DA:2041,0
DA:2043,0
DA:2045,0
DA:2047,0
DA:2056,0
DA:2057,0
DA:2059,0
DA:2065,0
DA:2067,0
DA:2068,0
DA:2069,0
DA:2070,0
DA:2071,0
DA:2073,0
DA:2074,0
DA:2075,0
DA:2078,0
DA:2079,0
DA:2080,0
DA:2083,0
DA:2084,0
DA:2085,0
DA:2088,0
DA:2089,0
DA:2090,0
DA:2093,0
DA:2094,0
DA:2097,0
DA:2098,0
DA:2099,0
DA:2100,0
DA:2101,0
DA:2102,0
DA:2103,0
DA:2105,0
DA:2106,0
DA:2107,0
DA:2108,0
DA:2110,0
DA:2111,0
DA:2114,0
DA:2115,0
DA:2116,0
DA:2117,0
DA:2120,0
DA:2121,0
DA:2123,0
DA:2125,0
DA:2127,0
DA:2135,0
DA:2137,0
DA:2138,0
DA:2141,0
DA:2142,0
DA:2144,0
DA:2150,0
DA:2152,0
DA:2153,0
DA:2154,0
DA:2156,0
DA:2157,0
DA:2158,0
DA:2161,0
DA:2162,0
DA:2188,0
DA:2189,0
DA:2190,0
DA:2191,0
DA:2192,0
DA:2193,0
DA:2194,0
DA:2195,0
DA:2196,0
DA:2197,0
DA:2198,0
DA:2199,0
DA:2200,0
DA:2201,0
DA:2202,0
DA:2220,0
DA:2222,0
DA:2223,0
DA:2226,0
DA:2228,0
DA:2234,0
DA:2236,0
DA:2237,0
DA:2238,0
DA:2240,0
DA:2241,0
DA:2242,0
DA:2245,0
DA:2246,0
DA:2254,0
DA:2255,0
DA:2256,0
DA:2257,0
DA:2264,0
DA:2266,0
DA:2267,0
DA:2270,0
DA:2272,0
DA:2278,0
DA:2283,0
DA:2288,0
DA:2293,0
DA:2297,1
DA:2312,1
DA:2313,35
DA:2314,1
DA:2315,1
DA:2316,1
DA:2317,1
DA:2318,1
DA:2319,1
DA:2320,1
DA:2321,1
DA:2322,1
DA:2323,1
DA:2324,1
DA:2325,1
DA:2326,1
DA:2327,1
DA:2328,1
DA:2329,1
DA:2340,1
DA:2343,1
DA:2344,35
DA:2346,35
DA:2348,35
DA:2349,35
DA:2350,35
DA:2353,1
DA:2356,0
DA:2366,0
DA:2367,0
DA:2368,0
DA:2369,0
DA:2371,0
DA:2377,0
DA:2378,0
DA:2380,0
DA:2381,0
DA:2382,0
DA:2385,0
DA:2386,0
DA:2387,0
DA:2388,0
DA:2389,0
DA:2390,0
DA:2395,0
DA:2396,0
DA:2397,0
DA:2400,0
DA:2401,0
DA:2403,0
DA:2409,0
DA:2410,0
DA:2411,0
DA:2412,0
DA:2415,0
DA:2416,0
DA:2418,0
DA:2424,0
DA:2425,0
DA:2427,0
DA:2428,0
DA:2429,0
DA:2432,0
DA:2433,0
DA:2434,0
DA:2436,0
DA:2438,0
DA:2444,0
DA:2445,0
DA:2446,0
DA:2448,0
DA:2449,0
DA:2450,0
DA:2453,0
DA:2454,0
DA:2455,0
DA:2458,0
DA:2459,0
DA:2460,0
DA:2461,0
DA:2463,0
DA:2464,0
DA:2466,0
DA:2472,0
DA:2473,0
DA:2474,0
DA:2477,0
DA:2478,0
DA:2480,0
DA:2486,0
DA:2487,0
DA:2488,0
DA:2491,0
DA:2493,0
DA:2499,0
DA:2500,0
DA:2501,0
DA:2502,0
DA:2504,0
DA:2505,0
DA:2506,0
DA:2509,0
DA:2510,0
DA:2511,0
DA:2514,0
DA:2515,0
DA:2520,0
DA:2521,0
DA:2522,0
DA:2523,0
DA:2525,0
DA:2526,0
DA:2527,0
DA:2530,0
DA:2531,0
DA:2532,0
DA:2535,0
DA:2536,0
DA:2541,1
DA:2544,0
DA:2552,0
DA:2553,0
DA:2554,0
DA:2556,0
DA:2557,0
DA:2558,0
DA:2559,0
DA:2560,0
DA:2562,0
DA:2563,0
DA:2564,0
DA:2567,0
DA:2568,0
DA:2569,0
DA:2572,0
DA:2573,0
DA:2574,0
DA:2577,0
DA:2578,0
DA:2579,0
DA:2582,0
DA:2583,0
DA:2584,0
DA:2587,0
DA:2590,0
DA:2591,0
DA:2592,0
DA:2595,0
DA:2598,0
DA:2599,0
DA:2600,0
DA:2603,0
DA:2604,0
DA:2605,0
DA:2608,0
DA:2609,0
DA:2610,0
DA:2613,0
DA:2614,0
DA:2615,0
DA:2617,0
DA:2619,0
DA:2623,0
DA:2624,0
DA:2625,0
DA:2628,0
DA:2629,0
DA:2630,0
DA:2633,0
DA:2636,0
DA:2637,0
DA:2638,0
DA:2641,0
DA:2644,0
DA:2645,0
DA:2646,0
DA:2649,0
DA:2652,0
DA:2653,0
DA:2660,0
DA:2661,0
DA:2663,0
DA:2668,0
DA:2674,1
DA:2675,0
DA:2681,0
DA:2682,0
DA:2684,0
DA:2685,0
DA:2686,0
DA:2689,0
DA:2690,0
DA:2691,0
DA:2692,0
DA:2695,0
DA:2697,0
DA:2703,0
DA:2704,0
DA:2706,0
DA:2707,0
DA:2708,0
DA:2711,0
DA:2712,0
DA:2713,0
DA:2715,0
DA:2717,0
DA:2723,0
DA:2724,0
DA:2726,0
DA:2727,0
DA:2728,0
DA:2731,0
DA:2732,0
DA:2733,0
DA:2734,0
DA:2737,0
DA:2745,0
DA:2747,0
DA:2753,0
DA:2755,0
DA:2756,0
DA:2758,0
DA:2759,0
DA:2760,0
DA:2763,0
DA:2764,0
DA:2765,0
DA:2766,0
DA:2769,0
DA:2771,0
DA:2772,0
DA:2773,0
DA:2775,0
DA:2777,0
DA:2779,0
DA:2785,0
DA:2787,0
DA:2788,0
DA:2789,0
DA:2790,0
DA:2791,0
DA:2794,0
DA:2795,0
DA:2797,0
DA:2803,0
DA:2805,0
DA:2806,0
DA:2807,0
DA:2808,0
DA:2810,0
DA:2811,0
DA:2814,0
DA:2817,0
DA:2823,0
DA:2824,0
DA:2825,0
DA:2827,0
DA:2828,0
DA:2829,0
DA:2832,0
DA:2833,0
DA:2834,0
DA:2837,0
DA:2838,0
DA:2839,0
DA:2840,0
DA:2844,0
DA:2846,0
DA:2848,0
DA:2854,0
DA:2855,0
DA:2856,0
DA:2857,0
DA:2859,0
DA:2861,0
DA:2867,0
DA:2869,0
DA:2870,0
DA:2871,0
DA:2873,0
DA:2874,0
DA:2875,0
DA:2878,0
DA:2879,0
DA:2880,0
DA:2883,0
DA:2884,0
DA:2885,0
DA:2887,0
DA:2888,0
DA:2889,0
DA:2891,0
DA:2892,0
DA:2895,0
DA:2899,0
DA:2903,0
DA:2905,0
DA:2906,0
DA:2909,0
DA:2915,0
DA:2916,0
DA:2917,0
DA:2918,0
DA:2920,0
DA:2921,0
DA:2923,0
DA:2929,0
DA:2930,0
DA:2931,0
DA:2932,0
DA:2933,0
DA:2936,0
DA:2937,0
DA:2939,0
DA:2945,0
DA:2946,0
DA:2947,0
DA:2949,0
DA:2950,0
DA:2951,0
DA:2954,0
DA:2955,0
DA:2956,0
DA:2958,0
DA:2959,0
DA:2960,0
DA:2961,0
DA:2963,0
DA:2969,0
DA:2970,0
DA:2971,0
DA:2972,0
DA:2973,0
DA:2974,0
DA:2975,0
DA:2977,0
DA:2983,1
DA:2986,0
DA:2995,0
DA:2996,0
DA:2997,0
DA:2999,0
DA:3000,0
DA:3001,0
DA:3002,0
DA:3004,0
DA:3005,0
DA:3006,0
DA:3009,0
DA:3010,0
DA:3011,0
DA:3014,0
DA:3017,0
DA:3018,0
DA:3019,0
DA:3022,0
DA:3025,0
DA:3026,0
DA:3027,0
DA:3030,0
DA:3033,0
DA:3034,0
DA:3035,0
DA:3036,0
DA:3039,0
DA:3040,0
DA:3041,0
DA:3044,0
DA:3045,0
DA:3046,0
DA:3049,0
DA:3050,0
DA:3053,0
DA:3054,0
DA:3055,0
DA:3059,0
DA:3065,1
DA:3066,0
DA:3072,1
DA:3075,0
DA:3085,0
DA:3086,0
DA:3087,0
DA:3089,0
DA:3090,0
DA:3091,0
DA:3092,0
DA:3093,0
DA:3095,0
DA:3096,0
DA:3097,0
DA:3100,0
DA:3101,0
DA:3102,0
DA:3105,0
DA:3108,0
DA:3109,0
DA:3110,0
DA:3113,0
DA:3116,0
DA:3117,0
DA:3118,0
DA:3121,0
DA:3124,0
DA:3125,0
DA:3126,0
DA:3129,0
DA:3132,0
DA:3133,0
DA:3134,0
DA:3135,0
DA:3138,0
DA:3139,0
DA:3140,0
DA:3143,0
DA:3144,0
DA:3145,0
DA:3148,0
DA:3149,0
DA:3152,0
DA:3153,0
DA:3154,0
DA:3158,0
DA:3164,1
DA:3165,0
DA:3171,0
DA:3176,0
DA:3181,0
DA:3186,0
DA:3191,0
DA:3195,1
DA:3211,1
DA:3212,35
DA:3213,1
DA:3214,1
DA:3215,1
DA:3216,1
DA:3220,1
DA:3221,35
DA:3236,1
DA:3237,1
DA:3238,1
DA:3239,1
DA:3240,1
DA:3241,1
DA:3245,1
DA:3246,0
DA:3247,0
DA:3248,0
DA:3249,0
DA:3250,0
DA:3251,0
DA:3271,1
DA:3272,36
DA:3273,36
DA:3274,36
DA:3275,1
DA:3276,1
DA:3278,1
DA:3279,1
DA:3280,1
DA:3281,1
DA:3293,1
DA:3294,40
DA:3295,70
DA:3296,1
DA:3297,1
DA:3299,1
DA:3300,1
DA:3302,1
DA:3303,58
DA:3306,1
DA:3307,1
DA:3308,40
DA:3309,40
DA:3310,40
DA:3311,40
DA:3313,40
DA:3314,1000
DA:3315,16600
DA:3318,1000
DA:3319,1000
DA:3321,1000
DA:3322,16600
DA:3323,16600
DA:3324,16600
DA:3327,1000
DA:3328,1320
DA:3329,1320
DA:3333,40
DA:3334,0
DA:3337,40
DA:3338,1360
DA:3341,1
DA:3342,70
DA:3343,70
DA:3344,70
DA:3345,70
DA:3347,70
DA:3348,2380
DA:3349,2380
DA:3351,2380
DA:3352,29680
DA:3355,2380
DA:3356,2380
DA:3358,2380
DA:3359,29680
DA:3360,29680
DA:3361,29680
DA:3364,2380
DA:3365,1680
DA:3366,1680
DA:3370,70
DA:3371,0
DA:3374,70
DA:3387,1
DA:3388,1
DA:3389,1
DA:3390,1
DA:3392,1
DA:3393,0
DA:3395,0
DA:3397,0
DA:3398,0
DA:3399,0
DA:3400,0
DA:3401,0
DA:3402,0
DA:3403,0
DA:3404,0
DA:3405,0
DA:3406,0
DA:3408,0
DA:3409,0
DA:3410,0
DA:3411,0
DA:3412,0
DA:3413,0
DA:3414,0
DA:3415,0
DA:3416,0
DA:3417,0
DA:3420,0
DA:3423,0
DA:3424,0
DA:3425,0
DA:3426,0
DA:3427,0
DA:3428,0
DA:3429,0
DA:3430,0
DA:3431,0
DA:3432,0
DA:3434,0
DA:3435,0
DA:3436,0
DA:3437,0
DA:3438,0
DA:3439,0
DA:3440,0
DA:3441,0
DA:3442,0
DA:3443,0
DA:3446,0
DA:3449,0
DA:3450,0
DA:3451,0
DA:3452,0
DA:3453,0
DA:3454,0
DA:3455,0
DA:3456,0
DA:3457,0
DA:3458,0
DA:3459,0
DA:3461,0
DA:3462,0
DA:3463,0
DA:3464,0
DA:3465,0
DA:3466,0
DA:3467,0
DA:3468,0
DA:3469,0
DA:3470,0
DA:3471,0
DA:3474,0
DA:3477,0
DA:3478,0
DA:3479,0
DA:3480,0
DA:3481,0
DA:3482,0
DA:3483,0
DA:3484,0
DA:3485,0
DA:3486,0
DA:3487,0
DA:3489,0
DA:3490,0
DA:3491,0
DA:3492,0
DA:3493,0
DA:3494,0
DA:3495,0
DA:3496,0
DA:3497,0
DA:3498,0
DA:3499,0
DA:3502,0
DA:3505,0
DA:3506,0
DA:3507,0
DA:3508,0
DA:3510,0
DA:3511,0
DA:3512,0
DA:3513,0
DA:3516,0
DA:3519,0
DA:3520,0
DA:3521,0
DA:3523,0
DA:3524,0
DA:3526,0
DA:3527,0
DA:3528,0
DA:3529,0
DA:3530,0
DA:3532,0
DA:3533,0
DA:3534,0
DA:3538,0
DA:3541,0
DA:3542,0
DA:3543,0
DA:3544,0
DA:3546,0
DA:3547,0
DA:3549,0
DA:3550,0
DA:3551,0
DA:3552,0
DA:3553,0
DA:3554,0
DA:3555,0
DA:3557,0
DA:3558,0
DA:3559,0
DA:3560,0
DA:3564,0
DA:3578,1
DA:3579,1
DA:3580,1
DA:3581,1
DA:3582,1
DA:3583,220
DA:3584,1
DA:3585,1
DA:3586,1
DA:3589,1
DA:3590,5830
DA:3591,5830
DA:3592,5830
DA:3593,5830
DA:3594,5830
DA:3596,1
DA:3597,0
DA:3598,0
DA:3600,0
DA:3601,0
DA:3602,0
DA:3604,0
DA:3605,0
DA:3606,0
DA:3608,0
DA:3609,0
DA:3612,0
DA:3613,0
DA:3615,0
DA:3619,0
DA:3621,1
DA:3622,0
DA:3623,0
DA:3625,0
DA:3626,0
DA:3627,0
DA:3630,0
DA:3632,1
DA:3633,0
DA:3635,1
DA:3636,220
DA:3638,220
DA:3639,5830
DA:3642,220
DA:3655,1
DA:3656,1
DA:3657,1
DA:3658,1
DA:3659,1
DA:3660,1
DA:3661,1
DA:3662,1
DA:3663,333
DA:3664,1
DA:3665,34
DA:3666,1
DA:3667,1
DA:3668,1
DA:3669,1
DA:3670,1
DA:3671,1
DA:3672,1
DA:3673,1
DA:3674,1
DA:3675,1
DA:3679,1
DA:3680,0
DA:3682,1
DA:3683,0
DA:3684,0
DA:3686,0
DA:3687,0
DA:3690,0
DA:3692,1
DA:3693,0
DA:3694,0
DA:3695,0
DA:3696,0
DA:3698,0
DA:3699,0
DA:3701,0
DA:3702,0
DA:3703,0
DA:3704,0
DA:3705,0
DA:3706,0
DA:3707,0
DA:3708,0
DA:3709,0
DA:3710,0
DA:3711,0
DA:3712,0
DA:3713,0
DA:3716,0
DA:3718,1
DA:3719,0
DA:3720,0
DA:3722,0
DA:3723,0
DA:3724,0
DA:3726,0
DA:3727,0
DA:3728,0
DA:3730,0
DA:3731,0
DA:3734,0
DA:3735,0
DA:3736,0
DA:3739,0
DA:3741,1
DA:3742,0
DA:3743,0
DA:3745,0
DA:3746,0
DA:3747,0
DA:3748,0
DA:3751,0
DA:3753,1
DA:3754,22745
DA:3755,22745
DA:3756,22745
DA:3758,1
DA:3759,22748
DA:3760,22745
DA:3763,3
DA:3765,1
DA:3766,333
DA:3767,333
DA:3768,333
DA:3769,333
DA:3771,333
DA:3772,22748
DA:3774,22748
DA:3775,22745
DA:3776,22745
DA:3777,22745
DA:3779,22745
DA:3780,11372
DA:3781,11372
DA:3786,333
DA:3788,1
DA:3789,714
DA:3790,714
DA:3791,714
DA:3792,714
DA:3793,714
DA:3795,1
DA:3796,34
DA:3797,714
DA:3800,1
DA:3801,0
DA:3802,0
DA:3803,0
DA:3805,1
DA:3806,0
DA:3807,0
DA:3808,0
DA:3811,1
DA:3812,0
DA:3813,0
DA:3814,0
DA:3815,0
DA:3816,0
DA:3818,0
DA:3819,0
DA:3820,0
DA:3821,0
DA:3822,0
DA:3823,0
DA:3826,0
DA:3828,1
DA:3829,0
DA:3830,0
DA:3836,1
DA:3837,0
DA:3838,0
DA:3839,0
DA:3840,0
DA:3842,0
DA:3843,0
DA:3844,0
DA:3845,0
DA:3849,0
DA:3851,0
DA:3852,0
DA:3853,0
DA:3856,0
DA:3858,0
DA:3859,0
DA:3860,0
DA:3863,0
DA:3876,1
DA:3877,4
DA:3878,34
DA:3879,1
DA:3880,1
DA:3881,1
DA:3882,1
DA:3883,1
DA:3884,1
DA:3885,1
DA:3886,1
DA:3887,36
DA:3888,1
DA:3889,1
DA:3890,1
DA:3891,1
DA:3892,1
DA:3893,1
DA:3894,1
DA:3895,37
DA:3896,1
DA:3897,1
DA:3898,1
DA:3899,1
DA:3900,1
DA:3901,1
DA:3902,1
DA:3903,1
DA:3904,1
DA:3905,1
DA:3906,1
DA:3907,1
DA:3908,1
DA:3909,1
DA:3921,1
DA:3922,40
DA:3923,40
DA:3924,40
DA:3925,40
DA:3926,40
DA:3928,1
DA:3929,34
DA:3930,34
DA:3931,34
DA:3932,34
DA:3933,34
DA:3934,34
DA:3935,34
DA:3936,34
DA:3937,34
DA:3938,34
DA:3939,34
DA:3941,34
DA:3942,34
DA:3945,0
DA:3947,1
DA:3948,0
DA:3949,0
DA:3950,0
DA:3951,0
DA:3952,0
DA:3954,1
DA:3955,0
DA:3957,1
DA:3958,0
DA:3959,0
DA:3960,0
DA:3961,0
DA:3963,1
DA:3964,0
DA:3965,0
DA:3966,0
DA:3967,0
DA:3969,1
DA:3970,0
DA:3971,0
DA:3972,0
DA:3973,0
DA:3975,0
DA:3976,0
DA:3979,0
DA:3981,1
DA:3982,36
DA:3983,36
DA:3984,36
DA:3985,36
DA:3987,1
DA:3988,37
DA:3989,36
DA:3991,1
DA:3992,0
DA:3993,0
DA:3994,0
DA:3995,0
DA:3996,0
DA:3998,0
DA:3999,0
DA:4002,0
DA:4004,1
DA:4005,36
DA:4006,36
DA:4007,36
DA:4008,36
DA:4009,36
DA:4010,36
DA:4011,36
DA:4012,36
DA:4013,36
DA:4014,36
DA:4016,36
DA:4017,36
DA:4020,0
DA:4022,1
DA:4023,0
DA:4024,0
DA:4025,0
DA:4026,0
DA:4028,1
DA:4029,0
DA:4030,0
DA:4031,0
DA:4032,0
DA:4033,0
DA:4035,1
DA:4036,0
DA:4037,0
DA:4038,0
DA:4039,0
DA:4040,0
DA:4042,1
DA:4043,37
DA:4044,37
DA:4045,37
DA:4046,37
DA:4047,37
DA:4048,37
DA:4050,36
DA:4051,0
DA:4054,36
DA:4056,36
DA:4057,0
DA:4060,36
DA:4061,36
DA:4062,36
DA:4064,1
DA:4065,0
DA:4066,0
DA:4067,0
DA:4068,0
DA:4069,0
DA:4070,0
DA:4071,0
DA:4073,0
DA:4074,0
DA:4077,0
DA:4079,0
DA:4080,0
DA:4083,0
DA:4084,0
DA:4085,0
DA:4087,1
DA:4088,220
DA:4089,220
DA:4090,220
DA:4091,220
DA:4092,220
DA:4094,1
DA:4095,0
DA:4096,0
DA:4097,0
DA:4099,1
DA:4100,37
DA:4101,37
DA:4102,36
DA:4115,1
DA:4116,1
DA:4117,1
DA:4118,1
DA:4119,1
DA:4120,1
DA:4121,1
DA:4122,1
DA:4123,1
DA:4124,1
DA:4125,1
DA:4126,1
DA:4127,1
DA:4128,1
DA:4138,1
DA:4140,122
DA:4145,79
DA:4148,0
DA:4151,0
DA:4152,0
DA:4154,0
DA:4158,0
DA:4161,0
DA:4164,194
DA:4167,0
DA:4170,72
DA:4173,4
DA:4176,2
DA:4179,0
DA:4181,0
DA:4182,0
DA:4185,0
DA:4186,0
DA:4190,0
DA:4191,0
DA:4194,0
DA:4195,0
DA:4196,0
DA:4201,105
DA:4203,105
DA:4204,0
DA:4205,0
DA:4208,0
DA:4212,0
DA:4222,0
DA:4223,0
DA:4224,0
DA:4225,0
DA:4228,0
DA:4229,0
DA:4230,0
DA:4232,0
DA:4235,1
DA:4252,1
DA:4263,1
DA:4274,1
DA:4285,1
DA:4296,1
DA:4307,1
DA:4318,1
DA:4329,1
DA:4340,1
DA:4351,1
DA:4362,1
DA:4373,1
DA:4384,1
DA:4395,1
DA:4406,1
DA:4417,1
DA:4428,1
LF:2156
LH:610
BRDA:10,1,0,58
BRDA:10,1,1,33
BRDA:39,2,0,114
BRDA:39,2,1,0
BRDA:46,3,0,16
BRDA:46,3,1,0
BRDA:46,4,0,16
BRDA:46,4,1,16
BRDA:58,5,0,0
BRDA:58,5,1,0
BRDA:59,6,0,0
BRDA:59,6,1,0
BRDA:60,7,0,0
BRDA:60,7,1,0
BRDA:60,8,0,0
BRDA:60,8,1,0
BRDA:60,8,2,0
BRDA:60,8,3,0
BRDA:64,9,0,0
BRDA:64,9,1,0
BRDA:64,10,0,0
BRDA:64,10,1,0
BRDA:70,11,0,0
BRDA:70,11,1,61
BRDA:70,12,0,61
BRDA:70,12,1,61
BRDA:149,13,0,35
BRDA:149,13,1,3
BRDA:149,14,0,38
BRDA:149,14,1,35
BRDA:150,15,0,30
BRDA:150,15,1,8
BRDA:150,16,0,38
BRDA:150,16,1,30
BRDA:154,17,0,34
BRDA:154,17,1,4
BRDA:155,18,0,34
BRDA:155,18,1,3
BRDA:170,19,0,30
BRDA:170,19,1,5
BRDA:180,20,0,7
BRDA:180,20,1,1
BRDA:180,21,0,8
BRDA:180,21,1,7
BRDA:181,22,0,4
BRDA:181,22,1,4
BRDA:181,23,0,8
BRDA:181,23,1,7
BRDA:181,23,2,6
BRDA:181,23,3,5
BRDA:182,24,0,2
BRDA:182,24,1,2
BRDA:182,25,0,4
BRDA:182,25,1,2
BRDA:201,26,0,1
BRDA:201,26,1,36
BRDA:204,27,0,1
BRDA:204,27,1,35
BRDA:204,28,0,36
BRDA:204,28,1,4
BRDA:220,29,0,0
BRDA:220,29,1,2
BRDA:231,30,0,2
BRDA:231,30,1,38
BRDA:232,31,0,1
BRDA:232,31,1,38
BRDA:239,32,0,2
BRDA:239,32,1,38
BRDA:240,33,0,1
BRDA:240,33,1,38
BRDA:247,34,0,41
BRDA:247,34,1,0
BRDA:247,35,0,41
BRDA:247,35,1,41
BRDA:248,36,0,3
BRDA:248,36,1,38
BRDA:248,37,0,41
BRDA:248,37,1,39
BRDA:268,38,0,0
BRDA:268,38,1,0
BRDA:268,39,0,0
BRDA:268,39,1,0
BRDA:269,40,0,0
BRDA:269,40,1,0
BRDA:269,41,0,0
BRDA:269,41,1,0
BRDA:270,42,0,0
BRDA:270,42,1,0
BRDA:270,43,0,0
BRDA:270,43,1,0
BRDA:271,44,0,0
BRDA:271,44,1,0
BRDA:271,45,0,0
BRDA:271,45,1,0
BRDA:272,46,0,0
BRDA:272,46,1,0
BRDA:273,47,0,0
BRDA:273,47,1,0
BRDA:275,48,0,0
BRDA:275,48,1,0
BRDA:276,49,0,0
BRDA:276,49,1,0
BRDA:276,50,0,0
BRDA:276,50,1,0
BRDA:277,51,0,0
BRDA:277,51,1,0
BRDA:277,52,0,0
BRDA:277,52,1,0
BRDA:278,53,0,0
BRDA:278,53,1,0
BRDA:279,54,0,0
BRDA:279,54,1,0
BRDA:280,55,0,0
BRDA:280,55,1,0
BRDA:283,56,0,0
BRDA:283,56,1,0
BRDA:284,57,0,0
BRDA:284,57,1,0
BRDA:285,58,0,0
BRDA:285,58,1,0
BRDA:290,59,0,0
BRDA:290,59,1,0
BRDA:290,59,2,0
BRDA:296,60,0,0
BRDA:296,60,1,0
BRDA:296,61,0,0
BRDA:296,61,1,0
BRDA:297,62,0,0
BRDA:297,62,1,0
BRDA:297,63,0,0
BRDA:297,63,1,0
BRDA:298,64,0,0
BRDA:298,64,1,0
BRDA:299,65,0,0
BRDA:299,65,1,0
BRDA:302,66,0,0
BRDA:302,66,1,0
BRDA:303,67,0,0
BRDA:303,67,1,0
BRDA:304,68,0,0
BRDA:304,68,1,0
BRDA:309,69,0,0
BRDA:309,69,1,0
BRDA:309,69,2,0
BRDA:315,70,0,0
BRDA:315,70,1,0
BRDA:315,71,0,0
BRDA:315,71,1,0
BRDA:316,72,0,0
BRDA:316,72,1,0
BRDA:316,73,0,0
BRDA:316,73,1,0
BRDA:329,74,0,0
BRDA:329,74,1,0
BRDA:329,74,2,0
BRDA:329,74,3,0
BRDA:329,74,4,0
BRDA:329,74,5,0
BRDA:329,74,6,0
BRDA:331,75,0,0
BRDA:331,75,1,0
BRDA:331,76,0,0
BRDA:331,76,1,0
BRDA:333,77,0,0
BRDA:333,77,1,0
BRDA:384,78,0,0
BRDA:384,78,1,0
BRDA:385,79,0,0
BRDA:385,79,1,0
BRDA:386,80,0,0
BRDA:386,80,1,0
BRDA:388,81,0,0
BRDA:388,81,1,0
BRDA:389,82,0,0
BRDA:389,82,1,0
BRDA:390,83,0,0
BRDA:390,83,1,0
BRDA:391,84,0,0
BRDA:391,84,1,0
BRDA:426,85,0,0
BRDA:426,85,1,0
BRDA:432,86,0,0
BRDA:432,86,1,0
BRDA:438,87,0,0
BRDA:438,87,1,0
BRDA:443,88,0,0
BRDA:443,88,1,0
BRDA:443,89,0,0
BRDA:443,89,1,0
BRDA:444,90,0,0
BRDA:444,90,1,0
BRDA:445,91,0,0
BRDA:445,91,1,0
BRDA:445,92,0,0
BRDA:445,92,1,0
BRDA:445,92,2,0
BRDA:451,93,0,39
BRDA:451,93,1,0
BRDA:451,94,0,39
BRDA:451,94,1,39
BRDA:452,95,0,1
BRDA:452,95,1,38
BRDA:454,96,0,2
BRDA:454,96,1,36
BRDA:475,97,0,0
BRDA:475,97,1,0
BRDA:475,97,2,0
BRDA:477,98,0,0
BRDA:477,98,1,0
BRDA:477,99,0,0
BRDA:477,99,1,0
BRDA:479,100,0,0
BRDA:479,100,1,0
BRDA:499,101,0,34
BRDA:499,101,1,2
BRDA:503,102,0,2
BRDA:503,102,1,34
BRDA:568,103,0,0
BRDA:568,103,1,0
BRDA:568,104,0,0
BRDA:568,104,1,0
BRDA:569,105,0,0
BRDA:569,105,1,0
BRDA:569,106,0,0
BRDA:569,106,1,0
BRDA:570,107,0,0
BRDA:570,107,1,0
BRDA:570,108,0,0
BRDA:570,108,1,0
BRDA:574,109,0,0
BRDA:574,109,1,0
BRDA:574,110,0,0
BRDA:574,110,1,0
BRDA:585,111,0,0
BRDA:585,111,1,0
BRDA:601,112,0,0
BRDA:601,112,1,0
BRDA:601,112,2,0
BRDA:601,112,3,0
BRDA:615,113,0,0
BRDA:615,113,1,0
BRDA:616,114,0,0
BRDA:616,114,1,0
BRDA:619,115,0,0
BRDA:619,115,1,0
BRDA:644,116,0,0
BRDA:644,116,1,0
BRDA:644,116,2,0
BRDA:644,116,3,0
BRDA:644,116,4,0
BRDA:644,116,5,0
BRDA:646,117,0,0
BRDA:646,117,1,0
BRDA:648,118,0,0
BRDA:648,118,1,0
BRDA:656,119,0,0
BRDA:656,119,1,0
BRDA:672,120,0,0
BRDA:672,120,1,0
BRDA:694,121,0,0
BRDA:694,121,1,0
BRDA:702,122,0,0
BRDA:702,122,1,0
BRDA:724,123,0,0
BRDA:724,123,1,0
BRDA:730,124,0,0
BRDA:730,124,1,0
BRDA:736,125,0,0
BRDA:736,125,1,0
BRDA:758,126,0,0
BRDA:758,126,1,0
BRDA:758,126,2,0
BRDA:758,126,3,0
BRDA:758,126,4,0
BRDA:758,126,5,0
BRDA:758,126,6,0
BRDA:758,126,7,0
BRDA:758,126,8,0
BRDA:760,127,0,0
BRDA:760,127,1,0
BRDA:760,128,0,0
BRDA:760,128,1,0
BRDA:761,129,0,0
BRDA:761,129,1,0
BRDA:761,130,0,0
BRDA:761,130,1,0
BRDA:763,131,0,0
BRDA:763,131,1,0
BRDA:768,132,0,0
BRDA:768,132,1,0
BRDA:794,133,0,0
BRDA:794,133,1,0
BRDA:832,134,0,0
BRDA:832,134,1,0
BRDA:832,134,2,0
BRDA:832,134,3,0
BRDA:832,134,4,0
BRDA:832,134,5,0
BRDA:832,134,6,0
BRDA:834,135,0,0
BRDA:834,135,1,0
BRDA:834,136,0,0
BRDA:834,136,1,0
BRDA:836,137,0,0
BRDA:836,137,1,0
BRDA:850,138,0,0
BRDA:850,138,1,0
BRDA:863,139,0,0
BRDA:863,139,1,0
BRDA:888,140,0,0
BRDA:888,140,1,0
BRDA:888,141,0,0
BRDA:888,141,1,0
BRDA:889,142,0,0
BRDA:889,142,1,0
BRDA:893,143,0,0
BRDA:893,143,1,0
BRDA:893,144,0,0
BRDA:893,144,1,0
BRDA:895,145,0,0
BRDA:895,145,1,0
BRDA:962,146,0,0
BRDA:962,146,1,0
BRDA:984,147,0,0
BRDA:984,147,1,0
BRDA:985,148,0,0
BRDA:985,148,1,0
BRDA:987,149,0,0
BRDA:987,149,1,0
BRDA:1000,150,0,0
BRDA:1000,150,1,0
BRDA:1001,151,0,0
BRDA:1001,151,1,0
BRDA:1026,152,0,0
BRDA:1026,152,1,0
BRDA:1063,153,0,0
BRDA:1063,153,1,0
BRDA:1063,153,2,0
BRDA:1063,153,3,0
BRDA:1063,153,4,0
BRDA:1063,153,5,0
BRDA:1063,153,6,0
BRDA:1063,153,7,0
BRDA:1065,154,0,0
BRDA:1065,154,1,0
BRDA:1065,155,0,0
BRDA:1065,155,1,0
BRDA:1066,156,0,0
BRDA:1066,156,1,0
BRDA:1066,157,0,0
BRDA:1066,157,1,0
BRDA:1068,158,0,0
BRDA:1068,158,1,0
BRDA:1073,159,0,0
BRDA:1073,159,1,0
BRDA:1081,160,0,0
BRDA:1081,160,1,0
BRDA:1089,161,0,0
BRDA:1089,161,1,0
BRDA:1097,162,0,0
BRDA:1097,162,1,0
BRDA:1107,163,0,0
BRDA:1107,163,1,0
BRDA:1123,164,0,0
BRDA:1123,164,1,0
BRDA:1124,165,0,0
BRDA:1124,165,1,0
BRDA:1128,166,0,0
BRDA:1128,166,1,0
BRDA:1168,167,0,0
BRDA:1168,167,1,0
BRDA:1168,167,2,0
BRDA:1168,167,3,0
BRDA:1168,167,4,0
BRDA:1168,167,5,0
BRDA:1168,167,6,0
BRDA:1168,167,7,0
BRDA:1168,167,8,0
BRDA:1168,167,9,0
BRDA:1168,167,10,0
BRDA:1168,167,11,0
BRDA:1168,167,12,0
BRDA:1168,167,13,0
BRDA:1168,167,14,0
BRDA:1168,167,15,0
BRDA:1170,168,0,0
BRDA:1170,168,1,0
BRDA:1170,169,0,0
BRDA:1170,169,1,0
BRDA:1171,170,0,0
BRDA:1171,170,1,0
BRDA:1171,171,0,0
BRDA:1171,171,1,0
BRDA:1172,172,0,0
BRDA:1172,172,1,0
BRDA:1172,173,0,0
BRDA:1172,173,1,0
BRDA:1174,174,0,0
BRDA:1174,174,1,0
BRDA:1179,175,0,0
BRDA:1179,175,1,0
BRDA:1184,176,0,0
BRDA:1184,176,1,0
BRDA:1192,177,0,0
BRDA:1192,177,1,0
BRDA:1200,178,0,0
BRDA:1200,178,1,0
BRDA:1208,179,0,0
BRDA:1208,179,1,0
BRDA:1216,180,0,0
BRDA:1216,180,1,0
BRDA:1216,181,0,0
BRDA:1216,181,1,0
BRDA:1226,182,0,0
BRDA:1226,182,1,0
BRDA:1249,183,0,0
BRDA:1249,183,1,0
BRDA:1249,184,0,0
BRDA:1249,184,1,0
BRDA:1268,185,0,0
BRDA:1268,185,1,0
BRDA:1276,186,0,0
BRDA:1276,186,1,0
BRDA:1296,187,0,0
BRDA:1296,187,1,0
BRDA:1296,187,2,0
BRDA:1296,187,3,0
BRDA:1296,187,4,0
BRDA:1296,187,5,0
BRDA:1296,187,6,0
BRDA:1296,187,7,0
BRDA:1298,188,0,0
BRDA:1298,188,1,0
BRDA:1298,189,0,0
BRDA:1298,189,1,0
BRDA:1300,190,0,0
BRDA:1300,190,1,0
BRDA:1317,191,0,0
BRDA:1317,191,1,0
BRDA:1327,192,0,0
BRDA:1327,192,1,0
BRDA:1327,193,0,0
BRDA:1327,193,1,0
BRDA:1339,194,0,0
BRDA:1339,194,1,0
BRDA:1352,195,0,0
BRDA:1352,195,1,0
BRDA:1405,196,0,0
BRDA:1405,196,1,0
BRDA:1405,196,2,0
BRDA:1405,196,3,0
BRDA:1405,196,4,0
BRDA:1405,196,5,0
BRDA:1405,196,6,0
BRDA:1405,196,7,0
BRDA:1407,197,0,0
BRDA:1407,197,1,0
BRDA:1407,198,0,0
BRDA:1407,198,1,0
BRDA:1409,199,0,0
BRDA:1409,199,1,0
BRDA:1417,200,0,0
BRDA:1417,200,1,0
BRDA:1425,201,0,0
BRDA:1425,201,1,0
BRDA:1433,202,0,0
BRDA:1433,202,1,0
BRDA:1454,203,0,0
BRDA:1454,203,1,0
BRDA:1454,203,2,0
BRDA:1454,203,3,0
BRDA:1454,203,4,0
BRDA:1469,204,0,0
BRDA:1469,204,1,0
BRDA:1470,205,0,0
BRDA:1470,205,1,0
BRDA:1473,206,0,0
BRDA:1473,206,1,0
BRDA:1495,207,0,0
BRDA:1495,207,1,0
BRDA:1515,208,0,0
BRDA:1515,208,1,0
BRDA:1577,209,0,0
BRDA:1577,209,1,83
BRDA:1577,210,0,83
BRDA:1577,210,1,0
BRDA:1578,211,0,0
BRDA:1578,211,1,83
BRDA:1578,212,0,83
BRDA:1578,212,1,0
BRDA:1579,213,0,0
BRDA:1579,213,1,83
BRDA:1579,214,0,83
BRDA:1579,214,1,0
BRDA:1580,215,0,0
BRDA:1580,215,1,83
BRDA:1580,216,0,83
BRDA:1580,216,1,0
BRDA:1581,217,0,0
BRDA:1581,217,1,83
BRDA:1581,218,0,83
BRDA:1581,218,1,0
BRDA:1585,219,0,4
BRDA:1585,219,1,79
BRDA:1586,220,0,0
BRDA:1586,220,1,79
BRDA:1586,221,0,79
BRDA:1586,221,1,79
BRDA:1587,222,0,0
BRDA:1587,222,1,79
BRDA:1588,223,0,0
BRDA:1588,223,1,79
BRDA:1599,224,0,79
BRDA:1599,224,1,0
BRDA:1609,225,0,76
BRDA:1609,225,1,0
BRDA:1609,226,0,76
BRDA:1609,226,1,76
BRDA:1622,227,0,0
BRDA:1622,227,1,0
BRDA:1622,227,2,0
BRDA:1624,228,0,0
BRDA:1624,228,1,0
BRDA:1624,229,0,0
BRDA:1624,229,1,0
BRDA:1646,230,0,0
BRDA:1646,230,1,0
BRDA:1646,231,0,0
BRDA:1646,231,1,0
BRDA:1647,232,0,0
BRDA:1647,232,1,0
BRDA:1647,233,0,0
BRDA:1647,233,1,0
BRDA:1650,234,0,0
BRDA:1650,234,1,0
BRDA:1651,235,0,0
BRDA:1651,235,1,0
BRDA:1723,236,0,35
BRDA:1723,236,1,0
BRDA:1723,237,0,35
BRDA:1723,237,1,35
BRDA:1727,238,0,0
BRDA:1727,238,1,35
BRDA:1727,239,0,35
BRDA:1727,239,1,35
BRDA:1735,240,0,0
BRDA:1735,240,1,0
BRDA:1735,241,0,0
BRDA:1735,241,1,0
BRDA:1736,242,0,0
BRDA:1736,242,1,0
BRDA:1736,243,0,0
BRDA:1736,243,1,0
BRDA:1737,244,0,0
BRDA:1737,244,1,0
BRDA:1737,245,0,0
BRDA:1737,245,1,0
BRDA:1738,246,0,0
BRDA:1738,246,1,0
BRDA:1738,247,0,0
BRDA:1738,247,1,0
BRDA:1740,248,0,0
BRDA:1740,248,1,0
BRDA:1745,249,0,0
BRDA:1745,249,1,0
BRDA:1746,250,0,0
BRDA:1746,250,1,0
BRDA:1747,251,0,0
BRDA:1747,251,1,0
BRDA:1747,252,0,0
BRDA:1747,252,1,0
BRDA:1748,253,0,0
BRDA:1748,253,1,0
BRDA:1751,254,0,0
BRDA:1751,254,1,0
BRDA:1757,255,0,0
BRDA:1757,255,1,0
BRDA:1766,256,0,0
BRDA:1766,256,1,0
BRDA:1766,257,0,0
BRDA:1766,257,1,0
BRDA:1767,258,0,0
BRDA:1767,258,1,0
BRDA:1767,259,0,0
BRDA:1767,259,1,0
BRDA:1768,260,0,0
BRDA:1768,260,1,0
BRDA:1768,261,0,0
BRDA:1768,261,1,0
BRDA:1769,262,0,0
BRDA:1769,262,1,0
BRDA:1769,263,0,0
BRDA:1769,263,1,0
BRDA:1770,264,0,0
BRDA:1770,264,1,0
BRDA:1770,265,0,0
BRDA:1770,265,1,0
BRDA:1772,266,0,0
BRDA:1772,266,1,0
BRDA:1777,267,0,0
BRDA:1777,267,1,0
BRDA:1778,268,0,0
BRDA:1778,268,1,0
BRDA:1779,269,0,0
BRDA:1779,269,1,0
BRDA:1779,270,0,0
BRDA:1779,270,1,0
BRDA:1780,271,0,0
BRDA:1780,271,1,0
BRDA:1780,272,0,0
BRDA:1780,272,1,0
BRDA:1781,273,0,0
BRDA:1781,273,1,0
BRDA:1785,274,0,0
BRDA:1785,274,1,0
BRDA:1792,275,0,0
BRDA:1792,275,1,0
BRDA:1801,276,0,0
BRDA:1801,276,1,0
BRDA:1801,277,0,0
BRDA:1801,277,1,0
BRDA:1802,278,0,0
BRDA:1802,278,1,0
BRDA:1802,279,0,0
BRDA:1802,279,1,0
BRDA:1803,280,0,0
BRDA:1803,280,1,0
BRDA:1803,281,0,0
BRDA:1803,281,1,0
BRDA:1804,282,0,0
BRDA:1804,282,1,0
BRDA:1804,283,0,0
BRDA:1804,283,1,0
BRDA:1805,284,0,0
BRDA:1805,284,1,0
BRDA:1805,285,0,0
BRDA:1805,285,1,0
BRDA:1807,286,0,0
BRDA:1807,286,1,0
BRDA:1812,287,0,0
BRDA:1812,287,1,0
BRDA:1813,288,0,0
BRDA:1813,288,1,0
BRDA:1814,289,0,0
BRDA:1814,289,1,0
BRDA:1814,290,0,0
BRDA:1814,290,1,0
BRDA:1815,291,0,0
BRDA:1815,291,1,0
BRDA:1815,292,0,0
BRDA:1815,292,1,0
BRDA:1816,293,0,0
BRDA:1816,293,1,0
BRDA:1823,294,0,0
BRDA:1823,294,1,0
BRDA:1832,295,0,0
BRDA:1832,295,1,0
BRDA:1832,296,0,0
BRDA:1832,296,1,0
BRDA:1833,297,0,0
BRDA:1833,297,1,0
BRDA:1833,298,0,0
BRDA:1833,298,1,0
BRDA:1834,299,0,0
BRDA:1834,299,1,0
BRDA:1834,300,0,0
BRDA:1834,300,1,0
BRDA:1835,301,0,0
BRDA:1835,301,1,0
BRDA:1835,302,0,0
BRDA:1835,302,1,0
BRDA:1837,303,0,0
BRDA:1837,303,1,0
BRDA:1842,304,0,0
BRDA:1842,304,1,0
BRDA:1843,305,0,0
BRDA:1843,305,1,0
BRDA:1844,306,0,0
BRDA:1844,306,1,0
BRDA:1844,307,0,0
BRDA:1844,307,1,0
BRDA:1845,308,0,0
BRDA:1845,308,1,0
BRDA:1845,309,0,0
BRDA:1845,309,1,0
BRDA:1851,310,0,0
BRDA:1851,310,1,0
BRDA:1860,311,0,0
BRDA:1860,311,1,0
BRDA:1860,312,0,0
BRDA:1860,312,1,0
BRDA:1861,313,0,0
BRDA:1861,313,1,0
BRDA:1861,314,0,0
BRDA:1861,314,1,0
BRDA:1863,315,0,0
BRDA:1863,315,1,0
BRDA:1868,316,0,0
BRDA:1868,316,1,0
BRDA:1869,317,0,0
BRDA:1869,317,1,0
BRDA:1873,318,0,0
BRDA:1873,318,1,0
BRDA:1882,319,0,0
BRDA:1882,319,1,0
BRDA:1882,320,0,0
BRDA:1882,320,1,0
BRDA:1883,321,0,0
BRDA:1883,321,1,0
BRDA:1883,322,0,0
BRDA:1883,322,1,0
BRDA:1885,323,0,0
BRDA:1885,323,1,0
BRDA:1890,324,0,0
BRDA:1890,324,1,0
BRDA:1891,325,0,0
BRDA:1891,325,1,0
BRDA:1895,326,0,0
BRDA:1895,326,1,0
BRDA:1904,327,0,0
BRDA:1904,327,1,0
BRDA:1904,328,0,0
BRDA:1904,328,1,0
BRDA:1905,329,0,0
BRDA:1905,329,1,0
BRDA:1905,330,0,0
BRDA:1905,330,1,0
BRDA:1906,331,0,0
BRDA:1906,331,1,0
BRDA:1906,332,0,0
BRDA:1906,332,1,0
BRDA:1908,333,0,0
BRDA:1908,333,1,0
BRDA:1909,334,0,0
BRDA:1909,334,1,0
BRDA:1914,335,0,0
BRDA:1914,335,1,0
BRDA:1915,336,0,0
BRDA:1915,336,1,0
BRDA:1916,337,0,0
BRDA:1916,337,1,0
BRDA:1921,338,0,0
BRDA:1921,338,1,0
BRDA:1932,339,0,0
BRDA:1932,339,1,0
BRDA:1932,340,0,0
BRDA:1932,340,1,0
BRDA:1933,341,0,0
BRDA:1933,341,1,0
BRDA:1933,342,0,0
BRDA:1933,342,1,0
BRDA:1934,343,0,0
BRDA:1934,343,1,0
BRDA:1934,344,0,0
BRDA:1934,344,1,0
BRDA:1936,345,0,0
BRDA:1936,345,1,0
BRDA:1941,346,0,0
BRDA:1941,346,1,0
BRDA:1942,347,0,0
BRDA:1942,347,1,0
BRDA:1942,348,0,0
BRDA:1942,348,1,0
BRDA:1943,349,0,0
BRDA:1943,349,1,0
BRDA:1950,350,0,0
BRDA:1950,350,1,0
BRDA:1952,351,0,0
BRDA:1952,351,1,0
BRDA:1957,352,0,0
BRDA:1957,352,1,0
BRDA:1957,353,0,0
BRDA:1957,353,1,0
BRDA:1967,354,0,0
BRDA:1967,354,1,0
BRDA:1972,355,0,0
BRDA:1972,355,1,0
BRDA:1981,356,0,0
BRDA:1981,356,1,0
BRDA:1981,357,0,0
BRDA:1981,357,1,0
BRDA:1982,358,0,0
BRDA:1982,358,1,0
BRDA:1982,359,0,0
BRDA:1982,359,1,0
BRDA:1983,360,0,0
BRDA:1983,360,1,0
BRDA:1983,361,0,0
BRDA:1983,361,1,0
BRDA:1985,362,0,0
BRDA:1985,362,1,0
BRDA:1990,363,0,0
BRDA:1990,363,1,0
BRDA:1992,364,0,0
BRDA:1992,364,1,0
BRDA:1994,365,0,0
BRDA:1994,365,1,0
BRDA:1996,366,0,0
BRDA:1996,366,1,0
BRDA:1998,367,0,0
BRDA:1998,367,1,0
BRDA:2000,368,0,0
BRDA:2000,368,1,0
BRDA:2002,369,0,0
BRDA:2002,369,1,0
BRDA:2004,370,0,0
BRDA:2004,370,1,0
BRDA:2004,371,0,0
BRDA:2004,371,1,0
BRDA:2012,372,0,0
BRDA:2012,372,1,0
BRDA:2014,373,0,0
BRDA:2014,373,1,0
BRDA:2016,374,0,0
BRDA:2016,374,1,0
BRDA:2017,375,0,0
BRDA:2017,375,1,0
BRDA:2017,376,0,0
BRDA:2017,376,1,0
BRDA:2017,376,2,0
BRDA:2018,377,0,0
BRDA:2018,377,1,0
BRDA:2018,378,0,0
BRDA:2018,378,1,0
BRDA:2019,379,0,0
BRDA:2019,379,1,0
BRDA:2019,380,0,0
BRDA:2019,380,1,0
BRDA:2020,381,0,0
BRDA:2020,381,1,0
BRDA:2020,382,0,0
BRDA:2020,382,1,0
BRDA:2021,383,0,0
BRDA:2021,383,1,0
BRDA:2021,384,0,0
BRDA:2021,384,1,0
BRDA:2021,384,2,0
BRDA:2022,385,0,0
BRDA:2022,385,1,0
BRDA:2023,386,0,0
BRDA:2023,386,1,0
BRDA:2025,387,0,0
BRDA:2025,387,1,0
BRDA:2034,388,0,0
BRDA:2034,388,1,0
BRDA:2034,389,0,0
BRDA:2034,389,1,0
BRDA:2034,389,2,0
BRDA:2035,390,0,0
BRDA:2035,390,1,0
BRDA:2056,391,0,0
BRDA:2056,391,1,0
BRDA:2067,392,0,0
BRDA:2067,392,1,0
BRDA:2067,393,0,0
BRDA:2067,393,1,0
BRDA:2068,394,0,0
BRDA:2068,394,1,0
BRDA:2068,395,0,0
BRDA:2068,395,1,0
BRDA:2069,396,0,0
BRDA:2069,396,1,0
BRDA:2069,397,0,0
BRDA:2069,397,1,0
BRDA:2070,398,0,0
BRDA:2070,398,1,0
BRDA:2070,399,0,0
BRDA:2070,399,1,0
BRDA:2071,400,0,0
BRDA:2071,400,1,0
BRDA:2071,401,0,0
BRDA:2071,401,1,0
BRDA:2073,402,0,0
BRDA:2073,402,1,0
BRDA:2078,403,0,0
BRDA:2078,403,1,0
BRDA:2083,404,0,0
BRDA:2083,404,1,0
BRDA:2088,405,0,0
BRDA:2088,405,1,0
BRDA:2093,406,0,0
BRDA:2093,406,1,0
BRDA:2097,407,0,0
BRDA:2097,407,1,0
BRDA:2098,408,0,0
BRDA:2098,408,1,0
BRDA:2098,409,0,0
BRDA:2098,409,1,0
BRDA:2099,410,0,0
BRDA:2099,410,1,0
BRDA:2099,411,0,0
BRDA:2099,411,1,0
BRDA:2100,412,0,0
BRDA:2100,412,1,0
BRDA:2100,413,0,0
BRDA:2100,413,1,0
BRDA:2100,413,2,0
BRDA:2101,414,0,0
BRDA:2101,414,1,0
BRDA:2102,415,0,0
BRDA:2102,415,1,0
BRDA:2105,416,0,0
BRDA:2105,416,1,0
BRDA:2114,417,0,0
BRDA:2114,417,1,0
BRDA:2114,418,0,0
BRDA:2114,418,1,0
BRDA:2114,418,2,0
BRDA:2115,419,0,0
BRDA:2115,419,1,0
BRDA:2135,420,0,0
BRDA:2135,420,1,0
BRDA:2137,421,0,0
BRDA:2137,421,1,0
BRDA:2137,422,0,0
BRDA:2137,422,1,0
BRDA:2141,423,0,0
BRDA:2141,423,1,0
BRDA:2152,424,0,0
BRDA:2152,424,1,0
BRDA:2152,425,0,0
BRDA:2152,425,1,0
BRDA:2153,426,0,0
BRDA:2153,426,1,0
BRDA:2153,427,0,0
BRDA:2153,427,1,0
BRDA:2154,428,0,0
BRDA:2154,428,1,0
BRDA:2154,429,0,0
BRDA:2154,429,1,0
BRDA:2156,430,0,0
BRDA:2156,430,1,0
BRDA:2161,431,0,0
BRDA:2161,431,1,0
BRDA:2163,432,0,0
BRDA:2163,432,1,0
BRDA:2165,433,0,0
BRDA:2165,433,1,0
BRDA:2167,434,0,0
BRDA:2167,434,1,0
BRDA:2169,435,0,0
BRDA:2169,435,1,0
BRDA:2171,436,0,0
BRDA:2171,436,1,0
BRDA:2173,437,0,0
BRDA:2173,437,1,0
BRDA:2175,438,0,0
BRDA:2175,438,1,0
BRDA:2177,439,0,0
BRDA:2177,439,1,0
BRDA:2179,440,0,0
BRDA:2179,440,1,0
BRDA:2181,441,0,0
BRDA:2181,441,1,0
BRDA:2183,442,0,0
BRDA:2183,442,1,0
BRDA:2185,443,0,0
BRDA:2185,443,1,0
BRDA:2187,444,0,0
BRDA:2187,444,1,0
BRDA:2188,445,0,0
BRDA:2188,445,1,0
BRDA:2188,446,0,0
BRDA:2188,446,1,0
BRDA:2189,447,0,0
BRDA:2189,447,1,0
BRDA:2189,448,0,0
BRDA:2189,448,1,0
BRDA:2190,449,0,0
BRDA:2190,449,1,0
BRDA:2190,450,0,0
BRDA:2190,450,1,0
BRDA:2191,451,0,0
BRDA:2191,451,1,0
BRDA:2191,452,0,0
BRDA:2191,452,1,0
BRDA:2192,453,0,0
BRDA:2192,453,1,0
BRDA:2192,454,0,0
BRDA:2192,454,1,0
BRDA:2193,455,0,0
BRDA:2193,455,1,0
BRDA:2193,456,0,0
BRDA:2193,456,1,0
BRDA:2194,457,0,0
BRDA:2194,457,1,0
BRDA:2194,458,0,0
BRDA:2194,458,1,0
BRDA:2195,459,0,0
BRDA:2195,459,1,0
BRDA:2195,460,0,0
BRDA:2195,460,1,0
BRDA:2196,461,0,0
BRDA:2196,461,1,0
BRDA:2196,462,0,0
BRDA:2196,462,1,0
BRDA:2196,462,2,0
BRDA:2197,463,0,0
BRDA:2197,463,1,0
BRDA:2197,464,0,0
BRDA:2197,464,1,0
BRDA:2198,465,0,0
BRDA:2198,465,1,0
BRDA:2198,466,0,0
BRDA:2198,466,1,0
BRDA:2198,466,2,0
BRDA:2198,466,3,0
BRDA:2199,467,0,0
BRDA:2199,467,1,0
BRDA:2199,468,0,0
BRDA:2199,468,1,0
BRDA:2199,468,2,0
BRDA:2199,468,3,0
BRDA:2200,469,0,0
BRDA:2200,469,1,0
BRDA:2200,470,0,0
BRDA:2200,470,1,0
BRDA:2200,470,2,0
BRDA:2200,470,3,0
BRDA:2201,471,0,0
BRDA:2201,471,1,0
BRDA:2220,472,0,0
BRDA:2220,472,1,0
BRDA:2222,473,0,0
BRDA:2222,473,1,0
BRDA:2222,474,0,0
BRDA:2222,474,1,0
BRDA:2236,475,0,0
BRDA:2236,475,1,0
BRDA:2236,476,0,0
BRDA:2236,476,1,0
BRDA:2237,477,0,0
BRDA:2237,477,1,0
BRDA:2237,478,0,0
BRDA:2237,478,1,0
BRDA:2238,479,0,0
BRDA:2238,479,1,0
BRDA:2238,480,0,0
BRDA:2238,480,1,0
BRDA:2240,481,0,0
BRDA:2240,481,1,0
BRDA:2245,482,0,0
BRDA:2245,482,1,0
BRDA:2247,483,0,0
BRDA:2247,483,1,0
BRDA:2249,484,0,0
BRDA:2249,484,1,0
BRDA:2251,485,0,0
BRDA:2251,485,1,0
BRDA:2253,486,0,0
BRDA:2253,486,1,0
BRDA:2254,487,0,0
BRDA:2254,487,1,0
BRDA:2254,488,0,0
BRDA:2254,488,1,0
BRDA:2255,489,0,0
BRDA:2255,489,1,0
BRDA:2255,490,0,0
BRDA:2255,490,1,0
BRDA:2255,490,2,0
BRDA:2255,490,3,0
BRDA:2256,491,0,0
BRDA:2256,491,1,0
BRDA:2264,492,0,0
BRDA:2264,492,1,0
BRDA:2266,493,0,0
BRDA:2266,493,1,0
BRDA:2266,494,0,0
BRDA:2266,494,1,0
BRDA:2344,495,0,35
BRDA:2344,495,1,0
BRDA:2344,496,0,35
BRDA:2344,496,1,35
BRDA:2348,497,0,0
BRDA:2348,497,1,35
BRDA:2348,498,0,35
BRDA:2348,498,1,35
BRDA:2358,499,0,0
BRDA:2358,499,1,0
BRDA:2359,500,0,0
BRDA:2359,500,1,0
BRDA:2360,501,0,0
BRDA:2360,501,1,0
BRDA:2366,502,0,0
BRDA:2366,502,1,0
BRDA:2366,503,0,0
BRDA:2366,503,1,0
BRDA:2367,504,0,0
BRDA:2367,504,1,0
BRDA:2377,505,0,0
BRDA:2377,505,1,0
BRDA:2377,506,0,0
BRDA:2377,506,1,0
BRDA:2378,507,0,0
BRDA:2378,507,1,0
BRDA:2378,508,0,0
BRDA:2378,508,1,0
BRDA:2380,509,0,0
BRDA:2380,509,1,0
BRDA:2385,510,0,0
BRDA:2385,510,1,0
BRDA:2386,511,0,0
BRDA:2386,511,1,0
BRDA:2387,512,0,0
BRDA:2387,512,1,0
BRDA:2388,513,0,0
BRDA:2388,513,1,0
BRDA:2389,514,0,0
BRDA:2389,514,1,0
BRDA:2389,515,0,0
BRDA:2389,515,1,0
BRDA:2395,516,0,0
BRDA:2395,516,1,0
BRDA:2395,517,0,0
BRDA:2395,517,1,0
BRDA:2396,518,0,0
BRDA:2396,518,1,0
BRDA:2400,519,0,0
BRDA:2400,519,1,0
BRDA:2409,520,0,0
BRDA:2409,520,1,0
BRDA:2409,521,0,0
BRDA:2409,521,1,0
BRDA:2410,522,0,0
BRDA:2410,522,1,0
BRDA:2411,523,0,0
BRDA:2411,523,1,0
BRDA:2411,524,0,0
BRDA:2411,524,1,0
BRDA:2415,525,0,0
BRDA:2415,525,1,0
BRDA:2424,526,0,0
BRDA:2424,526,1,0
BRDA:2424,527,0,0
BRDA:2424,527,1,0
BRDA:2425,528,0,0
BRDA:2425,528,1,0
BRDA:2425,529,0,0
BRDA:2425,529,1,0
BRDA:2427,530,0,0
BRDA:2427,530,1,0
BRDA:2432,531,0,0
BRDA:2432,531,1,0
BRDA:2435,532,0,0
BRDA:2435,532,1,0
BRDA:2444,533,0,0
BRDA:2444,533,1,0
BRDA:2444,534,0,0
BRDA:2444,534,1,0
BRDA:2445,535,0,0
BRDA:2445,535,1,0
BRDA:2445,536,0,0
BRDA:2445,536,1,0
BRDA:2446,537,0,0
BRDA:2446,537,1,0
BRDA:2446,538,0,0
BRDA:2446,538,1,0
BRDA:2448,539,0,0
BRDA:2448,539,1,0
BRDA:2453,540,0,0
BRDA:2453,540,1,0
BRDA:2458,541,0,0
BRDA:2458,541,1,0
BRDA:2459,542,0,0
BRDA:2459,542,1,0
BRDA:2459,543,0,0
BRDA:2459,543,1,0
BRDA:2462,544,0,0
BRDA:2462,544,1,0
BRDA:2463,545,0,0
BRDA:2463,545,1,0
BRDA:2463,546,0,0
BRDA:2463,546,1,0
BRDA:2472,547,0,0
BRDA:2472,547,1,0
BRDA:2472,548,0,0
BRDA:2472,548,1,0
BRDA:2473,549,0,0
BRDA:2473,549,1,0
BRDA:2477,550,0,0
BRDA:2477,550,1,0
BRDA:2486,551,0,0
BRDA:2486,551,1,0
BRDA:2486,552,0,0
BRDA:2486,552,1,0
BRDA:2487,553,0,0
BRDA:2487,553,1,0
BRDA:2499,554,0,0
BRDA:2499,554,1,0
BRDA:2499,555,0,0
BRDA:2499,555,1,0
BRDA:2500,556,0,0
BRDA:2500,556,1,0
BRDA:2500,557,0,0
BRDA:2500,557,1,0
BRDA:2501,558,0,0
BRDA:2501,558,1,0
BRDA:2501,559,0,0
BRDA:2501,559,1,0
BRDA:2502,560,0,0
BRDA:2502,560,1,0
BRDA:2502,561,0,0
BRDA:2502,561,1,0
BRDA:2504,562,0,0
BRDA:2504,562,1,0
BRDA:2509,563,0,0
BRDA:2509,563,1,0
BRDA:2514,564,0,0
BRDA:2514,564,1,0
BRDA:2520,565,0,0
BRDA:2520,565,1,0
BRDA:2520,566,0,0
BRDA:2520,566,1,0
BRDA:2521,567,0,0
BRDA:2521,567,1,0
BRDA:2521,568,0,0
BRDA:2521,568,1,0
BRDA:2522,569,0,0
BRDA:2522,569,1,0
BRDA:2522,570,0,0
BRDA:2522,570,1,0
BRDA:2523,571,0,0
BRDA:2523,571,1,0
BRDA:2523,572,0,0
BRDA:2523,572,1,0
BRDA:2525,573,0,0
BRDA:2525,573,1,0
BRDA:2530,574,0,0
BRDA:2530,574,1,0
BRDA:2535,575,0,0
BRDA:2535,575,1,0
BRDA:2554,576,0,0
BRDA:2554,576,1,0
BRDA:2554,576,2,0
BRDA:2554,576,3,0
BRDA:2554,576,4,0
BRDA:2554,576,5,0
BRDA:2554,576,6,0
BRDA:2554,576,7,0
BRDA:2554,576,8,0
BRDA:2554,576,9,0
BRDA:2554,576,10,0
BRDA:2554,576,11,0
BRDA:2556,577,0,0
BRDA:2556,577,1,0
BRDA:2556,578,0,0
BRDA:2556,578,1,0
BRDA:2557,579,0,0
BRDA:2557,579,1,0
BRDA:2557,580,0,0
BRDA:2557,580,1,0
BRDA:2558,581,0,0
BRDA:2558,581,1,0
BRDA:2558,582,0,0
BRDA:2558,582,1,0
BRDA:2559,583,0,0
BRDA:2559,583,1,0
BRDA:2559,584,0,0
BRDA:2559,584,1,0
BRDA:2560,585,0,0
BRDA:2560,585,1,0
BRDA:2560,586,0,0
BRDA:2560,586,1,0
BRDA:2562,587,0,0
BRDA:2562,587,1,0
BRDA:2567,588,0,0
BRDA:2567,588,1,0
BRDA:2572,589,0,0
BRDA:2572,589,1,0
BRDA:2577,590,0,0
BRDA:2577,590,1,0
BRDA:2582,591,0,0
BRDA:2582,591,1,0
BRDA:2590,592,0,0
BRDA:2590,592,1,0
BRDA:2598,593,0,0
BRDA:2598,593,1,0
BRDA:2628,594,0,0
BRDA:2628,594,1,0
BRDA:2636,595,0,0
BRDA:2636,595,1,0
BRDA:2636,596,0,0
BRDA:2636,596,1,0
BRDA:2636,596,2,0
BRDA:2636,596,3,0
BRDA:2644,597,0,0
BRDA:2644,597,1,0
BRDA:2644,598,0,0
BRDA:2644,598,1,0
BRDA:2681,599,0,0
BRDA:2681,599,1,0
BRDA:2681,600,0,0
BRDA:2681,600,1,0
BRDA:2682,601,0,0
BRDA:2682,601,1,0
BRDA:2682,602,0,0
BRDA:2682,602,1,0
BRDA:2684,603,0,0
BRDA:2684,603,1,0
BRDA:2689,604,0,0
BRDA:2689,604,1,0
BRDA:2690,605,0,0
BRDA:2690,605,1,0
BRDA:2703,606,0,0
BRDA:2703,606,1,0
BRDA:2703,607,0,0
BRDA:2703,607,1,0
BRDA:2704,608,0,0
BRDA:2704,608,1,0
BRDA:2704,609,0,0
BRDA:2704,609,1,0
BRDA:2706,610,0,0
BRDA:2706,610,1,0
BRDA:2711,611,0,0
BRDA:2711,611,1,0
BRDA:2714,612,0,0
BRDA:2714,612,1,0
BRDA:2723,613,0,0
BRDA:2723,613,1,0
BRDA:2723,614,0,0
BRDA:2723,614,1,0
BRDA:2724,615,0,0
BRDA:2724,615,1,0
BRDA:2724,616,0,0
BRDA:2724,616,1,0
BRDA:2726,617,0,0
BRDA:2726,617,1,0
BRDA:2731,618,0,0
BRDA:2731,618,1,0
BRDA:2732,619,0,0
BRDA:2732,619,1,0
BRDA:2738,620,0,0
BRDA:2738,620,1,0
BRDA:2740,621,0,0
BRDA:2740,621,1,0
BRDA:2742,622,0,0
BRDA:2742,622,1,0
BRDA:2744,623,0,0
BRDA:2744,623,1,0
BRDA:2755,624,0,0
BRDA:2755,624,1,0
BRDA:2755,625,0,0
BRDA:2755,625,1,0
BRDA:2756,626,0,0
BRDA:2756,626,1,0
BRDA:2756,627,0,0
BRDA:2756,627,1,0
BRDA:2758,628,0,0
BRDA:2758,628,1,0
BRDA:2763,629,0,0
BRDA:2763,629,1,0
BRDA:2764,630,0,0
BRDA:2764,630,1,0
BRDA:2770,631,0,0
BRDA:2770,631,1,0
BRDA:2771,632,0,0
BRDA:2771,632,1,0
BRDA:2787,633,0,0
BRDA:2787,633,1,0
BRDA:2787,634,0,0
BRDA:2787,634,1,0
BRDA:2788,635,0,0
BRDA:2788,635,1,0
BRDA:2788,636,0,0
BRDA:2788,636,1,0
BRDA:2789,637,0,0
BRDA:2789,637,1,0
BRDA:2790,638,0,0
BRDA:2790,638,1,0
BRDA:2790,639,0,0
BRDA:2790,639,1,0
BRDA:2794,640,0,0
BRDA:2794,640,1,0
BRDA:2805,641,0,0
BRDA:2805,641,1,0
BRDA:2805,642,0,0
BRDA:2805,642,1,0
BRDA:2806,643,0,0
BRDA:2806,643,1,0
BRDA:2809,644,0,0
BRDA:2809,644,1,0
BRDA:2823,645,0,0
BRDA:2823,645,1,0
BRDA:2823,646,0,0
BRDA:2823,646,1,0
BRDA:2824,647,0,0
BRDA:2824,647,1,0
BRDA:2824,648,0,0
BRDA:2824,648,1,0
BRDA:2825,649,0,0
BRDA:2825,649,1,0
BRDA:2825,650,0,0
BRDA:2825,650,1,0
BRDA:2827,651,0,0
BRDA:2827,651,1,0
BRDA:2832,652,0,0
BRDA:2832,652,1,0
BRDA:2837,653,0,0
BRDA:2837,653,1,0
BRDA:2838,654,0,0
BRDA:2838,654,1,0
BRDA:2838,655,0,0
BRDA:2838,655,1,0
BRDA:2839,656,0,0
BRDA:2839,656,1,0
BRDA:2839,657,0,0
BRDA:2839,657,1,0
BRDA:2845,658,0,0
BRDA:2845,658,1,0
BRDA:2854,659,0,0
BRDA:2854,659,1,0
BRDA:2854,660,0,0
BRDA:2854,660,1,0
BRDA:2855,661,0,0
BRDA:2855,661,1,0
BRDA:2858,662,0,0
BRDA:2858,662,1,0
BRDA:2869,663,0,0
BRDA:2869,663,1,0
BRDA:2869,664,0,0
BRDA:2869,664,1,0
BRDA:2870,665,0,0
BRDA:2870,665,1,0
BRDA:2870,666,0,0
BRDA:2870,666,1,0
BRDA:2871,667,0,0
BRDA:2871,667,1,0
BRDA:2871,668,0,0
BRDA:2871,668,1,0
BRDA:2873,669,0,0
BRDA:2873,669,1,0
BRDA:2878,670,0,0
BRDA:2878,670,1,0
BRDA:2883,671,0,0
BRDA:2883,671,1,0
BRDA:2884,672,0,0
BRDA:2884,672,1,0
BRDA:2884,673,0,0
BRDA:2884,673,1,0
BRDA:2884,673,2,0
BRDA:2884,673,3,0
BRDA:2885,674,0,0
BRDA:2885,674,1,0
BRDA:2885,675,0,0
BRDA:2885,675,1,0
BRDA:2887,676,0,0
BRDA:2887,676,1,0
BRDA:2890,677,0,0
BRDA:2890,677,1,0
BRDA:2904,678,0,0
BRDA:2904,678,1,0
BRDA:2915,679,0,0
BRDA:2915,679,1,0
BRDA:2915,680,0,0
BRDA:2915,680,1,0
BRDA:2916,681,0,0
BRDA:2916,681,1,0
BRDA:2919,682,0,0
BRDA:2919,682,1,0
BRDA:2920,683,0,0
BRDA:2920,683,1,0
BRDA:2929,684,0,0
BRDA:2929,684,1,0
BRDA:2929,685,0,0
BRDA:2929,685,1,0
BRDA:2930,686,0,0
BRDA:2930,686,1,0
BRDA:2931,687,0,0
BRDA:2931,687,1,0
BRDA:2936,688,0,0
BRDA:2936,688,1,0
BRDA:2945,689,0,0
BRDA:2945,689,1,0
BRDA:2945,690,0,0
BRDA:2945,690,1,0
BRDA:2946,691,0,0
BRDA:2946,691,1,0
BRDA:2946,692,0,0
BRDA:2946,692,1,0
BRDA:2947,693,0,0
BRDA:2947,693,1,0
BRDA:2947,694,0,0
BRDA:2947,694,1,0
BRDA:2949,695,0,0
BRDA:2949,695,1,0
BRDA:2954,696,0,0
BRDA:2954,696,1,0
BRDA:2955,697,0,0
BRDA:2955,697,1,0
BRDA:2956,698,0,0
BRDA:2956,698,1,0
BRDA:2960,699,0,0
BRDA:2960,699,1,0
BRDA:2969,700,0,0
BRDA:2969,700,1,0
BRDA:2969,701,0,0
BRDA:2969,701,1,0
BRDA:2970,702,0,0
BRDA:2970,702,1,0
BRDA:2970,703,0,0
BRDA:2970,703,1,0
BRDA:2971,704,0,0
BRDA:2971,704,1,0
BRDA:2972,705,0,0
BRDA:2972,705,1,0
BRDA:2973,706,0,0
BRDA:2973,706,1,0
BRDA:2973,707,0,0
BRDA:2973,707,1,0
BRDA:2997,708,0,0
BRDA:2997,708,1,0
BRDA:2997,708,2,0
BRDA:2997,708,3,0
BRDA:2997,708,4,0
BRDA:2997,708,5,0
BRDA:2997,708,6,0
BRDA:2997,708,7,0
BRDA:2997,708,8,0
BRDA:2997,708,9,0
BRDA:2999,709,0,0
BRDA:2999,709,1,0
BRDA:2999,710,0,0
BRDA:2999,710,1,0
BRDA:3000,711,0,0
BRDA:3000,711,1,0
BRDA:3000,712,0,0
BRDA:3000,712,1,0
BRDA:3001,713,0,0
BRDA:3001,713,1,0
BRDA:3001,714,0,0
BRDA:3001,714,1,0
BRDA:3002,715,0,0
BRDA:3002,715,1,0
BRDA:3002,716,0,0
BRDA:3002,716,1,0
BRDA:3004,717,0,0
BRDA:3004,717,1,0
BRDA:3009,718,0,0
BRDA:3009,718,1,0
BRDA:3017,719,0,0
BRDA:3017,719,1,0
BRDA:3025,720,0,0
BRDA:3025,720,1,0
BRDA:3025,721,0,0
BRDA:3025,721,1,0
BRDA:3087,722,0,0
BRDA:3087,722,1,0
BRDA:3087,722,2,0
BRDA:3087,722,3,0
BRDA:3087,722,4,0
BRDA:3087,722,5,0
BRDA:3087,722,6,0
BRDA:3087,722,7,0
BRDA:3087,722,8,0
BRDA:3087,722,9,0
BRDA:3087,722,10,0
BRDA:3089,723,0,0
BRDA:3089,723,1,0
BRDA:3089,724,0,0
BRDA:3089,724,1,0
BRDA:3090,725,0,0
BRDA:3090,725,1,0
BRDA:3090,726,0,0
BRDA:3090,726,1,0
BRDA:3091,727,0,0
BRDA:3091,727,1,0
BRDA:3091,728,0,0
BRDA:3091,728,1,0
BRDA:3092,729,0,0
BRDA:3092,729,1,0
BRDA:3092,730,0,0
BRDA:3092,730,1,0
BRDA:3093,731,0,0
BRDA:3093,731,1,0
BRDA:3093,732,0,0
BRDA:3093,732,1,0
BRDA:3095,733,0,0
BRDA:3095,733,1,0
BRDA:3100,734,0,0
BRDA:3100,734,1,0
BRDA:3108,735,0,0
BRDA:3108,735,1,0
BRDA:3116,736,0,0
BRDA:3116,736,1,0
BRDA:3116,737,0,0
BRDA:3116,737,1,0
BRDA:3124,738,0,0
BRDA:3124,738,1,0
BRDA:3279,739,0,0
BRDA:3279,739,1,1
BRDA:3280,740,0,0
BRDA:3280,740,1,1
BRDA:3281,741,0,0
BRDA:3281,741,1,1
BRDA:3308,742,0,0
BRDA:3308,742,1,40
BRDA:3333,743,0,40
BRDA:3333,743,1,0
BRDA:3342,744,0,0
BRDA:3342,744,1,70
BRDA:3349,745,0,0
BRDA:3349,745,1,2380
BRDA:3370,746,0,70
BRDA:3370,746,1,0
BRDA:3416,747,0,0
BRDA:3416,747,1,0
BRDA:3416,748,0,0
BRDA:3416,748,1,0
BRDA:3442,749,0,0
BRDA:3442,749,1,0
BRDA:3442,750,0,0
BRDA:3442,750,1,0
BRDA:3470,751,0,0
BRDA:3470,751,1,0
BRDA:3471,752,0,0
BRDA:3471,752,1,0
BRDA:3498,753,0,0
BRDA:3498,753,1,0
BRDA:3499,754,0,0
BRDA:3499,754,1,0
BRDA:3526,755,0,0
BRDA:3526,755,1,0
BRDA:3528,756,0,0
BRDA:3528,756,1,0
BRDA:3528,757,0,0
BRDA:3528,757,1,0
BRDA:3549,758,0,0
BRDA:3549,758,1,0
BRDA:3552,759,0,0
BRDA:3552,759,1,0
BRDA:3552,760,0,0
BRDA:3552,760,1,0
BRDA:3597,761,0,0
BRDA:3597,761,1,0
BRDA:3604,762,0,0
BRDA:3604,762,1,0
BRDA:3604,763,0,0
BRDA:3604,763,1,0
BRDA:3683,764,0,0
BRDA:3683,764,1,0
BRDA:3687,765,0,0
BRDA:3687,765,1,0
BRDA:3701,766,0,0
BRDA:3701,766,1,0
BRDA:3701,767,0,0
BRDA:3701,767,1,0
BRDA:3706,768,0,0
BRDA:3706,768,1,0
BRDA:3706,769,0,0
BRDA:3706,769,1,0
BRDA:3710,770,0,0
BRDA:3710,770,1,0
BRDA:3710,771,0,0
BRDA:3710,771,1,0
BRDA:3719,772,0,0
BRDA:3719,772,1,0
BRDA:3726,773,0,0
BRDA:3726,773,1,0
BRDA:3726,774,0,0
BRDA:3726,774,1,0
BRDA:3755,775,0,0
BRDA:3755,775,1,22745
BRDA:3755,776,0,22745
BRDA:3755,776,1,9220
BRDA:3755,777,0,9220
BRDA:3755,777,1,13525
BRDA:3755,778,0,22745
BRDA:3755,778,1,9220
BRDA:3755,779,0,13525
BRDA:3755,779,1,0
BRDA:3755,780,0,13525
BRDA:3755,780,1,13525
BRDA:3759,781,0,22745
BRDA:3759,781,1,3
BRDA:3759,782,0,22748
BRDA:3759,782,1,9223
BRDA:3759,782,2,22748
BRDA:3759,782,3,9223
BRDA:3759,782,4,13528
BRDA:3759,782,5,13528
BRDA:3774,783,0,22745
BRDA:3774,783,1,3
BRDA:3779,784,0,11372
BRDA:3779,784,1,11373
BRDA:3818,785,0,0
BRDA:3818,785,1,0
BRDA:3829,786,0,0
BRDA:3829,786,1,0
BRDA:3829,787,0,0
BRDA:3829,787,1,0
BRDA:3837,788,0,0
BRDA:3837,788,1,0
BRDA:3838,789,0,0
BRDA:3838,789,1,0
BRDA:3839,790,0,0
BRDA:3839,790,1,0
BRDA:3839,791,0,0
BRDA:3839,791,1,0
BRDA:3842,792,0,0
BRDA:3842,792,1,0
BRDA:3845,793,0,0
BRDA:3845,793,1,0
BRDA:3849,794,0,0
BRDA:3849,794,1,0
BRDA:3853,795,0,0
BRDA:3853,795,1,0
BRDA:3856,796,0,0
BRDA:3856,796,1,0
BRDA:3860,797,0,0
BRDA:3860,797,1,0
BRDA:3929,798,0,0
BRDA:3929,798,1,34
BRDA:3930,799,0,0
BRDA:3930,799,1,34
BRDA:3932,800,0,0
BRDA:3932,800,1,34
BRDA:3941,801,0,34
BRDA:3941,801,1,0
BRDA:3941,802,0,34
BRDA:3941,802,1,34
BRDA:3941,802,2,34
BRDA:3941,802,3,34
BRDA:3948,803,0,0
BRDA:3948,803,1,0
BRDA:3958,804,0,0
BRDA:3958,804,1,0
BRDA:3982,805,0,36
BRDA:3982,805,1,0
BRDA:3993,806,0,0
BRDA:3993,806,1,0
BRDA:3998,807,0,0
BRDA:3998,807,1,0
BRDA:3998,808,0,0
BRDA:3998,808,1,0
BRDA:3998,808,2,0
BRDA:3998,808,3,0
BRDA:4005,809,0,0
BRDA:4005,809,1,36
BRDA:4006,810,0,0
BRDA:4006,810,1,36
BRDA:4008,811,0,0
BRDA:4008,811,1,36
BRDA:4009,812,0,0
BRDA:4009,812,1,36
BRDA:4016,813,0,36
BRDA:4016,813,1,0
BRDA:4016,814,0,36
BRDA:4016,814,1,36
BRDA:4016,814,2,36
BRDA:4016,814,3,36
BRDA:4145,815,0,79
BRDA:4145,815,1,79
BRDA:4161,816,0,0
BRDA:4161,816,1,0
BRDA:4161,816,2,0
BRDA:4161,816,3,0
BRDA:4164,817,0,194
BRDA:4164,817,1,84
BRDA:4164,817,2,83
BRDA:4164,817,3,83
BRDA:4170,818,0,72
BRDA:4170,818,1,72
BRDA:4185,819,0,0
BRDA:4185,819,1,0
BRDA:4196,820,0,0
BRDA:4196,820,1,0
BRDA:4223,821,0,0
BRDA:4223,821,1,0
BRDA:4228,822,0,0
BRDA:4228,822,1,0
BRF:1770
BRH:159
end_of_record
